{ "timestamp":"2016-09-20T19:56:50Z", "event":"Fileheader", "part":1, "language":"English\\UK", "gameversion":"2.2 (Beta 2)", "build":"r121783/r0 " }
{ "timestamp":"2016-09-20T19:57:31Z", "event":"LoadGame", "Commander":"Jonuss", "Ship":"Anaconda", "ShipID":61, "GameMode":"Open", "Credits":379323819, "Loan":0 }
{ "timestamp":"2016-09-20T19:57:31Z", "event":"Rank", "Combat":4, "Trade":7, "Explore":6, "Empire":3, "Federation":5, "CQC":0 }
{ "timestamp":"2016-09-20T19:57:31Z", "event":"Progress", "Combat":23, "Trade":63, "Explore":86, "Empire":100, "Federation":18, "CQC":0 }
{ "timestamp":"2016-09-20T19:57:57Z", "event":"Location", "StarSystem":"Ruchbah", "StarPos":[-78.781,-3.563,-60.563], "Allegiance":"Federation", "Economy":"$economy_HighTech;", "Economy_Localised":"High tech", "Government":"$government_Democracy;", "Government_Localised":"Democracy", "Security":"$SYSTEM_SECURITY_medium;", "Security_Localised":"Medium Security", "Faction":"Ruchbah Progressive Party" }
{ "timestamp":"2016-09-20T19:58:46Z", "event":"SupercruiseEntry", "StarSystem":"Ruchbah" }
{ "timestamp":"2016-09-20T19:59:54Z", "event":"FSDJump", "StarSystem":"Qama", "StarPos":[-86.313,-16.969,-34.875], "Allegiance":"Federation", "Economy":"$economy_HighTech;", "Economy_Localised":"High tech", "Government":"$government_Corporate;", "Government_Localised":"Corporate", "Security":"$SYSTEM_SECURITY_medium;", "Security_Localised":"Medium Security", "JumpDist":29.938, "FuelUsed":3.008188, "FuelLevel":28.162516, "Faction":"Qama Legal Ltd", "FactionState":"Boom" }
{ "timestamp":"2016-09-20T20:03:00Z", "event":"SupercruiseExit", "StarSystem":"Qama", "Body":"Thurston Ring" }
{ "timestamp":"2016-09-20T20:03:18Z", "event":"DockingRequested", "StationName":"Thurston Ring" }
{ "timestamp":"2016-09-20T20:03:19Z", "event":"DockingGranted", "LandingPad":40, "StationName":"Thurston Ring" }
{ "timestamp":"2016-09-20T20:03:43Z", "event":"ShieldState", "ShieldsUp":false }
{ "timestamp":"2016-09-20T20:04:57Z", "event":"ShieldState", "ShieldsUp":true }
{ "timestamp":"2016-09-20T20:04:58Z", "event":"Docked", "StationName":"Thurston Ring", "StationType":"Coriolis", "StarSystem":"Qama", "Faction":"Qama Legal Ltd", "FactionState":"Boom", "Allegiance":"Federation", "Economy":"$economy_HighTech;", "Economy_Localised":"High tech", "Government":"$government_Corporate;", "Government_Localised":"Corporate", "Security":"$SYSTEM_SECURITY_medium;", "Security_Localised":"Medium Security" }
{ "timestamp":"2016-09-20T20:05:06Z", "event":"RepairAll", "Cost":6132 }
{ "timestamp":"2016-09-20T20:05:07Z", "event":"RefuelAll", "Cost":1809, "Amount":36.169273 }
{ "timestamp":"2016-09-20T20:05:24Z", "event":"ShipyardBuy", "ShipType":"federation_corvette", "ShipPrice":15977404, "StoreOldShip":"Anaconda", "StoreShipID":61 }
{ "timestamp":"2016-09-20T20:05:25Z", "event":"ShipyardNew", "ShipType":"federation_corvette", "NewShipID":121 }
{ "timestamp":"2016-09-20T20:05:35Z", "event":"Docked", "StationName":"Thurston Ring", "StationType":"Coriolis", "StarSystem":"Qama", "Faction":"Qama Legal Ltd", "FactionState":"Boom", "Allegiance":"Federation", "Economy":"$economy_HighTech;", "Economy_Localised":"High tech", "Government":"$government_Corporate;", "Government_Localised":"Corporate", "Security":"$SYSTEM_SECURITY_medium;", "Security_Localised":"Medium Security" }
{ "timestamp":"2016-09-20T20:06:35Z", "event":"ModuleBuy", "Slot":"Decal1", "BuyItem":"$decal_trade_tycoon_name;", "BuyItem_Localised":"Trade Tycoon", "BuyPrice":0, "Ship":"federation_corvette", "ShipID":121 }
{ "timestamp":"2016-09-20T20:06:52Z", "event":"ModuleBuy", "Slot":"HugeHardpoint1", "BuyItem":"$hpt_multicannon_gimbal_huge_name;", "BuyItem_Localised":"Multi-Cannon", "BuyPrice":542096, "Ship":"federation_corvette", "ShipID":121 }
{ "timestamp":"2016-09-20T20:07:06Z", "event":"ModuleBuy", "Slot":"HugeHardpoint2", "BuyItem":"$hpt_multicannon_gimbal_huge_name;", "BuyItem_Localised":"Multi-Cannon", "BuyPrice":542096, "Ship":"federation_corvette", "ShipID":121 }
{ "timestamp":"2016-09-20T20:07:12Z", "event":"ModuleBuy", "Slot":"LargeHardpoint1", "BuyItem":"$hpt_multicannon_gimbal_large_name;", "BuyItem_Localised":"Multi-Cannon", "BuyPrice":49168, "Ship":"federation_corvette", "ShipID":121 }
{ "timestamp":"2016-09-20T20:07:20Z", "event":"ModuleBuy", "Slot":"MediumHardpoint1", "SellItem":"$hpt_pulselaser_fixed_small_name;", "SellItem_Localised":"Pulse Laser", "SellPrice":187, "BuyItem":"$hpt_multicannon_gimbal_medium_name;", "BuyItem_Localised":"Multi-Cannon", "BuyPrice":4845, "Ship":"federation_corvette", "ShipID":121 }
{ "timestamp":"2016-09-20T20:07:32Z", "event":"ModuleBuy", "Slot":"MediumHardpoint2", "SellItem":"$hpt_pulselaser_fixed_small_name;", "SellItem_Localised":"Pulse Laser", "SellPrice":187, "BuyItem":"$hpt_multicannon_gimbal_medium_name;", "BuyItem_Localised":"Multi-Cannon", "BuyPrice":4845, "Ship":"federation_corvette", "ShipID":121 }
{ "timestamp":"2016-09-20T20:07:49Z", "event":"ModuleBuy", "Slot":"SmallHardpoint2", "BuyItem":"$hpt_multicannon_gimbal_small_name;", "BuyItem_Localised":"Multi-Cannon", "BuyPrice":1212, "Ship":"federation_corvette", "ShipID":121 }
{ "timestamp":"2016-09-20T20:07:58Z", "event":"ModuleBuy", "Slot":"SmallHardpoint1", "BuyItem":"$hpt_multicannon_gimbal_small_name;", "BuyItem_Localised":"Multi-Cannon", "BuyPrice":1212, "Ship":"federation_corvette", "ShipID":121 }
{ "timestamp":"2016-09-20T20:08:08Z", "event":"ModuleBuy", "Slot":"PowerPlant", "SellItem":"$int_powerplant_size8_class1_name;", "SellItem_Localised":"Power Plant", "SellPrice":170615, "BuyItem":"$int_powerplant_size8_class4_name;", "BuyItem_Localised":"Power Plant", "BuyPrice":4606618, "Ship":"federation_corvette", "ShipID":121 }
{ "timestamp":"2016-09-20T20:08:11Z", "event":"HeatWarning" }
{ "timestamp":"2016-09-20T20:09:12Z", "event":"LoadGame", "Commander":"Jonuss", "Ship":"Federation_Corvette", "ShipID":121, "GameMode":"Open", "Credits":362193374, "Loan":0 }
{ "timestamp":"2016-09-20T20:09:12Z", "event":"Rank", "Combat":4, "Trade":7, "Explore":6, "Empire":3, "Federation":5, "CQC":0 }
{ "timestamp":"2016-09-20T20:09:12Z", "event":"Progress", "Combat":23, "Trade":63, "Explore":86, "Empire":100, "Federation":18, "CQC":0 }
{ "timestamp":"2016-09-20T20:09:33Z", "event":"Location", "Docked":1, "StationName":"Thurston Ring", "StationType":"Coriolis", "StarSystem":"Qama", "StarPos":[-86.313,-16.969,-34.875], "Allegiance":"Federation", "Economy":"$economy_HighTech;", "Economy_Localised":"High tech", "Government":"$government_Corporate;", "Government_Localised":"Corporate", "Security":"$SYSTEM_SECURITY_medium;", "Security_Localised":"Medium Security", "Faction":"Qama Legal Ltd", "FactionState":"Boom" }
{ "timestamp":"2016-09-20T20:09:33Z", "event":"Docked", "StationName":"Thurston Ring", "StationType":"Coriolis", "StarSystem":"Qama", "Faction":"Qama Legal Ltd", "FactionState":"Boom", "Allegiance":"Federation", "Economy":"$economy_HighTech;", "Economy_Localised":"High tech", "Government":"$government_Corporate;", "Government_Localised":"Corporate", "Security":"$SYSTEM_SECURITY_medium;", "Security_Localised":"Medium Security" }
{ "timestamp":"2016-09-20T20:10:32Z", "event":"ModuleBuy", "Slot":"MainEngines", "SellItem":"$int_engine_size7_class1_name;", "SellItem_Localised":"Thrusters", "SellPrice":53822, "BuyItem":"$int_engine_size7_class5_name;", "BuyItem_Localised":"Thrusters", "BuyPrice":4359575, "Ship":"federation_corvette", "ShipID":121 }
{ "timestamp":"2016-09-20T20:11:02Z", "event":"ModuleBuy", "Slot":"FrameShiftDrive", "SellItem":"$int_hyperdrive_size6_class1_name;", "SellItem_Localised":"FSD", "SellPrice":16978, "BuyItem":"$int_hyperdrive_size6_class5_name;", "BuyItem_Localised":"FSD", "BuyPrice":1375261, "Ship":"federation_corvette", "ShipID":121 }
{ "timestamp":"2016-09-20T20:11:10Z", "event":"ModuleBuy", "Slot":"LifeSupport", "SellItem":"$int_lifesupport_size5_class1_name;", "SellItem_Localised":"Life Support", "SellPrice":2701, "BuyItem":"$int_lifesupport_size5_class4_name;", "BuyItem_Localised":"Life Support", "BuyPrice":42206, "Ship":"federation_corvette", "ShipID":121 }
{ "timestamp":"2016-09-20T20:11:16Z", "event":"ModuleBuy", "Slot":"PowerDistributor", "SellItem":"$int_powerdistributor_size8_class1_name;", "SellItem_Localised":"Power Distributor", "SellPrice":59294, "BuyItem":"$int_powerdistributor_size8_class4_name;", "BuyItem_Localised":"Power Distributor", "BuyPrice":926480, "Ship":"federation_corvette", "ShipID":121 }
{ "timestamp":"2016-09-20T20:11:23Z", "event":"ModuleBuy", "Slot":"Radar", "SellItem":"$int_sensors_size8_class1_name;", "SellItem_Localised":"Sensors", "SellPrice":59294, "BuyItem":"$int_sensors_size8_class4_name;", "BuyItem_Localised":"Sensors", "BuyPrice":926480, "Ship":"federation_corvette", "ShipID":121 }
{ "timestamp":"2016-09-20T20:11:37Z", "event":"ModuleBuy", "Slot":"Slot01_Size7", "SellItem":"$int_shieldgenerator_size7_class1_name;", "SellItem_Localised":"Shield Generator", "SellPrice":53822, "BuyItem":"$int_shieldgenerator_size7_class5_name;", "BuyItem_Localised":"Shield Generator", "BuyPrice":4359575, "Ship":"federation_corvette", "ShipID":121 }
{ "timestamp":"2016-09-20T20:11:47Z", "event":"ModuleBuy", "Slot":"Slot02_Size7", "SellItem":"$int_cargorack_size6_class1_name;", "SellItem_Localised":"Cargo Rack", "SellPrice":30820, "BuyItem":"$int_fighterbay_size7_class1_name;", "BuyItem_Localised":"Fighter Hangar", "BuyPrice":201393, "Ship":"federation_corvette", "ShipID":121 }
{ "timestamp":"2016-09-20T20:13:20Z", "event":"ShipyardSwap", "ShipType":"anaconda", "ShipID":61, "StoreOldShip":"Federation_Corvette", "StoreShipID":121 }
{ "timestamp":"2016-09-20T20:13:26Z", "event":"Docked", "StationName":"Thurston Ring", "StationType":"Coriolis", "StarSystem":"Qama", "Faction":"Qama Legal Ltd", "FactionState":"Boom", "Allegiance":"Federation", "Economy":"$economy_HighTech;", "Economy_Localised":"High tech", "Government":"$government_Corporate;", "Government_Localised":"Corporate", "Security":"$SYSTEM_SECURITY_medium;", "Security_Localised":"Medium Security" }
{ "timestamp":"2016-09-20T20:13:52Z", "event":"Undocked", "StationName":"Thurston Ring", "StationType":"Coriolis" }
{ "timestamp":"2016-09-20T20:19:39Z", "event":"FSDJump", "StarSystem":"LHS 3923", "StarPos":[-52.813,-20.906,-12.500], "Allegiance":"Federation", "Economy":"$economy_Industrial;", "Economy_Localised":"Industrial", "Government":"$government_Democracy;", "Government_Localised":"Democracy", "Security":"$SYSTEM_SECURITY_high;", "Security_Localised":"High Security", "JumpDist":40.477, "FuelUsed":7.357665, "FuelLevel":56.642334, "Faction":"Liberals of LHS 3923" }
{ "timestamp":"2016-09-20T20:21:02Z", "event":"FSDJump", "StarSystem":"V374 Pegasi", "StarPos":[-26.906,-10.563,2.906], "Allegiance":"Federation", "Economy":"$economy_HighTech;", "Economy_Localised":"High tech", "Government":"$government_Corporate;", "Government_Localised":"Corporate", "Security":"$SYSTEM_SECURITY_medium;", "Security_Localised":"Medium Security", "JumpDist":31.867, "FuelUsed":3.855790, "FuelLevel":52.786545, "Faction":"Hyroks Blue Energy Corporation" }
{ "timestamp":"2016-09-20T20:22:37Z", "event":"SupercruiseExit", "StarSystem":"V374 Pegasi", "Body":"MacKellar Hub" }
{ "timestamp":"2016-09-20T20:22:46Z", "event":"DockingDenied", "Reason":"Distance", "StationName":"MacKellar Hub" }
{ "timestamp":"2016-09-20T20:22:49Z", "event":"DockingRequested", "StationName":"MacKellar Hub" }
{ "timestamp":"2016-09-20T20:22:50Z", "event":"DockingGranted", "LandingPad":40, "StationName":"MacKellar Hub" }
{ "timestamp":"2016-09-20T20:23:22Z", "event":"ShieldState", "ShieldsUp":false }
{ "timestamp":"2016-09-20T20:23:58Z", "event":"Docked", "StationName":"MacKellar Hub", "StationType":"Coriolis", "StarSystem":"V374 Pegasi", "Faction":"Hyroks Blue Energy Corporation", "Allegiance":"Federation", "Economy":"$economy_HighTech;", "Economy_Localised":"High tech", "Government":"$government_Corporate;", "Government_Localised":"Corporate", "Security":"$SYSTEM_SECURITY_medium;", "Security_Localised":"Medium Security" }
{ "timestamp":"2016-09-20T20:24:02Z", "event":"ShieldState", "ShieldsUp":true }
{ "timestamp":"2016-09-20T20:24:05Z", "event":"RepairAll", "Cost":3202 }
{ "timestamp":"2016-09-20T20:24:06Z", "event":"RefuelAll", "Cost":572, "Amount":11.420657 }
{ "timestamp":"2016-09-20T20:24:28Z", "event":"ShipyardBuy", "ShipType":"cutter", "ShipPrice":18807250, "StoreOldShip":"Anaconda", "StoreShipID":61 }
{ "timestamp":"2016-09-20T20:24:29Z", "event":"ShipyardNew", "ShipType":"cutter", "NewShipID":124 }
{ "timestamp":"2016-09-20T20:25:30Z", "event":"LoadGame", "Commander":"Jonuss", "Ship":"Cutter", "ShipID":124, "GameMode":"Open", "Credits":331465515, "Loan":0 }
{ "timestamp":"2016-09-20T20:25:30Z", "event":"Rank", "Combat":4, "Trade":7, "Explore":6, "Empire":3, "Federation":5, "CQC":0 }
{ "timestamp":"2016-09-20T20:25:30Z", "event":"Progress", "Combat":23, "Trade":63, "Explore":86, "Empire":100, "Federation":18, "CQC":0 }
{ "timestamp":"2016-09-20T20:25:53Z", "event":"Location", "Docked":1, "StationName":"MacKellar Hub", "StationType":"Coriolis", "StarSystem":"V374 Pegasi", "StarPos":[-26.906,-10.563,2.906], "Allegiance":"Federation", "Economy":"$economy_HighTech;", "Economy_Localised":"High tech", "Government":"$government_Corporate;", "Government_Localised":"Corporate", "Security":"$SYSTEM_SECURITY_medium;", "Security_Localised":"Medium Security", "Faction":"Hyroks Blue Energy Corporation" }
{ "timestamp":"2016-09-20T20:25:53Z", "event":"Docked", "StationName":"MacKellar Hub", "StationType":"Coriolis", "StarSystem":"V374 Pegasi", "Faction":"Hyroks Blue Energy Corporation", "Allegiance":"Federation", "Economy":"$economy_HighTech;", "Economy_Localised":"High tech", "Government":"$government_Corporate;", "Government_Localised":"Corporate", "Security":"$SYSTEM_SECURITY_medium;", "Security_Localised":"Medium Security" }
{ "timestamp":"2016-09-20T20:26:37Z", "event":"ModuleSell", "Slot":"MediumHardpoint2", "SellItem":"$hpt_pulselaser_fixed_small_name;", "SellItem_Localised":"Pulse Laser", "SellPrice":197, "Ship":"cutter", "ShipID":124 }
{ "timestamp":"2016-09-20T20:26:44Z", "event":"ModuleSell", "Slot":"MediumHardpoint1", "SellItem":"$hpt_pulselaser_fixed_small_name;", "SellItem_Localised":"Pulse Laser", "SellPrice":197, "Ship":"cutter", "ShipID":124 }
{ "timestamp":"2016-09-20T20:27:08Z", "event":"ModuleBuy", "Slot":"FrameShiftDrive", "SellItem":"$int_hyperdrive_size7_class1_name;", "SellItem_Localised":"FSD", "SellPrice":56987, "BuyItem":"$int_hyperdrive_size7_class5_name;", "BuyItem_Localised":"FSD", "BuyPrice":5128911, "Ship":"cutter", "ShipID":124 }
{ "timestamp":"2016-09-20T20:27:21Z", "event":"ModuleBuy", "Slot":"MainEngines", "SellItem":"$int_engine_size8_class1_name;", "SellItem_Localised":"Thrusters", "SellPrice":180651, "BuyItem":"$int_engine_size8_class4_name;", "BuyItem_Localised":"Thrusters", "BuyPrice":5419550, "Ship":"cutter", "ShipID":124 }
{ "timestamp":"2016-09-20T20:27:26Z", "event":"ModuleBuy", "Slot":"LifeSupport", "SellItem":"$int_lifesupport_size7_class1_name;", "SellItem_Localised":"Life Support", "SellPrice":22422, "BuyItem":"$int_lifesupport_size7_class2_name;", "BuyItem_Localised":"Life Support", "BuyPrice":62284, "Ship":"cutter", "ShipID":124 }
{ "timestamp":"2016-09-20T20:27:33Z", "event":"ModuleBuy", "Slot":"PowerDistributor", "SellItem":"$int_powerdistributor_size7_class1_name;", "SellItem_Localised":"Power Distributor", "SellPrice":22422, "BuyItem":"$int_powerdistributor_size5_class5_name;", "BuyItem_Localised":"Power Distributor", "BuyPrice":124132, "Ship":"cutter", "ShipID":124 }
{ "timestamp":"2016-09-20T20:27:38Z", "event":"ModuleBuy", "Slot":"Radar", "SellItem":"$int_sensors_size7_class1_name;", "SellItem_Localised":"Sensors", "SellPrice":22422, "BuyItem":"$int_sensors_size7_class2_name;", "BuyItem_Localised":"Sensors", "BuyPrice":62284, "Ship":"cutter", "ShipID":124 }
{ "timestamp":"2016-09-20T20:27:52Z", "event":"ModuleBuy", "Slot":"Slot01_Size8", "SellItem":"$int_shieldgenerator_size8_class1_name;", "SellItem_Localised":"Shield Generator", "SellPrice":180651, "BuyItem":"$int_shieldgenerator_size7_class5_name;", "BuyItem_Localised":"Shield Generator", "BuyPrice":5128911, "Ship":"cutter", "ShipID":124 }
{ "timestamp":"2016-09-20T20:28:20Z", "event":"ShipyardBuy", "ShipType":"empire_trader", "ShipPrice":2006627, "StoreOldShip":"Cutter", "StoreShipID":124 }
{ "timestamp":"2016-09-20T20:28:21Z", "event":"ShipyardNew", "ShipType":"empire_trader", "NewShipID":125 }
{ "timestamp":"2016-09-20T20:28:24Z", "event":"Docked", "StationName":"MacKellar Hub", "StationType":"Coriolis", "StarSystem":"V374 Pegasi", "Faction":"Hyroks Blue Energy Corporation", "Allegiance":"Federation", "Economy":"$economy_HighTech;", "Economy_Localised":"High tech", "Government":"$government_Corporate;", "Government_Localised":"Corporate", "Security":"$SYSTEM_SECURITY_medium;", "Security_Localised":"Medium Security" }
{ "timestamp":"2016-09-20T20:28:55Z", "event":"ModuleBuy", "Slot":"PowerPlant", "SellItem":"$int_powerplant_size6_class1_name;", "SellItem_Localised":"Power Plant", "SellPrice":17977, "BuyItem":"$int_powerplant_size5_class5_name;", "BuyItem_Localised":"Power Plant", "BuyPrice":510395, "Ship":"empire_trader", "ShipID":125 }
{ "timestamp":"2016-09-20T20:28:56Z", "event":"ShieldState", "ShieldsUp":false }
{ "timestamp":"2016-09-20T20:29:00Z", "event":"ShieldState", "ShieldsUp":true }
{ "timestamp":"2016-09-20T20:29:01Z", "event":"ModuleBuy", "Slot":"MainEngines", "SellItem":"$int_engine_size6_class1_name;", "SellItem_Localised":"Thrusters", "SellPrice":17977, "BuyItem":"$int_engine_size6_class5_name;", "BuyItem_Localised":"Thrusters", "BuyPrice":1617953, "Ship":"empire_trader", "ShipID":125 }
{ "timestamp":"2016-09-20T20:29:06Z", "event":"ModuleBuy", "Slot":"FrameShiftDrive", "SellItem":"$int_hyperdrive_size5_class1_name;", "SellItem_Localised":"FSD", "SellPrice":5670, "BuyItem":"$int_hyperdrive_size5_class5_name;", "BuyItem_Localised":"FSD", "BuyPrice":510395, "Ship":"empire_trader", "ShipID":125 }
{ "timestamp":"2016-09-20T20:29:10Z", "event":"ModuleBuy", "Slot":"LifeSupport", "SellItem":"$int_lifesupport_size5_class1_name;", "SellItem_Localised":"Life Support", "SellPrice":2860, "BuyItem":"$int_lifesupport_size5_class2_name;", "BuyItem_Localised":"Life Support", "BuyPrice":7944, "Ship":"empire_trader", "ShipID":125 }
{ "timestamp":"2016-09-20T20:29:15Z", "event":"ModuleBuy", "Slot":"PowerDistributor", "SellItem":"$int_powerdistributor_size6_class1_name;", "SellItem_Localised":"Power Distributor", "SellPrice":8008, "BuyItem":"$int_powerdistributor_size6_class4_name;", "BuyItem_Localised":"Power Distributor", "BuyPrice":139028, "Ship":"empire_trader", "ShipID":125 }
{ "timestamp":"2016-09-20T20:29:21Z", "event":"ModuleBuy", "Slot":"Radar", "SellItem":"$int_sensors_size5_class1_name;", "SellItem_Localised":"Sensors", "SellPrice":2860, "BuyItem":"$int_sensors_size5_class2_name;", "BuyItem_Localised":"Sensors", "BuyPrice":7944, "Ship":"empire_trader", "ShipID":125 }
{ "timestamp":"2016-09-20T20:29:33Z", "event":"ShipyardSwap", "ShipType":"anaconda", "ShipID":61, "StoreOldShip":"Empire_Trader", "StoreShipID":125 }
{ "timestamp":"2016-09-20T20:29:49Z", "event":"Docked", "StationName":"MacKellar Hub", "StationType":"Coriolis", "StarSystem":"V374 Pegasi", "Faction":"Hyroks Blue Energy Corporation", "Allegiance":"Federation", "Economy":"$economy_HighTech;", "Economy_Localised":"High tech", "Government":"$government_Corporate;", "Government_Localised":"Corporate", "Security":"$SYSTEM_SECURITY_medium;", "Security_Localised":"Medium Security" }
{ "timestamp":"2016-09-20T20:32:48Z", "event":"Undocked", "StationName":"MacKellar Hub", "StationType":"Coriolis" }
{ "timestamp":"2016-09-20T20:34:45Z", "event":"FSDJump", "StarSystem":"Liaedin", "StarPos":[-32.031,-5.813,38.125], "Allegiance":"Empire", "Economy":"$economy_Extraction;", "Economy_Localised":"Extraction", "Government":"$government_Patronage;", "Government_Localised":"Patronage", "Security":"$SYSTEM_SECURITY_medium;", "Security_Localised":"Medium Security", "JumpDist":35.905, "FuelUsed":5.387748, "FuelLevel":58.612251, "Faction":"The Silver Skulls", "FactionState":"Retreat" }
{ "timestamp":"2016-09-20T20:36:19Z", "event":"FSDJump", "StarSystem":"LHS 3447", "StarPos":[-43.188,-5.281,56.156], "Allegiance":"Federation", "Economy":"$economy_Agri;", "Economy_Localised":"Agriculture", "Government":"$government_Corporate;", "Government_Localised":"Corporate", "Security":"$SYSTEM_SECURITY_high;", "Security_Localised":"High Security", "JumpDist":21.210, "FuelUsed":1.346758, "FuelLevel":57.265491, "Faction":"LHS 3447 Dynamic & Co" }
{ "timestamp":"2016-09-20T20:47:09Z", "event":"SupercruiseExit", "StarSystem":"LHS 3447", "Body":"Dalton Gateway" }
{ "timestamp":"2016-09-20T20:47:32Z", "event":"DockingRequested", "StationName":"Dalton Gateway" }
{ "timestamp":"2016-09-20T20:47:33Z", "event":"DockingGranted", "LandingPad":17, "StationName":"Dalton Gateway" }
{ "timestamp":"2016-09-20T20:47:42Z", "event":"SendText", "To":"local", "Message":"Well that answers my question of \"Can I buy a beluga here" }
{ "timestamp":"2016-09-20T20:48:02Z", "event":"ShieldState", "ShieldsUp":false }
{ "timestamp":"2016-09-20T20:48:34Z", "event":"Docked", "StationName":"Dalton Gateway", "StationType":"Orbis", "StarSystem":"LHS 3447", "Faction":"LHS 3447 Dynamic & Co", "Allegiance":"Federation", "Economy":"$economy_Agri;", "Economy_Localised":"Agriculture", "Government":"$government_Corporate;", "Government_Localised":"Corporate", "Security":"$SYSTEM_SECURITY_high;", "Security_Localised":"High Security" }
{ "timestamp":"2016-09-20T20:48:39Z", "event":"ShieldState", "ShieldsUp":true }
{ "timestamp":"2016-09-20T20:48:43Z", "event":"RepairAll", "Cost":2636 }
{ "timestamp":"2016-09-20T20:48:44Z", "event":"RefuelAll", "Cost":359, "Amount":7.158689 }
{ "timestamp":"2016-09-20T20:49:07Z", "event":"ShipyardBuy", "ShipType":"belugaliner", "ShipPrice":8453276, "StoreOldShip":"Anaconda", "StoreShipID":61 }
{ "timestamp":"2016-09-20T20:49:08Z", "event":"ShipyardNew", "ShipType":"belugaliner", "NewShipID":126 }
{ "timestamp":"2016-09-20T20:49:20Z", "event":"Docked", "StationName":"Dalton Gateway", "StationType":"Orbis", "StarSystem":"LHS 3447", "Faction":"LHS 3447 Dynamic & Co", "Allegiance":"Federation", "Economy":"$economy_Agri;", "Economy_Localised":"Agriculture", "Government":"$government_Corporate;", "Government_Localised":"Corporate", "Security":"$SYSTEM_SECURITY_high;", "Security_Localised":"High Security" }
{ "timestamp":"2016-09-20T20:50:06Z", "event":"Screenshot", "Filename":"\\ED_Pictures\\Screenshot_0241.bmp", "Width":1366, "Height":768, "System":"LHS 3447", "Body":"Dalton Gateway" }
{ "timestamp":"2016-09-20T20:51:19Z", "event":"ModuleBuy", "Slot":"Decal1", "BuyItem":"$decal_explorer_trailblazer_name;", "BuyItem_Localised":"Trailblazer", "BuyPrice":0, "Ship":"belugaliner", "ShipID":126 }
{ "timestamp":"2016-09-20T20:51:24Z", "event":"ModuleBuy", "Slot":"Decal2", "BuyItem":"$decal_onionhead1_name;", "BuyItem_Localised":"Onion Head 1", "BuyPrice":0, "Ship":"belugaliner", "ShipID":126 }
{ "timestamp":"2016-09-20T20:51:27Z", "event":"ModuleBuy", "Slot":"Decal3", "BuyItem":"$decal_onionhead1_name;", "BuyItem_Localised":"Onion Head 1", "BuyPrice":0, "Ship":"belugaliner", "ShipID":126 }
{ "timestamp":"2016-09-20T20:51:34Z", "event":"ModuleBuy", "Slot":"Decal3", "SellItem":"$decal_onionhead1_name;", "SellItem_Localised":"Onion Head 1", "SellPrice":0, "BuyItem":"$decal_trade_tycoon_name;", "BuyItem_Localised":"Trade Tycoon", "BuyPrice":0, "Ship":"belugaliner", "ShipID":126 }
{ "timestamp":"2016-09-20T20:51:37Z", "event":"ModuleBuy", "Slot":"Decal2", "SellItem":"$decal_onionhead1_name;", "SellItem_Localised":"Onion Head 1", "SellPrice":0, "BuyItem":"$decal_trade_tycoon_name;", "BuyItem_Localised":"Trade Tycoon", "BuyPrice":0, "Ship":"belugaliner", "ShipID":126 }
{ "timestamp":"2016-09-20T20:51:42Z", "event":"ModuleBuy", "Slot":"Decal1", "SellItem":"$decal_explorer_trailblazer_name;", "SellItem_Localised":"Trailblazer", "SellPrice":0, "BuyItem":"$decal_onionhead1_name;", "BuyItem_Localised":"Onion Head 1", "BuyPrice":0, "Ship":"belugaliner", "ShipID":126 }
{ "timestamp":"2016-09-20T20:52:10Z", "event":"ModuleSell", "Slot":"MediumHardpoint1", "SellItem":"$hpt_pulselaser_fixed_small_name;", "SellItem_Localised":"Pulse Laser", "SellPrice":220, "Ship":"belugaliner", "ShipID":126 }
{ "timestamp":"2016-09-20T20:52:27Z", "event":"ModuleSell", "Slot":"MediumHardpoint2", "SellItem":"$hpt_pulselaser_fixed_small_name;", "SellItem_Localised":"Pulse Laser", "SellPrice":220, "Ship":"belugaliner", "ShipID":126 }
{ "timestamp":"2016-09-20T20:52:48Z", "event":"ModuleBuy", "Slot":"FrameShiftDrive", "SellItem":"$int_hyperdrive_size7_class1_name;", "SellItem_Localised":"FSD", "SellPrice":63320, "BuyItem":"$int_hyperdrive_size7_class5_name;", "BuyItem_Localised":"FSD", "BuyPrice":5128911, "Ship":"belugaliner", "ShipID":126 }
{ "timestamp":"2016-09-20T20:53:11Z", "event":"ModuleBuy", "Slot":"MainEngines", "SellItem":"$int_engine_size7_class1_name;", "SellItem_Localised":"Thrusters", "SellPrice":63320, "BuyItem":"$int_engine_size7_class5_name;", "BuyItem_Localised":"Thrusters", "BuyPrice":5128911, "Ship":"belugaliner", "ShipID":126 }
{ "timestamp":"2016-09-20T20:53:16Z", "event":"ModuleBuy", "Slot":"LifeSupport", "SellItem":"$int_lifesupport_size8_class1_name;", "SellItem_Localised":"Life Support", "SellPrice":69758, "BuyItem":"$int_lifesupport_size8_class2_name;", "BuyItem_Localised":"Life Support", "BuyPrice":174396, "Ship":"belugaliner", "ShipID":126 }
{ "timestamp":"2016-09-20T20:53:25Z", "event":"ModuleBuy", "Slot":"PowerDistributor", "SellItem":"$int_powerdistributor_size6_class1_name;", "SellItem_Localised":"Power Distributor", "SellPrice":8898, "BuyItem":"$int_powerdistributor_size6_class5_name;", "BuyItem_Localised":"Power Distributor", "BuyPrice":347569, "Ship":"belugaliner", "ShipID":126 }
{ "timestamp":"2016-09-20T20:53:35Z", "event":"ModuleBuy", "Slot":"Radar", "SellItem":"$int_sensors_size5_class1_name;", "SellItem_Localised":"Sensors", "SellPrice":3178, "BuyItem":"$int_sensors_size5_class2_name;", "BuyItem_Localised":"Sensors", "BuyPrice":7944, "Ship":"belugaliner", "ShipID":126 }
{ "timestamp":"2016-09-20T20:54:08Z", "event":"ModuleBuy", "Slot":"Slot01_Size6", "SellItem":"$int_shieldgenerator_size6_class1_name;", "SellItem_Localised":"Shield Generator", "SellPrice":19975, "BuyItem":"$int_shieldgenerator_size6_class5_name;", "BuyItem_Localised":"Shield Generator", "BuyPrice":1617953, "Ship":"belugaliner", "ShipID":126 }
{ "timestamp":"2016-09-20T20:54:24Z", "event":"ModuleBuy", "Slot":"Slot02_Size6", "SellItem":"$int_cargorack_size5_class1_name;", "SellItem_Localised":"Cargo Rack", "SellPrice":11157, "BuyItem":"$int_hullreinforcement_size5_class2_name;", "BuyItem_Localised":"Hull Reinforcement", "BuyPrice":45000, "Ship":"belugaliner", "ShipID":126 }
{ "timestamp":"2016-09-20T20:54:38Z", "event":"ModuleBuy", "Slot":"Slot03_Size6", "SellItem":"$int_passengercabin_size6_class2_name;", "SellItem_Localised":"BC Passenger Cabin", "SellPrice":18423, "BuyItem":"$int_hullreinforcement_size5_class2_name;", "BuyItem_Localised":"Hull Reinforcement", "BuyPrice":45000, "Ship":"belugaliner", "ShipID":126 }
{ "timestamp":"2016-09-20T20:54:43Z", "event":"ModuleBuy", "Slot":"Slot04_Size6", "SellItem":"$int_passengercabin_size6_class2_name;", "SellItem_Localised":"BC Passenger Cabin", "SellPrice":18423, "BuyItem":"$int_hullreinforcement_size5_class2_name;", "BuyItem_Localised":"Hull Reinforcement", "BuyPrice":45000, "Ship":"belugaliner", "ShipID":126 }
{ "timestamp":"2016-09-20T20:54:48Z", "event":"ModuleBuy", "Slot":"Slot05_Size5", "SellItem":"$int_passengercabin_size4_class2_name;", "SellItem_Localised":"BC Passenger Cabin", "SellPrice":5686, "BuyItem":"$int_hullreinforcement_size5_class2_name;", "BuyItem_Localised":"Hull Reinforcement", "BuyPrice":45000, "Ship":"belugaliner", "ShipID":126 }
{ "timestamp":"2016-09-20T20:54:54Z", "event":"ModuleBuy", "Slot":"Slot06_Size5", "SellItem":"$int_passengercabin_size4_class2_name;", "SellItem_Localised":"BC Passenger Cabin", "SellPrice":5686, "BuyItem":"$int_hullreinforcement_size5_class2_name;", "BuyItem_Localised":"Hull Reinforcement", "BuyPrice":45000, "Ship":"belugaliner", "ShipID":126 }
{ "timestamp":"2016-09-20T20:55:03Z", "event":"ModuleBuy", "Slot":"Slot07_Size4", "SellItem":"$int_cargorack_size3_class1_name;", "SellItem_Localised":"Cargo Rack", "SellPrice":1056, "BuyItem":"$int_hullreinforcement_size4_class2_name;", "BuyItem_Localised":"Hull Reinforcement", "BuyPrice":19500, "Ship":"belugaliner", "ShipID":126 }
{ "timestamp":"2016-09-20T20:55:08Z", "event":"ModuleBuy", "Slot":"Slot08_Size3", "SellItem":"$int_cargorack_size2_class1_name;", "SellItem_Localised":"Cargo Rack", "SellPrice":325, "BuyItem":"$int_hullreinforcement_size3_class2_name;", "BuyItem_Localised":"Hull Reinforcement", "BuyPrice":8400, "Ship":"belugaliner", "ShipID":126 }
{ "timestamp":"2016-09-20T20:55:13Z", "event":"ModuleBuy", "Slot":"Slot09_Size3", "BuyItem":"$int_hullreinforcement_size3_class2_name;", "BuyItem_Localised":"Hull Reinforcement", "BuyPrice":8400, "Ship":"belugaliner", "ShipID":126 }
{ "timestamp":"2016-09-20T20:55:18Z", "event":"ModuleBuy", "Slot":"Slot10_Size3", "BuyItem":"$int_hullreinforcement_size3_class2_name;", "BuyItem_Localised":"Hull Reinforcement", "BuyPrice":8400, "Ship":"belugaliner", "ShipID":126 }
{ "timestamp":"2016-09-20T20:55:23Z", "event":"ModuleBuy", "Slot":"Slot11_Size3", "SellItem":"$int_stellarbodydiscoveryscanner_standard_name;", "SellItem_Localised":"D - Scanner", "SellPrice":100, "BuyItem":"$int_hullreinforcement_size3_class2_name;", "BuyItem_Localised":"Hull Reinforcement", "BuyPrice":8400, "Ship":"belugaliner", "ShipID":126 }
{ "timestamp":"2016-09-20T20:55:35Z", "event":"ModuleBuy", "Slot":"PowerPlant", "SellItem":"$int_powerplant_size6_class1_name;", "SellItem_Localised":"Power Plant", "SellPrice":19975, "BuyItem":"$int_powerplant_size5_class5_name;", "BuyItem_Localised":"Power Plant", "BuyPrice":510395, "Ship":"belugaliner", "ShipID":126 }
{ "timestamp":"2016-09-20T20:55:36Z", "event":"ShieldState", "ShieldsUp":false }
{ "timestamp":"2016-09-20T20:55:40Z", "event":"ShieldState", "ShieldsUp":true }
{ "timestamp":"2016-09-20T20:56:05Z", "event":"Undocked", "StationName":"Dalton Gateway", "StationType":"Orbis" }
{ "timestamp":"2016-09-20T20:59:10Z", "event":"ReceiveText", "From":"$cmdr_decorate:#name=Furosemid;", "From_Localised":"CMDR Furosemid", "Message":"seems like T9 fighter bays dont work hm" }
{ "timestamp":"2016-09-20T20:59:35Z", "event":"ReceiveText", "From":"$cmdr_decorate:#name=Furosemid;", "From_Localised":"CMDR Furosemid", "Message":"sry tell was automated" }
{ "timestamp":"2016-09-20T20:59:37Z", "event":"DockingDenied", "Reason":"Distance", "StationName":"Dalton Gateway" }
{ "timestamp":"2016-09-20T20:59:40Z", "event":"DockingRequested", "StationName":"Dalton Gateway" }
{ "timestamp":"2016-09-20T20:59:41Z", "event":"DockingGranted", "LandingPad":39, "StationName":"Dalton Gateway" }
{ "timestamp":"2016-09-20T21:03:13Z", "event":"Docked", "StationName":"Dalton Gateway", "StationType":"Orbis", "StarSystem":"LHS 3447", "Faction":"LHS 3447 Dynamic & Co", "Allegiance":"Federation", "Economy":"$economy_Agri;", "Economy_Localised":"Agriculture", "Government":"$government_Corporate;", "Government_Localised":"Corporate", "Security":"$SYSTEM_SECURITY_high;", "Security_Localised":"High Security" }
{ "timestamp":"2016-09-20T21:03:21Z", "event":"RefuelAll", "Cost":10, "Amount":0.161659 }
{ "timestamp":"2016-09-20T21:03:58Z", "event":"ShipyardBuy", "ShipType":"federation_gunship", "ShipPrice":3581421, "StoreOldShip":"BelugaLiner", "StoreShipID":126 }
{ "timestamp":"2016-09-20T21:03:59Z", "event":"ShipyardNew", "ShipType":"federation_gunship", "NewShipID":127 }
{ "timestamp":"2016-09-20T21:04:12Z", "event":"Docked", "StationName":"Dalton Gateway", "StationType":"Orbis", "StarSystem":"LHS 3447", "Faction":"LHS 3447 Dynamic & Co", "Allegiance":"Federation", "Economy":"$economy_Agri;", "Economy_Localised":"Agriculture", "Government":"$government_Corporate;", "Government_Localised":"Corporate", "Security":"$SYSTEM_SECURITY_high;", "Security_Localised":"High Security" }
{ "timestamp":"2016-09-20T21:04:40Z", "event":"ModuleBuy", "Slot":"Slot01_Size6", "BuyItem":"$int_fighterbay_size6_class1_name;", "BuyItem_Localised":"Fighter Hangar", "BuyPrice":18600, "Ship":"federation_gunship", "ShipID":127 }
{ "timestamp":"2016-09-20T21:05:18Z", "event":"ModuleBuy", "Slot":"Slot02_Size6", "SellItem":"$int_shieldgenerator_size6_class1_name;", "SellItem_Localised":"Shield Generator", "SellPrice":19975, "BuyItem":"$int_shieldgenerator_size6_class5_name;", "BuyItem_Localised":"Shield Generator", "BuyPrice":1617953, "Ship":"federation_gunship", "ShipID":127 }
{ "timestamp":"2016-09-20T21:05:31Z", "event":"ModuleBuy", "Slot":"Slot03_Size5", "SellItem":"$int_cargorack_size4_class1_name;", "SellItem_Localised":"Cargo Rack", "SellPrice":3433, "BuyItem":"$int_hullreinforcement_size5_class2_name;", "BuyItem_Localised":"Hull Reinforcement", "BuyPrice":45000, "Ship":"federation_gunship", "ShipID":127 }
{ "timestamp":"2016-09-20T21:05:43Z", "event":"ModuleBuy", "Slot":"PowerPlant", "SellItem":"$int_powerplant_size6_class1_name;", "SellItem_Localised":"Power Plant", "SellPrice":19975, "BuyItem":"$int_powerplant_size5_class5_name;", "BuyItem_Localised":"Power Plant", "BuyPrice":510395, "Ship":"federation_gunship", "ShipID":127 }
{ "timestamp":"2016-09-20T21:05:44Z", "event":"ShieldState", "ShieldsUp":false }
{ "timestamp":"2016-09-20T21:05:49Z", "event":"ModuleBuy", "Slot":"MainEngines", "SellItem":"$int_engine_size6_class1_name;", "SellItem_Localised":"Thrusters", "SellPrice":19975, "BuyItem":"$int_engine_size6_class5_name;", "BuyItem_Localised":"Thrusters", "BuyPrice":1617953, "Ship":"federation_gunship", "ShipID":127 }
{ "timestamp":"2016-09-20T21:05:49Z", "event":"ShieldState", "ShieldsUp":true }
{ "timestamp":"2016-09-20T21:05:58Z", "event":"ModuleBuy", "Slot":"FrameShiftDrive", "SellItem":"$int_hyperdrive_size5_class1_name;", "SellItem_Localised":"FSD", "SellPrice":6301, "BuyItem":"$int_hyperdrive_size5_class5_name;", "BuyItem_Localised":"FSD", "BuyPrice":510395, "Ship":"federation_gunship", "ShipID":127 }
{ "timestamp":"2016-09-20T21:06:05Z", "event":"ModuleBuy", "Slot":"LifeSupport", "SellItem":"$int_lifesupport_size5_class1_name;", "SellItem_Localised":"Life Support", "SellPrice":3178, "BuyItem":"$int_lifesupport_size5_class5_name;", "BuyItem_Localised":"Life Support", "BuyPrice":124132, "Ship":"federation_gunship", "ShipID":127 }
{ "timestamp":"2016-09-20T21:06:11Z", "event":"ModuleBuy", "Slot":"PowerDistributor", "SellItem":"$int_powerdistributor_size7_class1_name;", "SellItem_Localised":"Power Distributor", "SellPrice":24914, "BuyItem":"$int_powerdistributor_size7_class5_name;", "BuyItem_Localised":"Power Distributor", "BuyPrice":973193, "Ship":"federation_gunship", "ShipID":127 }
{ "timestamp":"2016-09-20T21:06:15Z", "event":"ModuleBuy", "Slot":"Radar", "SellItem":"$int_sensors_size5_class1_name;", "SellItem_Localised":"Sensors", "SellPrice":3178, "BuyItem":"$int_sensors_size5_class2_name;", "BuyItem_Localised":"Sensors", "BuyPrice":7944, "Ship":"federation_gunship", "ShipID":127 }
{ "timestamp":"2016-09-20T21:06:47Z", "event":"Undocked", "StationName":"Dalton Gateway", "StationType":"Orbis" }
{ "timestamp":"2016-09-20T21:07:12Z", "event":"DockingRequested", "StationName":"Dalton Gateway" }
{ "timestamp":"2016-09-20T21:07:13Z", "event":"DockingGranted", "LandingPad":18, "StationName":"Dalton Gateway" }
{ "timestamp":"2016-09-20T21:08:01Z", "event":"Docked", "StationName":"Dalton Gateway", "StationType":"Orbis", "StarSystem":"LHS 3447", "Faction":"LHS 3447 Dynamic & Co", "Allegiance":"Federation", "Economy":"$economy_Agri;", "Economy_Localised":"Agriculture", "Government":"$government_Corporate;", "Government_Localised":"Corporate", "Security":"$SYSTEM_SECURITY_high;", "Security_Localised":"High Security" }
{ "timestamp":"2016-09-20T21:08:12Z", "event":"RefuelAll", "Cost":10, "Amount":0.025668 }
{ "timestamp":"2016-09-20T21:08:35Z", "event":"Undocked", "StationName":"Dalton Gateway", "StationType":"Orbis" }
{ "timestamp":"2016-09-20T21:08:43Z", "event":"ShieldState", "ShieldsUp":false }
{ "timestamp":"2016-09-20T21:08:43Z", "event":"CommitCrime", "CrimeType":"collidedAtSpeedInNoFireZone", "Faction":"LHS 3447 Dynamic & Co", "Fine":200 }
{ "timestamp":"2016-09-20T21:09:18Z", "event":"LoadGame", "Commander":"Jonuss", "Ship":"Federation_Gunship", "ShipID":127, "GameMode":"Open", "Credits":281030597, "Loan":0 }
{ "timestamp":"2016-09-20T21:09:18Z", "event":"Rank", "Combat":4, "Trade":7, "Explore":6, "Empire":3, "Federation":5, "CQC":0 }
{ "timestamp":"2016-09-20T21:09:18Z", "event":"Progress", "Combat":23, "Trade":63, "Explore":86, "Empire":100, "Federation":18, "CQC":0 }
{ "timestamp":"2016-09-20T21:09:38Z", "event":"Location", "StarSystem":"LHS 3447", "StarPos":[-43.188,-5.281,56.156], "Allegiance":"Federation", "Economy":"$economy_Agri;", "Economy_Localised":"Agriculture", "Government":"$government_Corporate;", "Government_Localised":"Corporate", "Security":"$SYSTEM_SECURITY_high;", "Security_Localised":"High Security", "Faction":"LHS 3447 Dynamic & Co" }
{ "timestamp":"2016-09-20T21:09:46Z", "event":"LaunchFighter", "Loadout":"zero", "PlayerControlled":true }
{ "timestamp":"2016-09-20T21:11:27Z", "event":"CommitCrime", "CrimeType":"dockingMinorTresspass", "Faction":"LHS 3447 Dynamic & Co", "Fine":400 }
{ "timestamp":"2016-09-20T21:11:46Z", "event":"CommitCrime", "CrimeType":"assault", "Faction":"LHS 3447 Dynamic & Co", "Victim":"Casooch", "Bounty":400 }
{ "timestamp":"2016-09-20T21:11:48Z", "event":"HullDamage", "Health":0.746466 }
{ "timestamp":"2016-09-20T21:11:48Z", "event":"HullDamage", "Health":0.582665 }
{ "timestamp":"2016-09-20T21:11:48Z", "event":"HullDamage", "Health":0.352181 }
{ "timestamp":"2016-09-20T21:11:48Z", "event":"HullDamage", "Health":0.176296 }
{ "timestamp":"2016-09-20T21:11:49Z", "event":"Died" }
{ "timestamp":"2016-09-20T21:12:06Z", "event":"Resurrect", "Option":"rebuy", "Cost":446305, "Bankrupt":false }
{ "timestamp":"2016-09-20T21:12:28Z", "event":"Location", "Docked":1, "StationName":"Dalton Gateway", "StationType":"Orbis", "StarSystem":"LHS 3447", "StarPos":[-43.188,-5.281,56.156], "Allegiance":"Federation", "Economy":"$economy_Agri;", "Economy_Localised":"Agriculture", "Government":"$government_Corporate;", "Government_Localised":"Corporate", "Security":"$SYSTEM_SECURITY_high;", "Security_Localised":"High Security", "Faction":"LHS 3447 Dynamic & Co" }
{ "timestamp":"2016-09-20T21:12:29Z", "event":"Docked", "StationName":"Dalton Gateway", "StationType":"Orbis", "StarSystem":"LHS 3447", "Faction":"LHS 3447 Dynamic & Co", "Allegiance":"Federation", "Economy":"$economy_Agri;", "Economy_Localised":"Agriculture", "Government":"$government_Corporate;", "Government_Localised":"Corporate", "Security":"$SYSTEM_SECURITY_high;", "Security_Localised":"High Security" }
{ "timestamp":"2016-09-20T21:12:49Z", "event":"Undocked", "StationName":"Dalton Gateway", "StationType":"Orbis" }
{ "timestamp":"2016-09-20T21:13:27Z", "event":"SupercruiseEntry", "StarSystem":"LHS 3447" }
{ "timestamp":"2016-09-20T21:13:51Z", "event":"SupercruiseExit", "StarSystem":"LHS 3447", "Body":"Dalton Gateway" }
{ "timestamp":"2016-09-20T21:14:33Z", "event":"DockingRequested", "StationName":"Dalton Gateway" }
{ "timestamp":"2016-09-20T21:14:34Z", "event":"DockingGranted", "LandingPad":41, "StationName":"Dalton Gateway" }
{ "timestamp":"2016-09-20T21:15:37Z", "event":"Docked", "StationName":"Dalton Gateway", "StationType":"Orbis", "StarSystem":"LHS 3447", "Faction":"LHS 3447 Dynamic & Co", "Allegiance":"Federation", "Economy":"$economy_Agri;", "Economy_Localised":"Agriculture", "Government":"$government_Corporate;", "Government_Localised":"Corporate", "Security":"$SYSTEM_SECURITY_high;", "Security_Localised":"High Security" }
{ "timestamp":"2016-09-20T21:15:45Z", "event":"RefuelAll", "Cost":10, "Amount":0.060200 }
{ "timestamp":"2016-09-20T21:15:50Z", "event":"ShipyardSwap", "ShipType":"belugaliner", "ShipID":126, "StoreOldShip":"Federation_Gunship", "StoreShipID":127 }
{ "timestamp":"2016-09-20T21:16:03Z", "event":"Docked", "StationName":"Dalton Gateway", "StationType":"Orbis", "StarSystem":"LHS 3447", "Faction":"LHS 3447 Dynamic & Co", "Allegiance":"Federation", "Economy":"$economy_Agri;", "Economy_Localised":"Agriculture", "Government":"$government_Corporate;", "Government_Localised":"Corporate", "Security":"$SYSTEM_SECURITY_high;", "Security_Localised":"High Security" }
{ "timestamp":"2016-09-20T21:16:42Z", "event":"Undocked", "StationName":"Dalton Gateway", "StationType":"Orbis" }
{ "timestamp":"2016-09-20T21:17:08Z", "event":"CommitCrime", "CrimeType":"collidedAtSpeedInNoFireZone", "Faction":"LHS 3447 Dynamic & Co", "Fine":200 }
{ "timestamp":"2016-09-20T21:18:15Z", "event":"ShieldState", "ShieldsUp":false }
{ "timestamp":"2016-09-20T21:19:09Z", "event":"ShieldState", "ShieldsUp":true }
{ "timestamp":"2016-09-20T21:24:08Z", "event":"DockingRequested", "StationName":"Dalton Gateway" }
{ "timestamp":"2016-09-20T21:24:09Z", "event":"DockingGranted", "LandingPad":25, "StationName":"Dalton Gateway" }
{ "timestamp":"2016-09-20T21:24:28Z", "event":"ShieldState", "ShieldsUp":false }
{ "timestamp":"2016-09-20T21:24:50Z", "event":"SendText", "To":"local", "Message":"sorry guys" }
{ "timestamp":"2016-09-20T21:25:18Z", "event":"Docked", "StationName":"Dalton Gateway", "StationType":"Orbis", "StarSystem":"LHS 3447", "Faction":"LHS 3447 Dynamic & Co", "Allegiance":"Federation", "Economy":"$economy_Agri;", "Economy_Localised":"Agriculture", "Government":"$government_Corporate;", "Government_Localised":"Corporate", "Security":"$SYSTEM_SECURITY_high;", "Security_Localised":"High Security" }
{ "timestamp":"2016-09-20T21:25:19Z", "event":"ShieldState", "ShieldsUp":true }
{ "timestamp":"2016-09-20T21:25:27Z", "event":"RepairAll", "Cost":1844 }
{ "timestamp":"2016-09-20T21:25:27Z", "event":"RefuelAll", "Cost":10, "Amount":0.195682 }
{ "timestamp":"2016-09-20T21:26:41Z", "event":"ModuleBuy", "Slot":"Armour", "SellItem":"$belugaliner_armour_grade1_name;", "SellItem_Localised":"Lightweight Alloys", "SellPrice":0, "BuyItem":"$belugaliner_armour_grade3_name;", "BuyItem_Localised":"Military Grade Composite", "BuyPrice":7607949, "Ship":"belugaliner", "ShipID":126 }
{ "timestamp":"2016-09-20T21:27:17Z", "event":"ModuleBuy", "Slot":"Armour", "SellItem":"$belugaliner_armour_grade3_name;", "SellItem_Localised":"Military Grade Composite", "SellPrice":7607949, "BuyItem":"$belugaliner_armour_grade1_name;", "BuyItem_Localised":"Lightweight Alloys", "BuyPrice":0, "Ship":"belugaliner", "ShipID":126 }
{ "timestamp":"2016-09-20T21:27:39Z", "event":"ModuleSell", "Slot":"Slot02_Size6", "SellItem":"$int_hullreinforcement_size5_class2_name;", "SellItem_Localised":"Hull Reinforcement", "SellPrice":45000, "Ship":"belugaliner", "ShipID":126 }
{ "timestamp":"2016-09-20T21:27:42Z", "event":"ModuleSell", "Slot":"Slot03_Size6", "SellItem":"$int_hullreinforcement_size5_class2_name;", "SellItem_Localised":"Hull Reinforcement", "SellPrice":45000, "Ship":"belugaliner", "ShipID":126 }
{ "timestamp":"2016-09-20T21:27:44Z", "event":"ModuleSell", "Slot":"Slot04_Size6", "SellItem":"$int_hullreinforcement_size5_class2_name;", "SellItem_Localised":"Hull Reinforcement", "SellPrice":45000, "Ship":"belugaliner", "ShipID":126 }
{ "timestamp":"2016-09-20T21:27:46Z", "event":"ModuleSell", "Slot":"Slot05_Size5", "SellItem":"$int_hullreinforcement_size5_class2_name;", "SellItem_Localised":"Hull Reinforcement", "SellPrice":45000, "Ship":"belugaliner", "ShipID":126 }
{ "timestamp":"2016-09-20T21:27:48Z", "event":"ModuleSell", "Slot":"Slot06_Size5", "SellItem":"$int_hullreinforcement_size5_class2_name;", "SellItem_Localised":"Hull Reinforcement", "SellPrice":45000, "Ship":"belugaliner", "ShipID":126 }
{ "timestamp":"2016-09-20T21:27:51Z", "event":"ModuleSell", "Slot":"Slot07_Size4", "SellItem":"$int_hullreinforcement_size4_class2_name;", "SellItem_Localised":"Hull Reinforcement", "SellPrice":19500, "Ship":"belugaliner", "ShipID":126 }
{ "timestamp":"2016-09-20T21:27:54Z", "event":"ModuleSell", "Slot":"Slot09_Size3", "SellItem":"$int_hullreinforcement_size3_class2_name;", "SellItem_Localised":"Hull Reinforcement", "SellPrice":8400, "Ship":"belugaliner", "ShipID":126 }
{ "timestamp":"2016-09-20T21:27:57Z", "event":"ModuleSell", "Slot":"Slot08_Size3", "SellItem":"$int_hullreinforcement_size3_class2_name;", "SellItem_Localised":"Hull Reinforcement", "SellPrice":8400, "Ship":"belugaliner", "ShipID":126 }
{ "timestamp":"2016-09-20T21:27:59Z", "event":"ModuleSell", "Slot":"Slot11_Size3", "SellItem":"$int_hullreinforcement_size3_class2_name;", "SellItem_Localised":"Hull Reinforcement", "SellPrice":8400, "Ship":"belugaliner", "ShipID":126 }
{ "timestamp":"2016-09-20T21:28:02Z", "event":"ModuleSell", "Slot":"Slot10_Size3", "SellItem":"$int_hullreinforcement_size3_class2_name;", "SellItem_Localised":"Hull Reinforcement", "SellPrice":8400, "Ship":"belugaliner", "ShipID":126 }
{ "timestamp":"2016-09-20T21:28:19Z", "event":"ModuleBuy", "Slot":"Slot01_Size6", "SellItem":"$int_shieldgenerator_size6_class5_name;", "SellItem_Localised":"Shield Generator", "SellPrice":1617953, "BuyItem":"$int_shieldgenerator_size6_class2_name;", "BuyItem_Localised":"Shield Generator", "BuyPrice":59924, "Ship":"belugaliner", "ShipID":126 }
{ "timestamp":"2016-09-20T21:28:33Z", "event":"ModuleBuy", "Slot":"MainEngines", "SellItem":"$int_engine_size7_class5_name;", "SellItem_Localised":"Thrusters", "SellPrice":5128911, "BuyItem":"$int_engine_size6_class2_name;", "BuyItem_Localised":"Thrusters", "BuyPrice":59924, "Ship":"belugaliner", "ShipID":126 }
{ "timestamp":"2016-09-20T21:28:53Z", "event":"ShipyardSwap", "ShipType":"anaconda", "ShipID":61, "StoreOldShip":"BelugaLiner", "StoreShipID":126 }
{ "timestamp":"2016-09-20T21:28:57Z", "event":"Docked", "StationName":"Dalton Gateway", "StationType":"Orbis", "StarSystem":"LHS 3447", "Faction":"LHS 3447 Dynamic & Co", "Allegiance":"Federation", "Economy":"$economy_Agri;", "Economy_Localised":"Agriculture", "Government":"$government_Corporate;", "Government_Localised":"Corporate", "Security":"$SYSTEM_SECURITY_high;", "Security_Localised":"High Security" }
{ "timestamp":"2016-09-20T21:29:25Z", "event":"ModuleBuy", "Slot":"FrameShiftDrive", "SellItem":"$int_hyperdrive_size6_class5_name;", "SellItem_Localised":"FSD", "SellPrice":13752602, "BuyItem":"$int_hyperdrive_size6_class4_name;", "BuyItem_Localised":"FSD", "BuyPrice":539318, "Ship":"anaconda", "ShipID":61 }
{ "timestamp":"2016-09-20T21:29:34Z", "event":"ShipyardSwap", "ShipType":"belugaliner", "ShipID":126, "StoreOldShip":"Anaconda", "StoreShipID":61 }
{ "timestamp":"2016-09-20T21:29:46Z", "event":"Docked", "StationName":"Dalton Gateway", "StationType":"Orbis", "StarSystem":"LHS 3447", "Faction":"LHS 3447 Dynamic & Co", "Allegiance":"Federation", "Economy":"$economy_Agri;", "Economy_Localised":"Agriculture", "Government":"$government_Corporate;", "Government_Localised":"Corporate", "Security":"$SYSTEM_SECURITY_high;", "Security_Localised":"High Security" }
{ "timestamp":"2016-09-20T21:30:29Z", "event":"ShipyardSwap", "ShipType":"anaconda", "ShipID":61, "StoreOldShip":"BelugaLiner", "StoreShipID":126 }
{ "timestamp":"2016-09-20T21:30:32Z", "event":"Docked", "StationName":"Dalton Gateway", "StationType":"Orbis", "StarSystem":"LHS 3447", "Faction":"LHS 3447 Dynamic & Co", "Allegiance":"Federation", "Economy":"$economy_Agri;", "Economy_Localised":"Agriculture", "Government":"$government_Corporate;", "Government_Localised":"Corporate", "Security":"$SYSTEM_SECURITY_high;", "Security_Localised":"High Security" }
{ "timestamp":"2016-09-20T21:30:45Z", "event":"ModuleBuy", "Slot":"FrameShiftDrive", "SellItem":"$int_hyperdrive_size6_class4_name;", "SellItem_Localised":"FSD", "SellPrice":539318, "BuyItem":"$int_hyperdrive_size6_class5_name;", "BuyItem_Localised":"FSD", "BuyPrice":13752602, "Ship":"anaconda", "ShipID":61 }
{ "timestamp":"2016-09-20T21:31:23Z", "event":"ShipyardSwap", "ShipType":"belugaliner", "ShipID":126, "StoreOldShip":"Anaconda", "StoreShipID":61 }
{ "timestamp":"2016-09-20T21:31:26Z", "event":"Docked", "StationName":"Dalton Gateway", "StationType":"Orbis", "StarSystem":"LHS 3447", "Faction":"LHS 3447 Dynamic & Co", "Allegiance":"Federation", "Economy":"$economy_Agri;", "Economy_Localised":"Agriculture", "Government":"$government_Corporate;", "Government_Localised":"Corporate", "Security":"$SYSTEM_SECURITY_high;", "Security_Localised":"High Security" }
{ "timestamp":"2016-09-20T21:31:45Z", "event":"ModuleBuy", "Slot":"Slot02_Size6", "BuyItem":"$int_hullreinforcement_size5_class2_name;", "BuyItem_Localised":"Hull Reinforcement", "BuyPrice":45000, "Ship":"belugaliner", "ShipID":126 }
{ "timestamp":"2016-09-20T21:31:55Z", "event":"ModuleBuy", "Slot":"Slot03_Size6", "BuyItem":"$int_hullreinforcement_size5_class2_name;", "BuyItem_Localised":"Hull Reinforcement", "BuyPrice":45000, "Ship":"belugaliner", "ShipID":126 }
{ "timestamp":"2016-09-20T21:32:00Z", "event":"ModuleBuy", "Slot":"Slot04_Size6", "BuyItem":"$int_hullreinforcement_size5_class2_name;", "BuyItem_Localised":"Hull Reinforcement", "BuyPrice":45000, "Ship":"belugaliner", "ShipID":126 }
{ "timestamp":"2016-09-20T21:32:05Z", "event":"ModuleBuy", "Slot":"Slot05_Size5", "BuyItem":"$int_hullreinforcement_size5_class2_name;", "BuyItem_Localised":"Hull Reinforcement", "BuyPrice":45000, "Ship":"belugaliner", "ShipID":126 }
{ "timestamp":"2016-09-20T21:32:11Z", "event":"ModuleBuy", "Slot":"Slot06_Size5", "BuyItem":"$int_hullreinforcement_size5_class2_name;", "BuyItem_Localised":"Hull Reinforcement", "BuyPrice":45000, "Ship":"belugaliner", "ShipID":126 }
{ "timestamp":"2016-09-20T21:32:18Z", "event":"ModuleBuy", "Slot":"Slot07_Size4", "BuyItem":"$int_hullreinforcement_size4_class2_name;", "BuyItem_Localised":"Hull Reinforcement", "BuyPrice":19500, "Ship":"belugaliner", "ShipID":126 }
{ "timestamp":"2016-09-20T21:32:24Z", "event":"ModuleBuy", "Slot":"Slot09_Size3", "BuyItem":"$int_hullreinforcement_size3_class2_name;", "BuyItem_Localised":"Hull Reinforcement", "BuyPrice":8400, "Ship":"belugaliner", "ShipID":126 }
{ "timestamp":"2016-09-20T21:32:29Z", "event":"ModuleBuy", "Slot":"Slot08_Size3", "BuyItem":"$int_hullreinforcement_size3_class2_name;", "BuyItem_Localised":"Hull Reinforcement", "BuyPrice":8400, "Ship":"belugaliner", "ShipID":126 }
{ "timestamp":"2016-09-20T21:32:34Z", "event":"ModuleBuy", "Slot":"Slot11_Size3", "BuyItem":"$int_hullreinforcement_size3_class2_name;", "BuyItem_Localised":"Hull Reinforcement", "BuyPrice":8400, "Ship":"belugaliner", "ShipID":126 }
{ "timestamp":"2016-09-20T21:32:38Z", "event":"ModuleBuy", "Slot":"Slot10_Size3", "BuyItem":"$int_hullreinforcement_size3_class2_name;", "BuyItem_Localised":"Hull Reinforcement", "BuyPrice":8400, "Ship":"belugaliner", "ShipID":126 }
{ "timestamp":"2016-09-20T21:32:52Z", "event":"ModuleBuy", "Slot":"Slot01_Size6", "SellItem":"$int_shieldgenerator_size6_class2_name;", "SellItem_Localised":"Shield Generator", "SellPrice":59924, "BuyItem":"$int_hullreinforcement_size5_class2_name;", "BuyItem_Localised":"Hull Reinforcement", "BuyPrice":45000, "Ship":"belugaliner", "ShipID":126 }
{ "timestamp":"2016-09-20T21:33:08Z", "event":"ModuleBuy", "Slot":"MainEngines", "SellItem":"$int_engine_size6_class2_name;", "SellItem_Localised":"Thrusters", "SellPrice":59924, "BuyItem":"$int_engine_size7_class5_name;", "BuyItem_Localised":"Thrusters", "BuyPrice":5128911, "Ship":"belugaliner", "ShipID":126 }
{ "timestamp":"2016-09-20T21:33:14Z", "event":"ModuleBuy", "Slot":"Armour", "SellItem":"$belugaliner_armour_grade1_name;", "SellItem_Localised":"Lightweight Alloys", "SellPrice":0, "BuyItem":"$belugaliner_armour_grade3_name;", "BuyItem_Localised":"Military Grade Composite", "BuyPrice":7607949, "Ship":"belugaliner", "ShipID":126 }
{ "timestamp":"2016-09-20T21:33:28Z", "event":"Screenshot", "Filename":"\\ED_Pictures\\Screenshot_0242.bmp", "Width":1366, "Height":768, "System":"LHS 3447", "Body":"Dalton Gateway" }
{ "timestamp":"2016-09-20T21:33:32Z", "event":"Screenshot", "Filename":"\\ED_Pictures\\Screenshot_0243.bmp", "Width":1366, "Height":768, "System":"LHS 3447", "Body":"Dalton Gateway" }
{ "timestamp":"2016-09-20T21:33:39Z", "event":"ReceiveText", "From":"$cmdr_decorate:#name=Brass99;", "From_Localised":"CMDR Brass99", "Message":"hi" }
{ "timestamp":"2016-09-20T21:33:46Z", "event":"Undocked", "StationName":"Dalton Gateway", "StationType":"Orbis" }
{ "timestamp":"2016-09-20T21:33:48Z", "event":"ReceiveText", "From":"$cmdr_decorate:#name=Halosos;", "From_Localised":"CMDR Halosos", "Message":"Helloh!" }
{ "timestamp":"2016-09-20T21:33:54Z", "event":"ReceiveText", "From":"$cmdr_decorate:#name=FatHaggard;", "From_Localised":"CMDR FatHaggard", "Message":"anyone want to race fighters?" }
{ "timestamp":"2016-09-20T21:34:01Z", "event":"ReceiveText", "From":"$cmdr_decorate:#name=Scoops#;", "From_Localised":"CMDR Scoops#", "Message":"hello RS Crew says welcome to Beta!!!" }
{ "timestamp":"2016-09-20T21:34:11Z", "event":"ReceiveText", "From":"$cmdr_decorate:#name=FatHaggard;", "From_Localised":"CMDR FatHaggard", "Message":"the course is enter mailslot, leave mailslot, loop around the ring, and repeat!" }
{ "timestamp":"2016-09-20T21:34:16Z", "event":"ReceiveText", "From":"$cmdr_decorate:#name=FatHaggard;", "From_Localised":"CMDR FatHaggard", "Message":"Elite Racers say hello ;)" }
{ "timestamp":"2016-09-20T21:34:38Z", "event":"ReceiveText", "From":"$cmdr_decorate:#name=Scoops#;", "From_Localised":"CMDR Scoops#", "Message":"evening cmdrs hope you are all well" }
{ "timestamp":"2016-09-20T21:34:40Z", "event":"ReceiveText", "From":"$cmdr_decorate:#name=Brass99;", "From_Localised":"CMDR Brass99", "Message":"hello from Enigma Pilots" }
{ "timestamp":"2016-09-20T21:34:41Z", "event":"ReceiveText", "From":"$cmdr_decorate:#name=Scoops#;", "From_Localised":"CMDR Scoops#", "Message":"RS Crew :)" }
{ "timestamp":"2016-09-20T21:34:51Z", "event":"ReceiveText", "From":"$cmdr_decorate:#name=FatHaggard;", "From_Localised":"CMDR FatHaggard", "Message":"so many player groups" }
{ "timestamp":"2016-09-20T21:35:06Z", "event":"SendText", "To":"local", "Message":"G'evning folks. Also RS Crew. Hope we're all enjoying the beta" }
{ "timestamp":"2016-09-20T21:38:12Z", "event":"HullDamage", "Health":0.753429 }
{ "timestamp":"2016-09-20T21:38:13Z", "event":"PVPKill", "Victim":"Scoops#", "CombatRank":7 }
{ "timestamp":"2016-09-20T21:38:57Z", "event":"DockingRequested", "StationName":"Dalton Gateway" }
{ "timestamp":"2016-09-20T21:38:58Z", "event":"DockingGranted", "LandingPad":9, "StationName":"Dalton Gateway" }
{ "timestamp":"2016-09-20T21:39:22Z", "event":"Docked", "StationName":"Dalton Gateway", "StationType":"Orbis", "StarSystem":"LHS 3447", "Faction":"LHS 3447 Dynamic & Co", "Allegiance":"Federation", "Economy":"$economy_Agri;", "Economy_Localised":"Agriculture", "Government":"$government_Corporate;", "Government_Localised":"Corporate", "Security":"$SYSTEM_SECURITY_high;", "Security_Localised":"High Security" }
{ "timestamp":"2016-09-20T21:40:06Z", "event":"ModuleSell", "Slot":"Slot01_Size6", "SellItem":"$int_hullreinforcement_size5_class2_name;", "SellItem_Localised":"Hull Reinforcement", "SellPrice":45000, "Ship":"belugaliner", "ShipID":126 }
{ "timestamp":"2016-09-20T21:40:09Z", "event":"ModuleSell", "Slot":"Slot02_Size6", "SellItem":"$int_hullreinforcement_size5_class2_name;", "SellItem_Localised":"Hull Reinforcement", "SellPrice":45000, "Ship":"belugaliner", "ShipID":126 }
{ "timestamp":"2016-09-20T21:40:12Z", "event":"ModuleSell", "Slot":"Slot03_Size6", "SellItem":"$int_hullreinforcement_size5_class2_name;", "SellItem_Localised":"Hull Reinforcement", "SellPrice":45000, "Ship":"belugaliner", "ShipID":126 }
{ "timestamp":"2016-09-20T21:40:15Z", "event":"ModuleSell", "Slot":"Slot04_Size6", "SellItem":"$int_hullreinforcement_size5_class2_name;", "SellItem_Localised":"Hull Reinforcement", "SellPrice":45000, "Ship":"belugaliner", "ShipID":126 }
{ "timestamp":"2016-09-20T21:40:17Z", "event":"ModuleSell", "Slot":"Slot05_Size5", "SellItem":"$int_hullreinforcement_size5_class2_name;", "SellItem_Localised":"Hull Reinforcement", "SellPrice":45000, "Ship":"belugaliner", "ShipID":126 }
{ "timestamp":"2016-09-20T21:40:19Z", "event":"ModuleSell", "Slot":"Slot06_Size5", "SellItem":"$int_hullreinforcement_size5_class2_name;", "SellItem_Localised":"Hull Reinforcement", "SellPrice":45000, "Ship":"belugaliner", "ShipID":126 }
{ "timestamp":"2016-09-20T21:40:23Z", "event":"ModuleSell", "Slot":"Slot07_Size4", "SellItem":"$int_hullreinforcement_size4_class2_name;", "SellItem_Localised":"Hull Reinforcement", "SellPrice":19500, "Ship":"belugaliner", "ShipID":126 }
{ "timestamp":"2016-09-20T21:40:26Z", "event":"ModuleSell", "Slot":"Slot08_Size3", "SellItem":"$int_hullreinforcement_size3_class2_name;", "SellItem_Localised":"Hull Reinforcement", "SellPrice":8400, "Ship":"belugaliner", "ShipID":126 }
{ "timestamp":"2016-09-20T21:40:29Z", "event":"ModuleSell", "Slot":"Slot09_Size3", "SellItem":"$int_hullreinforcement_size3_class2_name;", "SellItem_Localised":"Hull Reinforcement", "SellPrice":8400, "Ship":"belugaliner", "ShipID":126 }
{ "timestamp":"2016-09-20T21:40:31Z", "event":"ModuleSell", "Slot":"Slot10_Size3", "SellItem":"$int_hullreinforcement_size3_class2_name;", "SellItem_Localised":"Hull Reinforcement", "SellPrice":8400, "Ship":"belugaliner", "ShipID":126 }
{ "timestamp":"2016-09-20T21:40:34Z", "event":"ModuleSell", "Slot":"Slot11_Size3", "SellItem":"$int_hullreinforcement_size3_class2_name;", "SellItem_Localised":"Hull Reinforcement", "SellPrice":8400, "Ship":"belugaliner", "ShipID":126 }
{ "timestamp":"2016-09-20T21:40:57Z", "event":"ModuleBuy", "Slot":"Slot01_Size6", "BuyItem":"$int_shieldgenerator_size6_class5_name;", "BuyItem_Localised":"Shield Generator", "BuyPrice":1617953, "Ship":"belugaliner", "ShipID":126 }
{ "timestamp":"2016-09-20T21:41:33Z", "event":"Undocked", "StationName":"Dalton Gateway", "StationType":"Orbis" }
{ "timestamp":"2016-09-20T21:43:18Z", "event":"ReceiveText", "From":"$cmdr_decorate:#name=Brass99;", "From_Localised":"CMDR Brass99", "Message":"damn the belugar is big" }
{ "timestamp":"2016-09-20T21:43:44Z", "event":"ReceiveText", "From":"$cmdr_decorate:#name=Brass99;", "From_Localised":"CMDR Brass99", "Message":"if it costs only 80 million in live game i will buy 3 of them" }
{ "timestamp":"2016-09-20T21:44:18Z", "event":"SendText", "To":"local", "Message":"Could I get a smaller ship to just park next to me for a sense of scale?" }
{ "timestamp":"2016-09-20T21:44:40Z", "event":"ReceiveText", "From":"$cmdr_decorate:#name=pwrkiter;", "From_Localised":"CMDR pwrkiter", "Message":"yeah bit cheap me thinks" }
{ "timestamp":"2016-09-20T21:44:52Z", "event":"ReceiveText", "From":"$cmdr_decorate:#name=Brass99;", "From_Localised":"CMDR Brass99", "Message":"just fly with your fighter close to it" }
{ "timestamp":"2016-09-20T21:45:51Z", "event":"Screenshot", "Filename":"\\ED_Pictures\\Screenshot_0244.bmp", "Width":1366, "Height":768, "System":"LHS 3447", "Body":"Dalton Gateway" }
{ "timestamp":"2016-09-20T21:45:55Z", "event":"SendText", "To":"local", "Message":"Thanks mate" }
{ "timestamp":"2016-09-20T21:47:00Z", "event":"ReceiveText", "From":"$cmdr_decorate:#name=pwrkiter;", "From_Localised":"CMDR pwrkiter", "Message":"FDL not exactly small but it still looks huge" }
{ "timestamp":"2016-09-20T21:47:05Z", "event":"Screenshot", "Filename":"\\ED_Pictures\\Screenshot_0245.bmp", "Width":1366, "Height":768, "System":"LHS 3447", "Body":"Dalton Gateway" }
{ "timestamp":"2016-09-20T21:47:06Z", "event":"Screenshot", "Filename":"\\ED_Pictures\\Screenshot_0246.bmp", "Width":1366, "Height":768, "System":"LHS 3447", "Body":"Dalton Gateway" }
{ "timestamp":"2016-09-20T21:47:41Z", "event":"SendText", "To":"local", "Message":"Oh yeah, FDL's a big ship" }
{ "timestamp":"2016-09-20T21:47:45Z", "event":"DockingRequested", "StationName":"Dalton Gateway" }
{ "timestamp":"2016-09-20T21:47:46Z", "event":"DockingGranted", "LandingPad":10, "StationName":"Dalton Gateway" }
{ "timestamp":"2016-09-20T21:48:20Z", "event":"Docked", "StationName":"Dalton Gateway", "StationType":"Orbis", "StarSystem":"LHS 3447", "Faction":"LHS 3447 Dynamic & Co", "Allegiance":"Federation", "Economy":"$economy_Agri;", "Economy_Localised":"Agriculture", "Government":"$government_Corporate;", "Government_Localised":"Corporate", "Security":"$SYSTEM_SECURITY_high;", "Security_Localised":"High Security" }
{ "timestamp":"2016-09-20T21:48:40Z", "event":"ReceiveText", "From":"$cmdr_decorate:#name=pwrkiter;", "From_Localised":"CMDR pwrkiter", "Message":"hehe careful!" }
{ "timestamp":"2016-09-20T21:48:45Z", "event":"RepairAll", "Cost":2461 }
{ "timestamp":"2016-09-20T21:48:46Z", "event":"RefuelAll", "Cost":13, "Amount":0.248889 }
{ "timestamp":"2016-09-20T21:50:36Z", "event":"ModuleBuy", "Slot":"Slot02_Size6", "BuyItem":"$int_fighterbay_size6_class1_name;", "BuyItem_Localised":"Fighter Hangar", "BuyPrice":18600, "Ship":"belugaliner", "ShipID":126 }
{ "timestamp":"2016-09-20T21:53:30Z", "event":"Undocked", "StationName":"Dalton Gateway", "StationType":"Orbis" }
{ "timestamp":"2016-09-20T21:55:03Z", "event":"DockingRequested", "StationName":"Dalton Gateway" }
{ "timestamp":"2016-09-20T21:55:04Z", "event":"DockingGranted", "LandingPad":24, "StationName":"Dalton Gateway" }
{ "timestamp":"2016-09-20T21:55:45Z", "event":"Docked", "StationName":"Dalton Gateway", "StationType":"Orbis", "StarSystem":"LHS 3447", "Faction":"LHS 3447 Dynamic & Co", "Allegiance":"Federation", "Economy":"$economy_Agri;", "Economy_Localised":"Agriculture", "Government":"$government_Corporate;", "Government_Localised":"Corporate", "Security":"$SYSTEM_SECURITY_high;", "Security_Localised":"High Security" }
{ "timestamp":"2016-09-20T21:55:53Z", "event":"RefuelAll", "Cost":10, "Amount":0.052425 }
{ "timestamp":"2016-09-20T21:56:52Z", "event":"ShipyardSwap", "ShipType":"anaconda", "ShipID":61, "StoreOldShip":"BelugaLiner", "StoreShipID":126 }
{ "timestamp":"2016-09-20T21:56:56Z", "event":"Docked", "StationName":"Dalton Gateway", "StationType":"Orbis", "StarSystem":"LHS 3447", "Faction":"LHS 3447 Dynamic & Co", "Allegiance":"Federation", "Economy":"$economy_Agri;", "Economy_Localised":"Agriculture", "Government":"$government_Corporate;", "Government_Localised":"Corporate", "Security":"$SYSTEM_SECURITY_high;", "Security_Localised":"High Security" }
{ "timestamp":"2016-09-20T21:57:20Z", "event":"ModuleSell", "Slot":"Slot02_Size6", "SellItem":"$int_fighterbay_size5_class1_name;", "SellItem_Localised":"Fighter Hangar", "SellPrice":50457, "Ship":"anaconda", "ShipID":61 }
{ "timestamp":"2016-09-20T21:57:28Z", "event":"ModuleBuy", "Slot":"Slot02_Size6", "BuyItem":"$int_fighterbay_size6_class1_name;", "BuyItem_Localised":"Fighter Hangar", "BuyPrice":18600, "Ship":"anaconda", "ShipID":61 }
{ "timestamp":"2016-09-20T21:59:50Z", "event":"Undocked", "StationName":"Dalton Gateway", "StationType":"Orbis" }
{ "timestamp":"2016-09-20T22:00:30Z", "event":"ReceiveText", "From":"$cmdr_decorate:#name=Brass99;", "From_Localised":"CMDR Brass99", "Message":"wanna do a fighter scramble ?" }
{ "timestamp":"2016-09-20T22:01:17Z", "event":"FSDJump", "StarSystem":"LHS 3271", "StarPos":[-17.750,20.750,59.094], "Allegiance":"", "Economy":"$economy_None;", "Economy_Localised":"None", "Government":"$government_None;", "Government_Localised":"None", "Security":"$SYSTEM_SECURITY_low;", "Security_Localised":"Low Security", "JumpDist":36.515, "FuelUsed":6.006393, "FuelLevel":57.993607 }
{ "timestamp":"2016-09-20T22:02:08Z", "event":"FSDJump", "StarSystem":"HR 5779", "StarPos":[0.344,51.469,65.563], "Allegiance":"", "Economy":"$economy_None;", "Economy_Localised":"None", "Government":"$government_None;", "Government_Localised":"None", "Security":"$SYSTEM_SECURITY_low;", "Security_Localised":"Low Security", "JumpDist":36.234, "FuelUsed":5.774188, "FuelLevel":52.219418 }
{ "timestamp":"2016-09-20T22:03:10Z", "event":"FSDJump", "StarSystem":"Na Chem", "StarPos":[3.344,64.031,76.219], "Allegiance":"Independent", "Economy":"$economy_HighTech;", "Economy_Localised":"High tech", "Government":"$government_Democracy;", "Government_Localised":"Democracy", "Security":"$SYSTEM_SECURITY_medium;", "Security_Localised":"Medium Security", "JumpDist":16.744, "FuelUsed":0.761600, "FuelLevel":51.457817, "Faction":"Radio Sidewinder Crew" }
{ "timestamp":"2016-09-20T22:06:00Z", "event":"SupercruiseExit", "StarSystem":"Na Chem", "Body":"Rorschach Horizons" }
{ "timestamp":"2016-09-20T22:06:10Z", "event":"DockingRequested", "StationName":"Rorschach Horizons" }
{ "timestamp":"2016-09-20T22:06:12Z", "event":"DockingGranted", "LandingPad":2, "StationName":"Rorschach Horizons" }
{ "timestamp":"2016-09-20T22:07:01Z", "event":"Docked", "StationName":"Rorschach Horizons", "StationType":"Coriolis", "StarSystem":"Na Chem", "Faction":"Radio Sidewinder Crew", "Allegiance":"Independent", "Economy":"$economy_HighTech;", "Economy_Localised":"High tech", "Government":"$government_Democracy;", "Government_Localised":"Democracy", "Security":"$SYSTEM_SECURITY_medium;", "Security_Localised":"Medium Security" }
{ "timestamp":"2016-09-20T22:07:30Z", "event":"RefuelAll", "Cost":636, "Amount":12.701288 }
{ "timestamp":"2016-09-20T22:08:01Z", "event":"ShipyardTransfer", "ShipType":"Federation_Corvette", "ShipID":121, "System":"Qama", "Distance":1552870508477808640.000000, "TransferPrice":146173 }
{ "timestamp":"2016-09-20T22:08:26Z", "event":"ShipyardTransfer", "ShipType":"Federation_Gunship", "ShipID":127, "System":"LHS 3447", "Distance":812301186098003968.000000, "TransferPrice":22999 }
{ "timestamp":"2016-09-20T22:08:35Z", "event":"ShipyardTransfer", "ShipType":"Empire_Trader", "ShipID":125, "System":"V374 Pegasi", "Distance":1030055340810436608.000000, "TransferPrice":26821 }
{ "timestamp":"2016-09-20T22:08:44Z", "event":"ShipyardTransfer", "ShipType":"BelugaLiner", "ShipID":126, "System":"LHS 3447", "Distance":812301186098003968.000000, "TransferPrice":40483 }
{ "timestamp":"2016-09-20T22:08:56Z", "event":"ShipyardTransfer", "ShipType":"Cutter", "ShipID":124, "System":"V374 Pegasi", "Distance":1030055340810436608.000000, "TransferPrice":70371 }
{ "timestamp":"2016-09-20T22:09:25Z", "event":"ShipyardSell", "ShipType":"type9", "SellShipID":118, "ShipPrice":89214667 }
{ "timestamp":"2016-09-20T22:09:45Z", "event":"HeatWarning" }
{ "timestamp":"2016-09-20T22:12:14Z", "event":"ModuleSell", "Slot":"Slot08_Size4", "SellItem":"$int_passengercabin_size4_class3_name;", "SellItem_Localised":"FC Passenger Cabin", "SellPrice":14501, "Ship":"anaconda", "ShipID":61 }
{ "timestamp":"2016-09-20T22:12:18Z", "event":"ModuleSell", "Slot":"Slot06_Size5", "SellItem":"$int_passengercabin_size4_class1_name;", "SellItem_Localised":"EC Passenger Cabin", "SellPrice":1611, "Ship":"anaconda", "ShipID":61 }
{ "timestamp":"2016-09-20T22:12:21Z", "event":"ModuleSell", "Slot":"Slot03_Size6", "SellItem":"$int_passengercabin_size6_class2_name;", "SellItem_Localised":"BC Passenger Cabin", "SellPrice":15660, "Ship":"anaconda", "ShipID":61 }
{ "timestamp":"2016-09-20T22:12:28Z", "event":"ModuleSell", "Slot":"Slot05_Size5", "SellItem":"$int_fueltank_size5_class3_name;", "SellItem_Localised":"Fuel Tank", "SellPrice":83091, "Ship":"anaconda", "ShipID":61 }
{ "timestamp":"2016-09-20T22:13:36Z", "event":"ModuleSell", "Slot":"Slot02_Size6", "SellItem":"$int_fighterbay_size6_class1_name;", "SellItem_Localised":"Fighter Hangar", "SellPrice":18600, "Ship":"anaconda", "ShipID":61 }
{ "timestamp":"2016-09-20T22:13:50Z", "event":"ModuleBuy", "Slot":"MainEngines", "SellItem":"$int_engine_size7_class5_name;", "SellItem_Localised":"Thrusters", "SellPrice":4359575, "BuyItem":"$int_engine_size5_class2_name;", "BuyItem_Localised":"Thrusters", "BuyPrice":18904, "Ship":"anaconda", "ShipID":61 }
{ "timestamp":"2016-09-20T22:14:56Z", "event":"ModuleBuy", "Slot":"Slot02_Size6", "BuyItem":"$int_fighterbay_size6_class1_name;", "BuyItem_Localised":"Fighter Hangar", "BuyPrice":18600, "Ship":"anaconda", "ShipID":61 }
{ "timestamp":"2016-09-20T22:16:24Z", "event":"Undocked", "StationName":"Rorschach Horizons", "StationType":"Coriolis" }
{ "timestamp":"2016-09-20T22:18:45Z", "event":"SupercruiseEntry", "StarSystem":"Na Chem" }
{ "timestamp":"2016-09-20T22:19:43Z", "event":"SupercruiseExit", "StarSystem":"Na Chem", "Body":"Na Chem 1" }
{ "timestamp":"2016-09-20T22:20:31Z", "event":"LaunchFighter", "Loadout":"zero", "PlayerControlled":true }
{ "timestamp":"2016-09-20T22:24:52Z", "event":"DockFighter" }
{ "timestamp":"2016-09-20T22:25:54Z", "event":"SupercruiseEntry", "StarSystem":"Na Chem" }
{ "timestamp":"2016-09-20T22:26:55Z", "event":"FSDJump", "StarSystem":"66 Virginis", "StarPos":[35.469,81.313,40.969], "Allegiance":"", "Economy":"$economy_None;", "Economy_Localised":"None", "Government":"$government_None;", "Government_Localised":"None", "Security":"$SYSTEM_SECURITY_low;", "Security_Localised":"Low Security", "JumpDist":50.727, "FuelUsed":7.845903, "FuelLevel":24.154097 }
{ "timestamp":"2016-09-20T22:27:22Z", "event":"HeatWarning" }
{ "timestamp":"2016-09-20T22:28:02Z", "event":"FSDJump", "StarSystem":"Pomeche", "StarPos":[56.656,82.094,3.094], "Allegiance":"Federation", "Economy":"$economy_Colony;", "Economy_Localised":"Colony", "Government":"$government_Corporate;", "Government_Localised":"Corporate", "Security":"$SYSTEM_SECURITY_low;", "Security_Localised":"Low Security", "JumpDist":43.405, "FuelUsed":5.068249, "FuelLevel":19.085848, "Faction":"Pomeche Electronics Corporation" }
{ "timestamp":"2016-09-20T22:28:03Z", "event":"HeatWarning" }
{ "timestamp":"2016-09-20T22:33:44Z", "event":"Screenshot", "Filename":"\\ED_Pictures\\Screenshot_0247.bmp", "Width":1366, "Height":768, "System":"Pomeche", "Body":"Pomeche 2 c" }
{ "timestamp":"2016-09-20T22:33:46Z", "event":"SupercruiseExit", "StarSystem":"Pomeche", "Body":"Pomeche 2 c" }
{ "timestamp":"2016-09-20T22:33:48Z", "event":"Screenshot", "Filename":"\\ED_Pictures\\Screenshot_0248.bmp", "Width":1366, "Height":768, "System":"Pomeche", "Body":"Pomeche 2 c" }
{ "timestamp":"2016-09-20T22:33:50Z", "event":"Screenshot", "Filename":"\\ED_Pictures\\Screenshot_0249.bmp", "Width":1366, "Height":768, "System":"Pomeche", "Body":"Pomeche 2 c" }
{ "timestamp":"2016-09-20T22:34:37Z", "event":"LaunchFighter", "Loadout":"zero", "PlayerControlled":true }
{ "timestamp":"2016-09-20T22:35:38Z", "event":"Screenshot", "Filename":"\\ED_Pictures\\Screenshot_0250.bmp", "Width":1366, "Height":768, "System":"Pomeche", "Body":"Pomeche 2 c" }
{ "timestamp":"2016-09-20T22:35:58Z", "event":"Screenshot", "Filename":"\\ED_Pictures\\Screenshot_0251.bmp", "Width":1366, "Height":768, "System":"Pomeche", "Body":"Pomeche 2 c" }
{ "timestamp":"2016-09-20T22:37:32Z", "event":"DockFighter" }
{ "timestamp":"2016-09-20T22:38:25Z", "event":"SupercruiseEntry", "StarSystem":"Pomeche" }
{ "timestamp":"2016-09-20T22:40:09Z", "event":"Screenshot", "Filename":"\\ED_Pictures\\Screenshot_0252.bmp", "Width":1366, "Height":768, "System":"Pomeche", "Body":"Pomeche 2 c" }
{ "timestamp":"2016-09-20T22:40:10Z", "event":"Screenshot", "Filename":"\\ED_Pictures\\Screenshot_0253.bmp", "Width":1366, "Height":768, "System":"Pomeche", "Body":"Pomeche 2 c" }
{ "timestamp":"2016-09-20T22:40:16Z", "event":"ApproachSettlement", "Name":"Epic Mountain Range" }
{ "timestamp":"2016-09-20T22:40:18Z", "event":"SupercruiseExit", "StarSystem":"Pomeche", "Body":"Pomeche 2 c" }
{ "timestamp":"2016-09-20T22:41:05Z", "event":"DataScanned", "Type":"TouristBeacon" }
{ "timestamp":"2016-09-20T22:41:41Z", "event":"Touchdown", "Latitude":24.942440, "Longitude":27.893234 }
{ "timestamp":"2016-09-20T22:41:47Z", "event":"LaunchSRV", "Loadout":"starter", "PlayerControlled":true }
{ "timestamp":"2016-09-20T22:43:15Z", "event":"Screenshot", "Filename":"\\ED_Pictures\\Screenshot_0254.bmp", "Width":1366, "Height":768, "System":"Pomeche", "Body":"Pomeche 2 c" }
{ "timestamp":"2016-09-20T22:43:15Z", "event":"Screenshot", "Filename":"\\ED_Pictures\\Screenshot_0255.bmp", "Width":1366, "Height":768, "System":"Pomeche", "Body":"Pomeche 2 c" }
{ "timestamp":"2016-09-20T22:43:45Z", "event":"HullDamage", "Health":0.758248 }
{ "timestamp":"2016-09-20T22:43:55Z", "event":"HullDamage", "Health":0.568839 }
{ "timestamp":"2016-09-20T22:44:38Z", "event":"HullDamage", "Health":0.256127 }
{ "timestamp":"2016-09-20T22:44:56Z", "event":"HullDamage", "Health":0.170810 }
{ "timestamp":"2016-09-20T22:45:32Z", "event":"ApproachSettlement", "Name":"Epic Mountain Range" }
{ "timestamp":"2016-09-20T22:45:56Z", "event":"Location", "StarSystem":"Pomeche", "StarPos":[56.656,82.094,3.094], "Allegiance":"Federation", "Economy":"$economy_Colony;", "Economy_Localised":"Colony", "Government":"$government_Corporate;", "Government_Localised":"Corporate", "Security":"$SYSTEM_SECURITY_low;", "Security_Localised":"Low Security", "Faction":"Pomeche Electronics Corporation" }
{ "timestamp":"2016-09-20T22:47:26Z", "event":"FSDJump", "StarSystem":"Meldrith", "StarPos":[25.219,68.750,40.469], "Allegiance":"Federation", "Economy":"$economy_Industrial;", "Economy_Localised":"Industrial", "Government":"$government_Democracy;", "Government_Localised":"Democracy", "Security":"$SYSTEM_SECURITY_medium;", "Security_Localised":"Medium Security", "JumpDist":50.629, "FuelUsed":7.407653, "FuelLevel":11.678194, "Faction":"People's Meldrith Values Party" }
{ "timestamp":"2016-09-20T22:47:49Z", "event":"HeatWarning" }
{ "timestamp":"2016-09-20T22:48:26Z", "event":"FSDJump", "StarSystem":"Na Chem", "StarPos":[3.344,64.031,76.219], "Allegiance":"Independent", "Economy":"$economy_HighTech;", "Economy_Localised":"High tech", "Government":"$government_Democracy;", "Government_Localised":"Democracy", "Security":"$SYSTEM_SECURITY_medium;", "Security_Localised":"Medium Security", "JumpDist":42.176, "FuelUsed":4.468438, "FuelLevel":7.209756, "Faction":"Radio Sidewinder Crew" }
{ "timestamp":"2016-09-20T22:50:37Z", "event":"SupercruiseExit", "StarSystem":"Na Chem", "Body":"Rorschach Horizons" }
{ "timestamp":"2016-09-20T22:50:58Z", "event":"DockingRequested", "StationName":"Rorschach Horizons" }
{ "timestamp":"2016-09-20T22:50:59Z", "event":"DockingGranted", "LandingPad":10, "StationName":"Rorschach Horizons" }
{ "timestamp":"2016-09-20T22:51:37Z", "event":"Docked", "StationName":"Rorschach Horizons", "StationType":"Coriolis", "StarSystem":"Na Chem", "Faction":"Radio Sidewinder Crew", "Allegiance":"Independent", "Economy":"$economy_HighTech;", "Economy_Localised":"High tech", "Government":"$government_Democracy;", "Government_Localised":"Democracy", "Security":"$SYSTEM_SECURITY_medium;", "Security_Localised":"Medium Security" }
{ "timestamp":"2016-09-20T22:51:48Z", "event":"RepairAll", "Cost":612 }
{ "timestamp":"2016-09-20T22:51:49Z", "event":"RefuelAll", "Cost":1269, "Amount":25.351494 }
{ "timestamp":"2016-09-20T22:51:49Z", "event":"RestockVehicle", "Type":"testbuggy", "Loadout":"starter", "Cost":1030, "Count":1 }
{ "timestamp":"2016-09-20T22:52:18Z", "event":"ShipyardSwap", "ShipType":"belugaliner", "ShipID":126, "StoreOldShip":"Anaconda", "StoreShipID":61 }
{ "timestamp":"2016-09-20T22:52:33Z", "event":"Docked", "StationName":"Rorschach Horizons", "StationType":"Coriolis", "StarSystem":"Na Chem", "Faction":"Radio Sidewinder Crew", "Allegiance":"Independent", "Economy":"$economy_HighTech;", "Economy_Localised":"High tech", "Government":"$government_Democracy;", "Government_Localised":"Democracy", "Security":"$SYSTEM_SECURITY_medium;", "Security_Localised":"Medium Security" }
{ "timestamp":"2016-09-20T22:53:01Z", "event":"ShipyardSwap", "ShipType":"anaconda", "ShipID":61, "StoreOldShip":"BelugaLiner", "StoreShipID":126 }
{ "timestamp":"2016-09-20T22:53:16Z", "event":"Docked", "StationName":"Rorschach Horizons", "StationType":"Coriolis", "StarSystem":"Na Chem", "Faction":"Radio Sidewinder Crew", "Allegiance":"Independent", "Economy":"$economy_HighTech;", "Economy_Localised":"High tech", "Government":"$government_Democracy;", "Government_Localised":"Democracy", "Security":"$SYSTEM_SECURITY_medium;", "Security_Localised":"Medium Security" }
