{ "timestamp":"2016-09-21T18:37:16Z", "event":"Fileheader", "part":1, "language":"English\\UK", "gameversion":"2.2 (Beta 3)", "build":"r121970/r0 " }
{ "timestamp":"2016-09-21T18:40:51Z", "event":"LoadGame", "Commander":"Jonuss", "Ship":"BelugaLiner", "ShipID":126, "GameMode":"Open", "Credits":369940166, "Loan":0 }
{ "timestamp":"2016-09-21T18:40:51Z", "event":"Rank", "Combat":4, "Trade":7, "Explore":6, "Empire":3, "Federation":5, "CQC":0 }
{ "timestamp":"2016-09-21T18:40:51Z", "event":"Progress", "Combat":23, "Trade":63, "Explore":86, "Empire":100, "Federation":18, "CQC":0 }
{ "timestamp":"2016-09-21T18:41:15Z", "event":"Location", "Docked":1, "StationName":"Bernoulli Vision", "StationType":"Coriolis", "StarSystem":"Caeritis", "StarPos":[119.813,-4.938,-23.063], "Allegiance":"Federation", "Economy":"$economy_HighTech;", "Economy_Localised":"High tech", "Government":"$government_Corporate;", "Government_Localised":"Corporate", "Security":"$SYSTEM_SECURITY_medium;", "Security_Localised":"Medium Security", "Faction":"Caeritis Purple Fortune Ind", "FactionState":"Boom" }
{ "timestamp":"2016-09-21T18:41:16Z", "event":"Docked", "StationName":"Bernoulli Vision", "StationType":"Coriolis", "StarSystem":"Caeritis", "Faction":"Caeritis Purple Fortune Ind", "FactionState":"Boom", "Allegiance":"Federation", "Economy":"$economy_HighTech;", "Economy_Localised":"High tech", "Government":"$government_Corporate;", "Government_Localised":"Corporate", "Security":"$SYSTEM_SECURITY_medium;", "Security_Localised":"Medium Security" }
{ "timestamp":"2016-09-21T18:41:48Z", "event":"ModuleBuy", "Slot":"Slot10_Size3", "BuyItem":"$int_stellarbodydiscoveryscanner_advanced_name;", "BuyItem_Localised":"D - Scanner", "BuyPrice":154500, "Ship":"belugaliner", "ShipID":126 }
{ "timestamp":"2016-09-21T18:41:54Z", "event":"ModuleBuy", "Slot":"Slot11_Size3", "SellItem":"$int_dockingcomputer_standard_name;", "SellItem_Localised":"Docking Computer", "SellPrice":450, "BuyItem":"$int_detailedsurfacescanner_tiny_name;", "BuyItem_Localised":"Surface Scanner", "BuyPrice":25000, "Ship":"belugaliner", "ShipID":126 }
{ "timestamp":"2016-09-21T18:42:08Z", "event":"ModuleBuy", "Slot":"Slot09_Size3", "BuyItem":"$int_buggybay_size2_class2_name;", "BuyItem_Localised":"Planetary Vehicle Hangar", "BuyPrice":2160, "Ship":"belugaliner", "ShipID":126 }
{ "timestamp":"2016-09-21T18:42:32Z", "event":"ModuleBuy", "Slot":"PowerDistributor", "SellItem":"$int_powerdistributor_size6_class5_name;", "SellItem_Localised":"Power Distributor", "SellPrice":347569, "BuyItem":"$int_powerdistributor_size4_class5_name;", "BuyItem_Localised":"Power Distributor", "BuyPrice":44333, "Ship":"belugaliner", "ShipID":126 }
{ "timestamp":"2016-09-21T18:42:44Z", "event":"ModuleBuy", "Slot":"PowerPlant", "SellItem":"$int_powerplant_size5_class5_name;", "SellItem_Localised":"Power Plant", "SellPrice":510395, "BuyItem":"$int_powerplant_size6_class2_name;", "BuyItem_Localised":"Power Plant", "BuyPrice":59924, "Ship":"belugaliner", "ShipID":126 }
{ "timestamp":"2016-09-21T18:42:44Z", "event":"ShieldState", "ShieldsUp":false }
{ "timestamp":"2016-09-21T18:42:49Z", "event":"ShieldState", "ShieldsUp":true }
{ "timestamp":"2016-09-21T18:42:54Z", "event":"ModuleBuy", "Slot":"MainEngines", "SellItem":"$int_engine_size7_class5_name;", "SellItem_Localised":"Thrusters", "SellPrice":5128911, "BuyItem":"$int_engine_size7_class2_name;", "BuyItem_Localised":"Thrusters", "BuyPrice":189960, "Ship":"belugaliner", "ShipID":126 }
{ "timestamp":"2016-09-21T18:43:39Z", "event":"Undocked", "StationName":"Bernoulli Vision", "StationType":"Coriolis" }
{ "timestamp":"2016-09-21T18:43:57Z", "event":"CommitCrime", "CrimeType":"collidedAtSpeedInNoFireZone", "Faction":"Caeritis Purple Fortune Ind", "Fine":200 }
{ "timestamp":"2016-09-21T18:44:02Z", "event":"ShieldState", "ShieldsUp":false }
{ "timestamp":"2016-09-21T18:44:02Z", "event":"CommitCrime", "CrimeType":"collidedAtSpeedInNoFireZone", "Faction":"Caeritis Purple Fortune Ind", "Fine":200 }
{ "timestamp":"2016-09-21T18:44:50Z", "event":"HeatWarning" }
{ "timestamp":"2016-09-21T18:45:17Z", "event":"FSDJump", "StarSystem":"Kaukamine", "StarPos":[95.094,4.250,-33.719], "Allegiance":"Federation", "Economy":"$economy_HighTech;", "Economy_Localised":"High tech", "Government":"$government_Corporate;", "Government_Localised":"Corporate", "Security":"$SYSTEM_SECURITY_medium;", "Security_Localised":"Medium Security", "JumpDist":28.443, "FuelUsed":9.417846, "FuelLevel":22.582153, "Faction":"Kaukamine Vision Industry" }
{ "timestamp":"2016-09-21T18:45:17Z", "event":"HeatWarning" }
{ "timestamp":"2016-09-21T18:45:40Z", "event":"FuelScoop", "Scooped":1.117695, "Total":23.699848 }
{ "timestamp":"2016-09-21T18:46:55Z", "event":"LoadGame", "Commander":"Jonuss", "Ship":"BelugaLiner", "ShipID":126, "GameMode":"Open", "Credits":375451087, "Loan":0 }
{ "timestamp":"2016-09-21T18:46:55Z", "event":"Rank", "Combat":4, "Trade":7, "Explore":6, "Empire":3, "Federation":5, "CQC":0 }
{ "timestamp":"2016-09-21T18:46:55Z", "event":"Progress", "Combat":23, "Trade":63, "Explore":86, "Empire":100, "Federation":18, "CQC":0 }
{ "timestamp":"2016-09-21T18:47:13Z", "event":"Location", "StarSystem":"Kaukamine", "StarPos":[95.094,4.250,-33.719], "Allegiance":"Federation", "Economy":"$economy_HighTech;", "Economy_Localised":"High tech", "Government":"$government_Corporate;", "Government_Localised":"Corporate", "Security":"$SYSTEM_SECURITY_medium;", "Security_Localised":"Medium Security", "Faction":"Kaukamine Vision Industry" }
