{ "timestamp":"2016-09-30T02:25:48Z", "event":"Fileheader", "part":1, "language":"English\\UK", "gameversion":"2.2 (Beta 4)", "build":"r122528/r0 " }
{ "timestamp":"2016-09-30T02:26:08Z", "event":"LoadGame", "Commander":"Jonuss", "Ship":"Empire_Trader", "ShipID":137, "GameMode":"Open", "Credits":419696122, "Loan":0 }
{ "timestamp":"2016-09-30T02:26:08Z", "event":"Rank", "Combat":4, "Trade":7, "Explore":6, "Empire":3, "Federation":5, "CQC":0 }
{ "timestamp":"2016-09-30T02:26:08Z", "event":"Progress", "Combat":25, "Trade":63, "Explore":86, "Empire":100, "Federation":18, "CQC":0 }
{ "timestamp":"2016-09-30T02:26:59Z", "event":"Location", "Docked":true, "StationName":"Jameson Memorial", "StationType":"Orbis", "StarSystem":"Shinrarta Dezhra", "StarPos":[55.719,17.594,27.156], "Allegiance":"Independent", "Economy":"$economy_HighTech;", "Economy_Localised":"High tech", "Government":"$government_Democracy;", "Government_Localised":"Democracy", "Security":"$SYSTEM_SECURITY_high;", "Security_Localised":"High Security", "Body":"Jameson Memorial", "Faction":"The Pilots Federation" }
{ "timestamp":"2016-09-30T02:26:59Z", "event":"Docked", "StationName":"Jameson Memorial", "StationType":"Orbis", "StarSystem":"Shinrarta Dezhra", "Faction":"The Pilots Federation", "Allegiance":"Independent", "Economy":"$economy_HighTech;", "Economy_Localised":"High tech", "Government":"$government_Democracy;", "Government_Localised":"Democracy", "Security":"$SYSTEM_SECURITY_high;", "Security_Localised":"High Security" }
{ "timestamp":"2016-09-30T02:27:15Z", "event":"RefuelAll", "Cost":10, "Amount":0.040094 }
{ "timestamp":"2016-09-30T02:31:56Z", "event":"ShipyardBuy", "ShipType":"asp", "ShipPrice":599505, "SellOldShip":"Empire_Trader", "SellShipID":137, "SellPrice":13284243 }
{ "timestamp":"2016-09-30T02:31:57Z", "event":"ShipyardNew", "ShipType":"asp", "NewShipID":137 }
{ "timestamp":"2016-09-30T02:32:08Z", "event":"Docked", "StationName":"Jameson Memorial", "StationType":"Orbis", "StarSystem":"Shinrarta Dezhra", "Faction":"The Pilots Federation", "Allegiance":"Independent", "Economy":"$economy_HighTech;", "Economy_Localised":"High tech", "Government":"$government_Democracy;", "Government_Localised":"Democracy", "Security":"$SYSTEM_SECURITY_high;", "Security_Localised":"High Security" }
{ "timestamp":"2016-09-30T02:33:03Z", "event":"ModuleSell", "Slot":"SmallHardpoint2", "SellItem":"$hpt_pulselaser_fixed_small_name;", "SellItem_Localised":"Pulse Laser", "SellPrice":198, "Ship":"asp", "ShipID":137 }
{ "timestamp":"2016-09-30T02:33:11Z", "event":"ModuleSell", "Slot":"SmallHardpoint1", "SellItem":"$hpt_pulselaser_fixed_small_name;", "SellItem_Localised":"Pulse Laser", "SellPrice":198, "Ship":"asp", "ShipID":137 }
{ "timestamp":"2016-09-30T02:34:01Z", "event":"ModuleBuy", "Slot":"PowerPlant", "SellItem":"$int_powerplant_size5_class1_name;", "SellItem_Localised":"Power Plant", "SellPrice":5671, "BuyItem":"$int_powerplant_size5_class2_name;", "BuyItem_Localised":"Power Plant", "BuyPrice":17014, "Ship":"asp", "ShipID":137 }
{ "timestamp":"2016-09-30T02:34:01Z", "event":"ShieldState", "ShieldsUp":false }
{ "timestamp":"2016-09-30T02:34:05Z", "event":"ShieldState", "ShieldsUp":true }
{ "timestamp":"2016-09-30T02:34:07Z", "event":"ModuleBuy", "Slot":"MainEngines", "SellItem":"$int_engine_size5_class1_name;", "SellItem_Localised":"Thrusters", "SellPrice":5671, "BuyItem":"$int_engine_size4_class2_name;", "BuyItem_Localised":"Thrusters", "BuyPrice":5368, "Ship":"asp", "ShipID":137 }
{ "timestamp":"2016-09-30T02:34:12Z", "event":"ModuleBuy", "Slot":"FrameShiftDrive", "SellItem":"$int_hyperdrive_size5_class1_name;", "SellItem_Localised":"FSD", "SellPrice":5671, "BuyItem":"$int_hyperdrive_size5_class5_name;", "BuyItem_Localised":"FSD", "BuyPrice":459357, "Ship":"asp", "ShipID":137 }
{ "timestamp":"2016-09-30T02:34:17Z", "event":"ModuleBuy", "Slot":"LifeSupport", "SellItem":"$int_lifesupport_size4_class1_name;", "SellItem_Localised":"Life Support", "SellPrice":1021, "BuyItem":"$int_lifesupport_size4_class2_name;", "BuyItem_Localised":"Life Support", "BuyPrice":2555, "Ship":"asp", "ShipID":137 }
{ "timestamp":"2016-09-30T02:34:21Z", "event":"ModuleBuy", "Slot":"PowerDistributor", "SellItem":"$int_powerdistributor_size4_class1_name;", "SellItem_Localised":"Power Distributor", "SellPrice":1021, "BuyItem":"$int_powerdistributor_size4_class5_name;", "BuyItem_Localised":"Power Distributor", "BuyPrice":39900, "Ship":"asp", "ShipID":137 }
{ "timestamp":"2016-09-30T02:34:26Z", "event":"ModuleBuy", "Slot":"Radar", "SellItem":"$int_sensors_size5_class1_name;", "SellItem_Localised":"Sensors", "SellPrice":2860, "BuyItem":"$int_sensors_size5_class2_name;", "BuyItem_Localised":"Sensors", "BuyPrice":7151, "Ship":"asp", "ShipID":137 }
{ "timestamp":"2016-09-30T02:34:31Z", "event":"ModuleSell", "Slot":"Slot02_Size5", "SellItem":"$int_shieldgenerator_size5_class1_name;", "SellItem_Localised":"Shield Generator", "SellPrice":5671, "Ship":"asp", "ShipID":137 }
{ "timestamp":"2016-09-30T02:34:39Z", "event":"ModuleBuy", "Slot":"Slot01_Size6", "SellItem":"$int_cargorack_size5_class1_name;", "SellItem_Localised":"Cargo Rack", "SellPrice":10041, "BuyItem":"$int_fuelscoop_size6_class5_name;", "BuyItem_Localised":"Fuel Scoop", "BuyPrice":2588725, "Ship":"asp", "ShipID":137 }
{ "timestamp":"2016-09-30T02:35:02Z", "event":"Undocked", "StationName":"Jameson Memorial", "StationType":"Orbis" }
{ "timestamp":"2016-09-30T02:36:02Z", "event":"FSDJump", "StarSystem":"Ukko", "StarPos":[32.563,37.375,39.656], "Allegiance":"", "Economy":"$economy_None;", "Economy_Localised":"None", "Government":"$government_None;", "Government_Localised":"None", "Security":"$SYSTEM_SECURITY_low;", "Security_Localised":"Low Security", "JumpDist":32.921, "FuelUsed":4.801619, "FuelLevel":27.198381 }
{ "timestamp":"2016-09-30T02:36:22Z", "event":"HeatWarning" }
{ "timestamp":"2016-09-30T02:36:27Z", "event":"FuelScoop", "Scooped":4.801619, "Total":32.000000 }
{ "timestamp":"2016-09-30T02:36:58Z", "event":"FSDJump", "StarSystem":"Lardhampt", "StarPos":[18.063,59.781,57.188], "Allegiance":"Federation", "Economy":"$economy_Industrial;", "Economy_Localised":"Industrial", "Government":"$government_Democracy;", "Government_Localised":"Democracy", "Security":"$SYSTEM_SECURITY_medium;", "Security_Localised":"Medium Security", "JumpDist":31.932, "FuelUsed":4.455822, "FuelLevel":27.544178, "Faction":"Workers of Lardhampt Values Party" }
{ "timestamp":"2016-09-30T02:36:59Z", "event":"HeatWarning" }
{ "timestamp":"2016-09-30T02:37:13Z", "event":"HeatWarning" }
{ "timestamp":"2016-09-30T02:37:52Z", "event":"FSDJump", "StarSystem":"Tago", "StarPos":[-1.531,68.156,74.219], "Allegiance":"Independent", "Economy":"$economy_Industrial;", "Economy_Localised":"Industrial", "Government":"$government_Democracy;", "Government_Localised":"Democracy", "Security":"$SYSTEM_SECURITY_high;", "Security_Localised":"High Security", "JumpDist":27.279, "FuelUsed":2.940321, "FuelLevel":24.603857, "Faction":"Radio Sidewinder Crew" }
{ "timestamp":"2016-09-30T02:58:11Z", "event":"Screenshot", "Filename":"\\ED_Pictures\\Screenshot_0122.bmp", "Width":1600, "Height":900, "System":"Tago", "Body":"Tago ABC" }
{ "timestamp":"2016-09-30T02:59:10Z", "event":"Screenshot", "Filename":"\\ED_Pictures\\Screenshot_0123.bmp", "Width":1600, "Height":900, "System":"Tago", "Body":"Tago ABC" }
{ "timestamp":"2016-09-30T03:09:12Z", "event":"Screenshot", "Filename":"\\ED_Pictures\\Screenshot_0124.bmp", "Width":1600, "Height":900, "System":"Tago", "Body":"Tago ABC" }
