{ "timestamp":"2016-09-20T16:04:18Z", "event":"Fileheader", "part":1, "language":"English\\UK", "gameversion":"2.2", "build":"r121645/r0 " }
{ "timestamp":"2016-09-20T16:05:41Z", "event":"LoadGame", "Commander":"Lucienn", "Ship":"Anaconda", "ShipID":42, "GameMode":"Open", "Credits":77524006, "Loan":0 }
{ "timestamp":"2016-09-20T16:05:41Z", "event":"Rank", "Combat":5, "Trade":6, "Explore":7, "Empire":2, "Federation":6, "CQC":0 }
{ "timestamp":"2016-09-20T16:05:41Z", "event":"Progress", "Combat":88, "Trade":60, "Explore":48, "Empire":80, "Federation":58, "CQC":55 }
{ "timestamp":"2016-09-20T16:05:44Z", "event":"EngineerProgress", "Engineer":"Bill Turner", "Progress":"Known" }
{ "timestamp":"2016-09-20T16:05:44Z", "event":"EngineerProgress", "Engineer":"Ram Tah", "Progress":"Invited" }
{ "timestamp":"2016-09-20T16:06:13Z", "event":"Location", "Docked":1, "StationName":"Williams City", "StationType":"Orbis", "StarSystem":"Hemang", "StarPos":[-39.000,73.094,-113.875], "Allegiance":"Independent", "Economy":"$economy_Agri;", "Economy_Localised":"Agriculture", "Government":"$government_Democracy;", "Government_Localised":"Democracy", "Security":"$SYSTEM_SECURITY_medium;", "Security_Localised":"Medium Security", "Faction":"Hemang Future" }
{ "timestamp":"2016-09-20T16:06:13Z", "event":"Docked", "StationName":"Williams City", "StationType":"Orbis", "StarSystem":"Hemang", "Faction":"Hemang Future", "Allegiance":"Independent", "Economy":"$economy_Agri;", "Economy_Localised":"Agriculture", "Government":"$government_Democracy;", "Government_Localised":"Democracy", "Security":"$SYSTEM_SECURITY_medium;", "Security_Localised":"Medium Security" }
{ "timestamp":"2016-09-20T16:13:20Z", "event":"Undocked", "StationName":"Williams City", "StationType":"Orbis" }
{ "timestamp":"2016-09-20T16:15:57Z", "event":"FSDJump", "StarSystem":"Niju", "StarPos":[-42.781,57.844,-111.750], "Allegiance":"Federation", "Economy":"$economy_Colony;", "Economy_Localised":"Colony", "Government":"$government_Confederacy;", "Government_Localised":"Confederacy", "Security":"$SYSTEM_SECURITY_low;", "Security_Localised":"Low Security", "JumpDist":15.855, "FuelUsed":4.973769, "FuelLevel":27.026230, "Faction":"Niju Coalition" }
{ "timestamp":"2016-09-20T16:17:28Z", "event":"FuelScoop", "Scooped":2.669376, "Total":29.695606 }
{ "timestamp":"2016-09-20T16:18:04Z", "event":"FSDJump", "StarSystem":"Bella", "StarPos":[-40.469,40.156,-114.719], "Allegiance":"Independent", "Economy":"$economy_Colony;", "Economy_Localised":"Colony", "Government":"$government_Patronage;", "Government_Localised":"Patronage", "Security":"$SYSTEM_SECURITY_low;", "Security_Localised":"Low Security", "JumpDist":18.083, "FuelUsed":6.966664, "FuelLevel":22.728943, "Faction":"CHIMERA", "FactionState":"Boom" }
{ "timestamp":"2016-09-20T16:18:34Z", "event":"FuelScoop", "Scooped":3.177912, "Total":25.906855 }
{ "timestamp":"2016-09-20T16:19:21Z", "event":"FSDJump", "StarSystem":"Alexis Centauri", "StarPos":[-41.156,23.438,-108.250], "Allegiance":"Independent", "Economy":"$economy_Colony;", "Economy_Localised":"Colony", "Government":"$government_Anarchy;", "Government_Localised":"Anarchy", "Security":"$GAlAXY_MAP_INFO_state_anarchy;", "Security_Localised":"Anarchy", "JumpDist":17.940, "FuelUsed":6.767821, "FuelLevel":19.139034, "Faction":"Alexis Centauri Purple Gang" }
{ "timestamp":"2016-09-20T16:20:33Z", "event":"FuelScoop", "Scooped":3.763958, "Total":22.902992 }
{ "timestamp":"2016-09-20T16:27:02Z", "event":"FSDJump", "StarSystem":"LP 158-2", "StarPos":[-39.000,8.375,-101.250], "Allegiance":"Federation", "Economy":"$economy_Industrial;", "Economy_Localised":"Industrial", "Government":"$government_Democracy;", "Government_Localised":"Democracy", "Security":"$SYSTEM_SECURITY_high;", "Security_Localised":"High Security", "JumpDist":16.749, "FuelUsed":5.624002, "FuelLevel":17.278990, "Faction":"Social LP 158-2 Resistance" }
{ "timestamp":"2016-09-20T16:27:37Z", "event":"FuelScoop", "Scooped":3.549200, "Total":20.828190 }
{ "timestamp":"2016-09-20T16:28:12Z", "event":"FSDJump", "StarSystem":"Bestakas", "StarPos":[-34.719,-10.125,-100.594], "Allegiance":"Independent", "Economy":"$economy_Refinery;", "Economy_Localised":"Refinery", "Government":"$government_Corporate;", "Government_Localised":"Corporate", "Security":"$SYSTEM_SECURITY_medium;", "Security_Localised":"Medium Security", "JumpDist":19.000, "FuelUsed":7.771270, "FuelLevel":13.056919, "Faction":"Bestakas Network" }
{ "timestamp":"2016-09-20T16:29:24Z", "event":"FuelScoop", "Scooped":9.828510, "Total":22.885429 }
{ "timestamp":"2016-09-20T16:30:15Z", "event":"FSDJump", "StarSystem":"Arietis Sector QT-Q b5-4", "StarPos":[-35.781,-23.688,-104.563], "Allegiance":"", "Economy":"$economy_None;", "Economy_Localised":"None", "Government":"$government_None;", "Government_Localised":"None", "Security":"$SYSTEM_SECURITY_low;", "Security_Localised":"Low Security", "JumpDist":14.171, "FuelUsed":3.641801, "FuelLevel":19.243628 }
{ "timestamp":"2016-09-20T16:30:46Z", "event":"FuelScoop", "Scooped":3.254568, "Total":22.498196 }
{ "timestamp":"2016-09-20T16:31:10Z", "event":"FSDJump", "StarSystem":"Arietis Sector JD-H a11-1", "StarPos":[-41.344,-37.563,-101.844], "Allegiance":"", "Economy":"$economy_None;", "Economy_Localised":"None", "Government":"$government_None;", "Government_Localised":"None", "Security":"$SYSTEM_SECURITY_low;", "Security_Localised":"Low Security", "JumpDist":15.194, "FuelUsed":4.361335, "FuelLevel":18.136860 }
{ "timestamp":"2016-09-20T16:32:09Z", "event":"FSDJump", "StarSystem":"Arietis Sector TJ-Q b5-2", "StarPos":[-46.250,-53.719,-99.156], "Allegiance":"", "Economy":"$economy_None;", "Economy_Localised":"None", "Government":"$government_None;", "Government_Localised":"None", "Security":"$SYSTEM_SECURITY_low;", "Security_Localised":"Low Security", "JumpDist":17.097, "FuelUsed":5.871974, "FuelLevel":12.264886 }
{ "timestamp":"2016-09-20T16:32:35Z", "event":"FuelScoop", "Scooped":2.400427, "Total":14.665313 }
{ "timestamp":"2016-09-20T16:33:12Z", "event":"FSDJump", "StarSystem":"Diaguandri", "StarPos":[-41.063,-62.156,-103.250], "Allegiance":"Independent", "Economy":"$economy_HighTech;", "Economy_Localised":"High tech", "Government":"$government_Corporate;", "Government_Localised":"Corporate", "Security":"$SYSTEM_SECURITY_medium;", "Security_Localised":"Medium Security", "JumpDist":10.717, "FuelUsed":1.730131, "FuelLevel":12.935182, "Faction":"The Brotherhood of the Dark Circle", "FactionState":"Boom" }
{ "timestamp":"2016-09-20T16:33:49Z", "event":"FuelScoop", "Scooped":4.433213, "Total":17.368395 }
{ "timestamp":"2016-09-20T16:36:01Z", "event":"SupercruiseExit", "StarSystem":"Diaguandri", "Body":"Ray Gateway" }
{ "timestamp":"2016-09-20T16:36:18Z", "event":"DockingRequested", "StationName":"Ray Gateway" }
{ "timestamp":"2016-09-20T16:36:19Z", "event":"DockingGranted", "LandingPad":9, "StationName":"Ray Gateway" }
{ "timestamp":"2016-09-20T16:37:41Z", "event":"Docked", "StationName":"Ray Gateway", "StationType":"Coriolis", "StarSystem":"Diaguandri", "Faction":"The Brotherhood of the Dark Circle", "FactionState":"Boom", "Allegiance":"Independent", "Economy":"$economy_HighTech;", "Economy_Localised":"High tech", "Government":"$government_Corporate;", "Government_Localised":"Corporate", "Security":"$SYSTEM_SECURITY_medium;", "Security_Localised":"Medium Security" }
{ "timestamp":"2016-09-20T16:43:27Z", "event":"ShipyardSell", "ShipType":"ferdelance", "SellShipID":20, "ShipPrice":39265929 }
{ "timestamp":"2016-09-20T16:43:32Z", "event":"ShipyardSell", "ShipType":"cobramkiii", "SellShipID":45, "ShipPrice":4224325 }
{ "timestamp":"2016-09-20T16:43:38Z", "event":"ShipyardSell", "ShipType":"sidewinder", "SellShipID":49, "ShipPrice":145539 }
{ "timestamp":"2016-09-20T16:43:54Z", "event":"ShipyardSell", "ShipType":"Federation_Dropship_MkII", "SellShipID":46, "ShipPrice":73664047, "System":"Lembava" }
{ "timestamp":"2016-09-20T16:44:08Z", "event":"ShipyardSell", "ShipType":"Empire_Eagle", "SellShipID":23, "ShipPrice":3327695, "System":"Hemang" }
{ "timestamp":"2016-09-20T16:44:21Z", "event":"ShipyardSell", "ShipType":"CobraMkIII", "SellShipID":24, "ShipPrice":8136252, "System":"Hemang" }
{ "timestamp":"2016-09-20T16:44:34Z", "event":"ShipyardSell", "ShipType":"Asp", "SellShipID":25, "ShipPrice":16771871, "System":"Lembava" }
{ "timestamp":"2016-09-20T16:44:53Z", "event":"ShipyardBuy", "ShipType":"cobramkiii", "ShipPrice":29727, "SellOldShip":"Anaconda", "SellShipID":42, "SellPrice":320477294 }
{ "timestamp":"2016-09-20T16:44:54Z", "event":"ShipyardNew", "ShipType":"cobramkiii", "NewShipID":42 }
{ "timestamp":"2016-09-20T16:45:05Z", "event":"Docked", "StationName":"Ray Gateway", "StationType":"Coriolis", "StarSystem":"Diaguandri", "Faction":"The Brotherhood of the Dark Circle", "FactionState":"Boom", "Allegiance":"Independent", "Economy":"$economy_HighTech;", "Economy_Localised":"High tech", "Government":"$government_Corporate;", "Government_Localised":"Corporate", "Security":"$SYSTEM_SECURITY_medium;", "Security_Localised":"Medium Security" }
{ "timestamp":"2016-09-20T16:45:24Z", "event":"ModuleSell", "Slot":"MediumHardpoint1", "SellItem":"$hpt_pulselaser_fixed_small_name;", "SellItem_Localised":"Pulse Laser", "SellPrice":187, "Ship":"cobramkiii", "ShipID":42 }
{ "timestamp":"2016-09-20T16:45:32Z", "event":"ModuleSell", "Slot":"MediumHardpoint2", "SellItem":"$hpt_pulselaser_fixed_small_name;", "SellItem_Localised":"Pulse Laser", "SellPrice":187, "Ship":"cobramkiii", "ShipID":42 }
{ "timestamp":"2016-09-20T16:45:48Z", "event":"ModuleBuy", "Slot":"FrameShiftDrive", "SellItem":"$int_hyperdrive_size4_class1_name;", "SellItem_Localised":"FSD", "SellPrice":1689, "BuyItem":"$int_hyperdrive_size4_class5_name;", "BuyItem_Localised":"FSD", "BuyPrice":136857, "Ship":"cobramkiii", "ShipID":42 }
{ "timestamp":"2016-09-20T16:45:54Z", "event":"ModuleBuy", "Slot":"LifeSupport", "SellItem":"$int_lifesupport_size3_class1_name;", "SellItem_Localised":"Life Support", "SellPrice":344, "BuyItem":"$int_lifesupport_size3_class5_name;", "BuyItem_Localised":"Life Support", "BuyPrice":13459, "Ship":"cobramkiii", "ShipID":42 }
{ "timestamp":"2016-09-20T16:46:01Z", "event":"ModuleBuy", "Slot":"PowerDistributor", "SellItem":"$int_powerdistributor_size3_class1_name;", "SellItem_Localised":"Power Distributor", "SellPrice":344, "BuyItem":"$int_powerdistributor_size3_class5_name;", "BuyItem_Localised":"Power Distributor", "BuyPrice":13459, "Ship":"cobramkiii", "ShipID":42 }
{ "timestamp":"2016-09-20T16:46:07Z", "event":"ModuleBuy", "Slot":"Radar", "SellItem":"$int_sensors_size3_class1_name;", "SellItem_Localised":"Sensors", "SellPrice":344, "BuyItem":"$int_sensors_size3_class5_name;", "BuyItem_Localised":"Sensors", "BuyPrice":13459, "Ship":"cobramkiii", "ShipID":42 }
{ "timestamp":"2016-09-20T16:46:15Z", "event":"ModuleBuy", "Slot":"MainEngines", "SellItem":"$int_engine_size4_class1_name;", "SellItem_Localised":"Thrusters", "SellPrice":1689, "BuyItem":"$int_engine_size4_class5_name;", "BuyItem_Localised":"Thrusters", "BuyPrice":136857, "Ship":"cobramkiii", "ShipID":42 }
{ "timestamp":"2016-09-20T16:46:26Z", "event":"ModuleBuy", "Slot":"PowerPlant", "SellItem":"$int_powerplant_size4_class1_name;", "SellItem_Localised":"Power Plant", "SellPrice":1689, "BuyItem":"$int_powerplant_size4_class2_name;", "BuyItem_Localised":"Power Plant", "BuyPrice":5069, "Ship":"cobramkiii", "ShipID":42 }
{ "timestamp":"2016-09-20T16:46:27Z", "event":"ShieldState", "ShieldsUp":false }
{ "timestamp":"2016-09-20T16:46:31Z", "event":"ShieldState", "ShieldsUp":true }
{ "timestamp":"2016-09-20T16:46:34Z", "event":"ModuleBuy", "Slot":"LifeSupport", "SellItem":"$int_lifesupport_size3_class5_name;", "SellItem_Localised":"Life Support", "SellPrice":13459, "BuyItem":"$int_lifesupport_size3_class2_name;", "BuyItem_Localised":"Life Support", "BuyPrice":862, "Ship":"cobramkiii", "ShipID":42 }
{ "timestamp":"2016-09-20T16:46:50Z", "event":"ModuleSell", "Slot":"Slot01_Size4", "SellItem":"$int_cargorack_size3_class1_name;", "SellItem_Localised":"Cargo Rack", "SellPrice":897, "Ship":"cobramkiii", "ShipID":42 }
{ "timestamp":"2016-09-20T16:46:53Z", "event":"ModuleSell", "Slot":"Slot02_Size4", "SellItem":"$int_cargorack_size3_class1_name;", "SellItem_Localised":"Cargo Rack", "SellPrice":897, "Ship":"cobramkiii", "ShipID":42 }
{ "timestamp":"2016-09-20T16:47:03Z", "event":"ModuleBuy", "Slot":"Slot03_Size4", "SellItem":"$int_shieldgenerator_size4_class1_name;", "SellItem_Localised":"Shield Generator", "SellPrice":1689, "BuyItem":"$int_shieldgenerator_size4_class5_name;", "BuyItem_Localised":"Shield Generator", "BuyPrice":136857, "Ship":"cobramkiii", "ShipID":42 }
{ "timestamp":"2016-09-20T16:47:07Z", "event":"ModuleSwap", "FromSlot":"Slot03_Size4", "ToSlot":"Slot01_Size4", "FromItem":"$int_shieldgenerator_size4_class5_name;", "FromItem_Localised":"Shield Generator", "ToItem":"Null", "Ship":"cobramkiii", "ShipID":42 }
{ "timestamp":"2016-09-20T16:47:10Z", "event":"ModuleSell", "Slot":"Slot04_Size2", "SellItem":"$int_cargorack_size1_class1_name;", "SellItem_Localised":"Cargo Rack", "SellPrice":85, "Ship":"cobramkiii", "ShipID":42 }
{ "timestamp":"2016-09-20T16:47:19Z", "event":"ModuleBuy", "Slot":"Slot06_Size2", "SellItem":"$int_stellarbodydiscoveryscanner_standard_name;", "SellItem_Localised":"D - Scanner", "SellPrice":85, "BuyItem":"$int_stellarbodydiscoveryscanner_advanced_name;", "BuyItem_Localised":"D - Scanner", "BuyPrice":131325, "Ship":"cobramkiii", "ShipID":42 }
{ "timestamp":"2016-09-20T16:47:26Z", "event":"ModuleBuy", "Slot":"Slot05_Size2", "BuyItem":"$int_detailedsurfacescanner_tiny_name;", "BuyItem_Localised":"Surface Scanner", "BuyPrice":21250, "Ship":"cobramkiii", "ShipID":42 }
{ "timestamp":"2016-09-20T16:47:52Z", "event":"ModuleBuy", "Slot":"PaintJob", "BuyItem":"$paintjob_cobramkiii_horizons_lunar_name;", "BuyItem_Localised":"Lunar", "BuyPrice":0, "Ship":"cobramkiii", "ShipID":42 }
{ "timestamp":"2016-09-20T16:48:11Z", "event":"ModuleBuy", "Slot":"Decal1", "BuyItem":"$decal_explorer_starblazer_name;", "BuyItem_Localised":"Pioneer", "BuyPrice":0, "Ship":"cobramkiii", "ShipID":42 }
{ "timestamp":"2016-09-20T16:48:41Z", "event":"ModuleBuy", "Slot":"TinyHardpoint1", "BuyItem":"$hpt_heatsinklauncher_turret_tiny_name;", "BuyItem_Localised":"Heat Sink", "BuyPrice":298, "Ship":"cobramkiii", "ShipID":42 }
{ "timestamp":"2016-09-20T16:49:32Z", "event":"SellExplorationData", "Systems":[ "HIP 38052", "Lyncis Sector XZ-P b5-2", "Bella", "Niju", "Arietis Sector QT-Q b5-4", "Arietis Sector JD-H a11-1" ], "Discovered":[  ], "BaseValue":25349, "Bonus":0 }
{ "timestamp":"2016-09-20T16:49:44Z", "event":"PowerplaySalary", "Power":"Li Yong-Rui", "Amount":3000 }
{ "timestamp":"2016-09-20T16:50:09Z", "event":"CommunityGoalDiscard", "Name":"Appeal for Gold in LFT 133", "System":"LFT 133" }
{ "timestamp":"2016-09-20T16:51:25Z", "event":"ModuleBuy", "Slot":"Slot02_Size4", "BuyItem":"$int_fuelscoop_size4_class5_name;", "BuyItem_Localised":"Fuel Scoop", "BuyPrice":243301, "Ship":"cobramkiii", "ShipID":42 }
{ "timestamp":"2016-09-20T16:51:41Z", "event":"ModuleBuy", "Slot":"PowerPlant", "SellItem":"$int_powerplant_size4_class2_name;", "SellItem_Localised":"Power Plant", "SellPrice":5069, "BuyItem":"$int_powerplant_size4_class5_name;", "BuyItem_Localised":"Power Plant", "BuyPrice":136857, "Ship":"cobramkiii", "ShipID":42 }
{ "timestamp":"2016-09-20T16:51:45Z", "event":"ShieldState", "ShieldsUp":false }
{ "timestamp":"2016-09-20T16:51:49Z", "event":"ShieldState", "ShieldsUp":true }
{ "timestamp":"2016-09-20T16:52:13Z", "event":"Undocked", "StationName":"Ray Gateway", "StationType":"Coriolis" }
{ "timestamp":"2016-09-20T16:54:05Z", "event":"FSDJump", "StarSystem":"Piscium Sector BV-Y b5", "StarPos":[-27.781,-62.500,-84.813], "Allegiance":"", "Economy":"$economy_None;", "Economy_Localised":"None", "Government":"$government_None;", "Government_Localised":"None", "Security":"$SYSTEM_SECURITY_low;", "Security_Localised":"Low Security", "JumpDist":22.726, "FuelUsed":2.808180, "FuelLevel":13.191820 }
{ "timestamp":"2016-09-20T16:54:34Z", "event":"FuelScoop", "Scooped":2.808180, "Total":16.000000 }
{ "timestamp":"2016-09-20T16:55:16Z", "event":"FSDJump", "StarSystem":"Dinda", "StarPos":[-21.938,-52.156,-66.625], "Allegiance":"Federation", "Economy":"$economy_Industrial;", "Economy_Localised":"Industrial", "Government":"$government_Democracy;", "Government_Localised":"Democracy", "Security":"$SYSTEM_SECURITY_medium;", "Security_Localised":"Medium Security", "JumpDist":21.724, "FuelUsed":2.531209, "FuelLevel":13.468790, "Faction":"United Dinda Independents", "FactionState":"Boom" }
{ "timestamp":"2016-09-20T16:56:53Z", "event":"FuelScoop", "Scooped":1.969843, "Total":15.438633 }
{ "timestamp":"2016-09-20T16:57:26Z", "event":"FSDJump", "StarSystem":"29 Arietis", "StarPos":[-29.094,-63.625,-68.156], "Allegiance":"Federation", "Economy":"$economy_Terraforming;", "Economy_Localised":"Terraforming", "Government":"$government_Democracy;", "Government_Localised":"Democracy", "Security":"$SYSTEM_SECURITY_medium;", "Security_Localised":"Medium Security", "JumpDist":13.605, "FuelUsed":0.858185, "FuelLevel":14.580448, "Faction":"29 Arietis Future" }
{ "timestamp":"2016-09-20T16:57:56Z", "event":"FuelScoop", "Scooped":1.419552, "Total":16.000000 }
{ "timestamp":"2016-09-20T16:58:36Z", "event":"FSDJump", "StarSystem":"Lembava", "StarPos":[-43.250,-64.344,-77.688], "Allegiance":"Federation", "Economy":"$economy_HighTech;", "Economy_Localised":"High tech", "Government":"$government_Corporate;", "Government_Localised":"Corporate", "Security":"$SYSTEM_SECURITY_medium;", "Security_Localised":"Medium Security", "JumpDist":17.081, "FuelUsed":1.456186, "FuelLevel":14.543814, "Faction":"Lembava Gold State Industries" }
{ "timestamp":"2016-09-20T16:59:13Z", "event":"FuelScoop", "Scooped":1.456186, "Total":16.000000 }
{ "timestamp":"2016-09-20T17:01:23Z", "event":"SupercruiseExit", "StarSystem":"Lembava", "Body":"Goldstein Port" }
{ "timestamp":"2016-09-20T17:01:39Z", "event":"DockingRequested", "StationName":"Goldstein Port" }
{ "timestamp":"2016-09-20T17:01:41Z", "event":"DockingGranted", "LandingPad":16, "StationName":"Goldstein Port" }
{ "timestamp":"2016-09-20T17:02:39Z", "event":"Docked", "StationName":"Goldstein Port", "StationType":"Coriolis", "StarSystem":"Lembava", "Faction":"Lembava Gold State Industries", "Allegiance":"Federation", "Economy":"$economy_HighTech;", "Economy_Localised":"High tech", "Government":"$government_Corporate;", "Government_Localised":"Corporate", "Security":"$SYSTEM_SECURITY_medium;", "Security_Localised":"Medium Security" }
{ "timestamp":"2016-09-20T17:03:29Z", "event":"Undocked", "StationName":"Goldstein Port", "StationType":"Coriolis" }
{ "timestamp":"2016-09-20T17:04:34Z", "event":"FSDJump", "StarSystem":"Pikum", "StarPos":[-39.000,-63.125,-75.031], "Allegiance":"Federation", "Economy":"$economy_Industrial;", "Economy_Localised":"Industrial", "Government":"$government_Democracy;", "Government_Localised":"Democracy", "Security":"$SYSTEM_SECURITY_high;", "Security_Localised":"High Security", "JumpDist":5.158, "FuelUsed":0.092709, "FuelLevel":15.907291, "Faction":"Social Pikum Progressive Party", "FactionState":"Boom" }
{ "timestamp":"2016-09-20T17:05:13Z", "event":"FuelScoop", "Scooped":0.092709, "Total":16.000000 }
{ "timestamp":"2016-09-20T17:07:02Z", "event":"SupercruiseExit", "StarSystem":"Pikum", "Body":"Rushworth Station" }
{ "timestamp":"2016-09-20T17:07:49Z", "event":"DockingRequested", "StationName":"Rushworth Station" }
{ "timestamp":"2016-09-20T17:07:50Z", "event":"DockingGranted", "LandingPad":27, "StationName":"Rushworth Station" }
{ "timestamp":"2016-09-20T17:08:23Z", "event":"Docked", "StationName":"Rushworth Station", "StationType":"Coriolis", "StarSystem":"Pikum", "Faction":"Social Pikum Progressive Party", "FactionState":"Boom", "Allegiance":"Federation", "Economy":"$economy_Industrial;", "Economy_Localised":"Industrial", "Government":"$government_Democracy;", "Government_Localised":"Democracy", "Security":"$SYSTEM_SECURITY_high;", "Security_Localised":"High Security" }
{ "timestamp":"2016-09-20T17:09:45Z", "event":"Undocked", "StationName":"Rushworth Station", "StationType":"Coriolis" }
{ "timestamp":"2016-09-20T17:11:01Z", "event":"FSDJump", "StarSystem":"Hedetet", "StarPos":[-30.406,-59.969,-54.688], "Allegiance":"Federation", "Economy":"$economy_Agri;", "Economy_Localised":"Agriculture", "Government":"$government_Corporate;", "Government_Localised":"Corporate", "Security":"$SYSTEM_SECURITY_high;", "Security_Localised":"High Security", "JumpDist":22.309, "FuelUsed":2.691143, "FuelLevel":13.308857, "Faction":"Hedetet United Solutions" }
{ "timestamp":"2016-09-20T17:11:28Z", "event":"FuelScoop", "Scooped":2.224336, "Total":15.533193 }
{ "timestamp":"2016-09-20T17:11:51Z", "event":"FSDJump", "StarSystem":"Piscium Sector JH-V b2-5", "StarPos":[-40.844,-49.313,-37.000], "Allegiance":"", "Economy":"$economy_None;", "Economy_Localised":"None", "Government":"$government_None;", "Government_Localised":"None", "Security":"$SYSTEM_SECURITY_low;", "Security_Localised":"Low Security", "JumpDist":23.138, "FuelUsed":2.913957, "FuelLevel":12.619236 }
{ "timestamp":"2016-09-20T17:12:44Z", "event":"Scan", "BodyName":"Piscium Sector JH-V b2-5 B", "DistanceFromArrivalLS":521.806152, "StarType":"TTS", "StellarMass":0.152344, "Radius":228550528.000000, "AbsoluteMagnitude":12.335281, "OrbitalPeriod":62162176.000000, "RotationPeriod":160583.781250 }
{ "timestamp":"2016-09-20T17:13:38Z", "event":"FSDJump", "StarSystem":"Piscium Sector UZ-O a6-0", "StarPos":[-43.344,-37.000,-18.063], "Allegiance":"", "Economy":"$economy_None;", "Economy_Localised":"None", "Government":"$government_None;", "Government_Localised":"None", "Security":"$SYSTEM_SECURITY_low;", "Security_Localised":"Low Security", "JumpDist":22.726, "FuelUsed":2.720926, "FuelLevel":9.898310 }
{ "timestamp":"2016-09-20T17:14:34Z", "event":"FSDJump", "StarSystem":"LHS 6410", "StarPos":[-43.969,-27.313,1.813], "Allegiance":"Federation", "Economy":"$economy_Colony;", "Economy_Localised":"Colony", "Government":"$government_Democracy;", "Government_Localised":"Democracy", "Security":"$SYSTEM_SECURITY_medium;", "Security_Localised":"Medium Security", "JumpDist":22.119, "FuelUsed":2.491620, "FuelLevel":7.406690, "Faction":"LHS 6410 Progressive Party" }
{ "timestamp":"2016-09-20T17:15:02Z", "event":"FuelScoop", "Scooped":2.591827, "Total":9.998517 }
{ "timestamp":"2016-09-20T17:15:30Z", "event":"FSDJump", "StarSystem":"Alrai Sector KW-W a1-1", "StarPos":[-49.250,-25.500,24.125], "Allegiance":"", "Economy":"$economy_None;", "Economy_Localised":"None", "Government":"$government_None;", "Government_Localised":"None", "Security":"$SYSTEM_SECURITY_low;", "Security_Localised":"Low Security", "JumpDist":23.001, "FuelUsed":2.728430, "FuelLevel":7.270087 }
{ "timestamp":"2016-09-20T17:16:43Z", "event":"FSDJump", "StarSystem":"Alrai Sector HW-W b1-6", "StarPos":[-54.656,-12.844,42.906], "Allegiance":"", "Economy":"$economy_None;", "Economy_Localised":"None", "Government":"$government_None;", "Government_Localised":"None", "Security":"$SYSTEM_SECURITY_low;", "Security_Localised":"Low Security", "JumpDist":23.284, "FuelUsed":2.734125, "FuelLevel":4.535963 }
{ "timestamp":"2016-09-20T17:17:11Z", "event":"FuelScoop", "Scooped":2.612200, "Total":7.148162 }
