{ "timestamp":"2016-09-20T15:31:40Z", "event":"Fileheader", "part":1, "language":"English\\UK", "gameversion":"2.2", "build":"r121645/r0 " }
{ "timestamp":"2016-09-20T15:32:05Z", "event":"LoadGame", "Commander":"McDonald", "Ship":"Asp", "ShipID":24, "GameMode":"Solo", "Credits":811481233, "Loan":0 }
{ "timestamp":"2016-09-20T15:32:05Z", "event":"Rank", "Combat":7, "Trade":7, "Explore":5, "Empire":13, "Federation":10, "CQC":1 }
{ "timestamp":"2016-09-20T15:32:05Z", "event":"Progress", "Combat":29, "Trade":47, "Explore":83, "Empire":9, "Federation":92, "CQC":73 }
{ "timestamp":"2016-09-20T15:32:43Z", "event":"Location", "Docked":1, "StationName":"Laplace Ring", "StationType":"Coriolis", "StarSystem":"Kongga", "StarPos":[-104.156,82.719,-32.375], "Allegiance":"Federation", "Economy":"$economy_Agri;", "Economy_Localised":"Agriculture", "Government":"$government_Democracy;", "Government_Localised":"Democracy", "Security":"$SYSTEM_SECURITY_medium;", "Security_Localised":"Medium Security", "Faction":"Kongga Labour", "FactionState":"Boom" }
{ "timestamp":"2016-09-20T15:32:44Z", "event":"Docked", "StationName":"Laplace Ring", "StationType":"Coriolis", "StarSystem":"Kongga", "Faction":"Kongga Labour", "FactionState":"Boom", "Allegiance":"Federation", "Economy":"$economy_Agri;", "Economy_Localised":"Agriculture", "Government":"$government_Democracy;", "Government_Localised":"Democracy", "Security":"$SYSTEM_SECURITY_medium;", "Security_Localised":"Medium Security" }
{ "timestamp":"2016-09-20T15:34:59Z", "event":"Undocked", "StationName":"Laplace Ring", "StationType":"Coriolis" }
{ "timestamp":"2016-09-20T15:36:07Z", "event":"DockingRequested", "StationName":"Laplace Ring" }
{ "timestamp":"2016-09-20T15:36:08Z", "event":"DockingGranted", "LandingPad":30, "StationName":"Laplace Ring" }
{ "timestamp":"2016-09-20T15:36:20Z", "event":"EjectCargo", "Type":"konggaale", "Count":6, "Abandoned":false }
{ "timestamp":"2016-09-20T15:36:21Z", "event":"CommitCrime", "CrimeType":"dumpingNearStation", "Faction":"Kongga Labour", "Fine":150 }
{ "timestamp":"2016-09-20T15:36:21Z", "event":"CommitCrime", "CrimeType":"dumpingNearStation", "Faction":"Kongga Labour", "Fine":150 }
{ "timestamp":"2016-09-20T15:36:21Z", "event":"CommitCrime", "CrimeType":"dumpingNearStation", "Faction":"Kongga Labour", "Fine":150 }
{ "timestamp":"2016-09-20T15:36:21Z", "event":"CommitCrime", "CrimeType":"dumpingNearStation", "Faction":"Kongga Labour", "Fine":150 }
{ "timestamp":"2016-09-20T15:36:22Z", "event":"CommitCrime", "CrimeType":"dumpingNearStation", "Faction":"Kongga Labour", "Fine":150 }
{ "timestamp":"2016-09-20T15:36:22Z", "event":"CommitCrime", "CrimeType":"dumpingNearStation", "Faction":"Kongga Labour", "Fine":150 }
{ "timestamp":"2016-09-20T15:37:14Z", "event":"Docked", "StationName":"Laplace Ring", "StationType":"Coriolis", "StarSystem":"Kongga", "Faction":"Kongga Labour", "FactionState":"Boom", "Allegiance":"Federation", "Economy":"$economy_Agri;", "Economy_Localised":"Agriculture", "Government":"$government_Democracy;", "Government_Localised":"Democracy", "Security":"$SYSTEM_SECURITY_medium;", "Security_Localised":"Medium Security" }
{ "timestamp":"2016-09-20T15:37:21Z", "event":"RefuelAll", "Cost":405, "Amount":8.091359 }
{ "timestamp":"2016-09-20T15:38:37Z", "event":"Undocked", "StationName":"Laplace Ring", "StationType":"Coriolis" }
{ "timestamp":"2016-09-20T15:39:57Z", "event":"CollectCargo", "Type":"konggaale", "Stolen":false }
{ "timestamp":"2016-09-20T15:40:20Z", "event":"CollectCargo", "Type":"konggaale", "Stolen":false }
{ "timestamp":"2016-09-20T15:40:34Z", "event":"CollectCargo", "Type":"konggaale", "Stolen":false }
{ "timestamp":"2016-09-20T15:40:46Z", "event":"CollectCargo", "Type":"konggaale", "Stolen":false }
{ "timestamp":"2016-09-20T15:40:53Z", "event":"CollectCargo", "Type":"konggaale", "Stolen":false }
{ "timestamp":"2016-09-20T15:41:11Z", "event":"CollectCargo", "Type":"konggaale", "Stolen":false }
{ "timestamp":"2016-09-20T15:42:30Z", "event":"FSDJump", "StarSystem":"9 Ursae Minoris", "StarPos":[-77.625,74.500,-27.906], "Allegiance":"Independent", "Economy":"$economy_Military;", "Economy_Localised":"Military", "Government":"$government_Anarchy;", "Government_Localised":"Anarchy", "Security":"$GAlAXY_MAP_INFO_state_anarchy;", "Security_Localised":"Anarchy", "JumpDist":28.132, "FuelUsed":4.963416, "FuelLevel":27.036583, "Faction":"Raiders of 9 Ursae Minoris" }
{ "timestamp":"2016-09-20T15:43:02Z", "event":"FuelScoop", "Scooped":4.963417, "Total":32.000000 }
{ "timestamp":"2016-09-20T15:43:33Z", "event":"FSDJump", "StarSystem":"Holiacan", "StarPos":[-51.250,67.344,-21.469], "Allegiance":"Alliance", "Economy":"$economy_Colony;", "Economy_Localised":"Colony", "Government":"$government_Corporate;", "Government_Localised":"Corporate", "Security":"$SYSTEM_SECURITY_medium;", "Security_Localised":"Medium Security", "JumpDist":28.077, "FuelUsed":4.938395, "FuelLevel":27.061605, "Faction":"Holiacan Dynamic Company" }
{ "timestamp":"2016-09-20T15:44:02Z", "event":"FuelScoop", "Scooped":4.315508, "Total":31.377113 }
{ "timestamp":"2016-09-20T15:44:35Z", "event":"FSDJump", "StarSystem":"Sheela Na Gig", "StarPos":[-24.938,67.469,-12.094], "Allegiance":"Independent", "Economy":"$economy_Colony;", "Economy_Localised":"Colony", "Government":"$government_Corporate;", "Government_Localised":"Corporate", "Security":"$SYSTEM_SECURITY_medium;", "Security_Localised":"Medium Security", "JumpDist":27.933, "FuelUsed":4.860594, "FuelLevel":26.516520, "Faction":"Silver Travel Inc" }
{ "timestamp":"2016-09-20T15:44:58Z", "event":"Scan", "BodyName":"Sheela Na Gig", "DistanceFromArrivalLS":0.000000, "StarType":"K", "StellarMass":0.566406, "Radius":494648032.000000, "AbsoluteMagnitude":7.667389, "OrbitalPeriod":0.000000, "RotationPeriod":253503.484375, "Rings":[ { "Name":"Sheela Na Gig A Belt", "RingClass":"eRingClass_Rocky", "MassMT":4.78e+10, "InnerRad":7.11e+08, "OuterRad":2e+09 } ] }
{ "timestamp":"2016-09-20T15:45:31Z", "event":"FuelScoop", "Scooped":4.851986, "Total":31.368505 }
{ "timestamp":"2016-09-20T15:46:04Z", "event":"FSDJump", "StarSystem":"LHS 2764a", "StarPos":[-4.719,54.125,0.656], "Allegiance":"Alliance", "Economy":"$economy_Industrial;", "Economy_Localised":"Industrial", "Government":"$government_Dictatorship;", "Government_Localised":"Dictatorship", "Security":"$SYSTEM_SECURITY_high;", "Security_Localised":"High Security", "JumpDist":27.375, "FuelUsed":4.626121, "FuelLevel":26.742384, "Faction":"Justice Party of LHS 2764a", "FactionState":"Boom" }
{ "timestamp":"2016-09-20T15:46:25Z", "event":"FuelScoop", "Scooped":0.356194, "Total":27.098577 }
{ "timestamp":"2016-09-20T15:46:58Z", "event":"FSDJump", "StarSystem":"LP 557-46", "StarPos":[13.781,43.219,15.531], "Allegiance":"", "Economy":"$economy_None;", "Economy_Localised":"None", "Government":"$government_None;", "Government_Localised":"None", "Security":"$SYSTEM_SECURITY_low;", "Security_Localised":"Low Security", "JumpDist":26.124, "FuelUsed":4.026724, "FuelLevel":23.071854 }
{ "timestamp":"2016-09-20T15:47:24Z", "event":"Scan", "BodyName":"LP 557-46 A", "DistanceFromArrivalLS":0.000000, "StarType":"M", "StellarMass":0.207031, "Radius":257649968.000000, "AbsoluteMagnitude":11.293839, "OrbitalPeriod":60019949568.000000, "RotationPeriod":128754.570313 }
{ "timestamp":"2016-09-20T15:47:44Z", "event":"FuelScoop", "Scooped":6.843115, "Total":29.914968 }
{ "timestamp":"2016-09-20T15:48:13Z", "event":"FSDJump", "StarSystem":"LFT 1005", "StarPos":[33.438,30.156,30.875], "Allegiance":"", "Economy":"$economy_None;", "Economy_Localised":"None", "Government":"$government_None;", "Government_Localised":"None", "Security":"$SYSTEM_SECURITY_low;", "Security_Localised":"Low Security", "JumpDist":28.150, "FuelUsed":4.911767, "FuelLevel":25.003201 }
{ "timestamp":"2016-09-20T15:48:35Z", "event":"Scan", "BodyName":"LFT 1005 A", "DistanceFromArrivalLS":0.000000, "StarType":"M", "StellarMass":0.429688, "Radius":414990720.000000, "AbsoluteMagnitude":10.061493, "OrbitalPeriod":139654299648.000000, "RotationPeriod":219088.250000 }
{ "timestamp":"2016-09-20T15:48:58Z", "event":"FuelScoop", "Scooped":-0.410789, "Total":24.592411 }
{ "timestamp":"2016-09-20T15:49:22Z", "event":"FSDJump", "StarSystem":"Shinrarta Dezhra", "StarPos":[55.719,17.594,27.156], "Allegiance":"Independent", "Economy":"$economy_HighTech;", "Economy_Localised":"High tech", "Government":"$government_Democracy;", "Government_Localised":"Democracy", "Security":"$SYSTEM_SECURITY_high;", "Security_Localised":"High Security", "JumpDist":25.848, "FuelUsed":3.922534, "FuelLevel":24.592411, "Faction":"The Pilots Federation" }
{ "timestamp":"2016-09-20T15:52:11Z", "event":"SupercruiseExit", "StarSystem":"Shinrarta Dezhra", "Body":"Shinrarta Dezhra A 1" }
{ "timestamp":"2016-09-20T15:52:24Z", "event":"DockingRequested", "StationName":"Jameson Base" }
{ "timestamp":"2016-09-20T15:52:26Z", "event":"DockingGranted", "LandingPad":7, "StationName":"Jameson Base" }
{ "timestamp":"2016-09-20T15:53:41Z", "event":"Docked", "StationName":"Jameson Base", "StarSystem":"Shinrarta Dezhra", "Faction":"The Pilots Federation", "Allegiance":"Independent", "Economy":"$economy_HighTech;", "Economy_Localised":"High tech", "Government":"$government_Democracy;", "Government_Localised":"Democracy", "Security":"$SYSTEM_SECURITY_high;", "Security_Localised":"High Security" }
{ "timestamp":"2016-09-20T15:54:46Z", "event":"Undocked", "StationName":"Jameson Base" }
{ "timestamp":"2016-09-20T15:55:17Z", "event":"SupercruiseEntry", "StarSystem":"Shinrarta Dezhra" }
{ "timestamp":"2016-09-20T15:57:13Z", "event":"FSDJump", "StarSystem":"Alchita", "StarPos":[36.219,29.281,14.219], "Allegiance":"Federation", "Economy":"$economy_Industrial;", "Economy_Localised":"Industrial", "Government":"$government_Corporate;", "Government_Localised":"Corporate", "Security":"$SYSTEM_SECURITY_high;", "Security_Localised":"High Security", "JumpDist":26.158, "FuelUsed":3.479511, "FuelLevel":21.112900, "Faction":"Alchita Interstellar" }
{ "timestamp":"2016-09-20T15:57:55Z", "event":"FuelScoop", "Scooped":10.487129, "Total":31.600029 }
{ "timestamp":"2016-09-20T15:58:18Z", "event":"FSDJump", "StarSystem":"Wolf 417", "StarPos":[13.688,42.063,4.813], "Allegiance":"", "Economy":"$economy_None;", "Economy_Localised":"None", "Government":"$government_None;", "Government_Localised":"None", "Security":"$SYSTEM_SECURITY_low;", "Security_Localised":"Low Security", "JumpDist":27.559, "FuelUsed":4.123300, "FuelLevel":27.476730 }
{ "timestamp":"2016-09-20T15:58:39Z", "event":"Scan", "BodyName":"Wolf 417", "DistanceFromArrivalLS":0.000000, "StarType":"K", "StellarMass":0.535156, "Radius":470324224.000000, "AbsoluteMagnitude":9.195587, "OrbitalPeriod":0.000000, "RotationPeriod":265140.937500, "Rings":[ { "Name":"Wolf 417 A Belt", "RingClass":"eRingClass_MetalRich", "MassMT":1.06e+14, "InnerRad":6.92e+08, "OuterRad":1.96e+09 } ] }
{ "timestamp":"2016-09-20T15:59:07Z", "event":"FuelScoop", "Scooped":4.523270, "Total":32.000000 }
{ "timestamp":"2016-09-20T15:59:37Z", "event":"FSDJump", "StarSystem":"10 Canum Venaticorum", "StarPos":[-9.375,55.438,-7.000], "Allegiance":"Alliance", "Economy":"$economy_Agri;", "Economy_Localised":"Agriculture", "Government":"$government_Corporate;", "Government_Localised":"Corporate", "Security":"$SYSTEM_SECURITY_high;", "Security_Localised":"High Security", "JumpDist":29.160, "FuelUsed":4.746207, "FuelLevel":27.253792, "Faction":"10 Canum Venaticorum Bridge Ltd" }
{ "timestamp":"2016-09-20T16:00:30Z", "event":"FSDJump", "StarSystem":"He Bo", "StarPos":[-34.500,69.281,-14.719], "Allegiance":"Alliance", "Economy":"$economy_Agri;", "Economy_Localised":"Agriculture", "Government":"$government_Patronage;", "Government_Localised":"Patronage", "Security":"$SYSTEM_SECURITY_medium;", "Security_Localised":"Medium Security", "JumpDist":29.707, "FuelUsed":4.828874, "FuelLevel":22.424917, "Faction":"He Bo Pro-Alliance Party" }
{ "timestamp":"2016-09-20T16:01:02Z", "event":"FuelScoop", "Scooped":3.774977, "Total":26.199894 }
{ "timestamp":"2016-09-20T16:01:32Z", "event":"FSDJump", "StarSystem":"Kaunan", "StarPos":[-60.969,72.250,-18.531], "Allegiance":"Alliance", "Economy":"$economy_Industrial;", "Economy_Localised":"Industrial", "Government":"$government_Corporate;", "Government_Localised":"Corporate", "Security":"$SYSTEM_SECURITY_high;", "Security_Localised":"High Security", "JumpDist":26.906, "FuelUsed":3.763258, "FuelLevel":22.436636, "Faction":"Kaunan Jet Galactic Limited" }
{ "timestamp":"2016-09-20T16:02:23Z", "event":"FSDJump", "StarSystem":"Viruachi", "StarPos":[-82.844,79.031,-23.094], "Allegiance":"Alliance", "Economy":"$economy_Refinery;", "Economy_Localised":"Refinery", "Government":"$government_Confederacy;", "Government_Localised":"Confederacy", "Security":"$SYSTEM_SECURITY_medium;", "Security_Localised":"Medium Security", "JumpDist":23.352, "FuelUsed":2.600940, "FuelLevel":19.835695, "Faction":"New Viruachi Confederation" }
{ "timestamp":"2016-09-20T16:03:10Z", "event":"FSDJump", "StarSystem":"Kongga", "StarPos":[-104.156,82.719,-32.375], "Allegiance":"Federation", "Economy":"$economy_Agri;", "Economy_Localised":"Agriculture", "Government":"$government_Democracy;", "Government_Localised":"Democracy", "Security":"$SYSTEM_SECURITY_medium;", "Security_Localised":"Medium Security", "JumpDist":23.536, "FuelUsed":2.609904, "FuelLevel":17.225792, "Faction":"Kongga Labour", "FactionState":"Boom" }
{ "timestamp":"2016-09-20T16:05:10Z", "event":"SupercruiseExit", "StarSystem":"Kongga", "Body":"Laplace Ring" }
{ "timestamp":"2016-09-20T16:05:18Z", "event":"DockingRequested", "StationName":"Laplace Ring" }
{ "timestamp":"2016-09-20T16:05:20Z", "event":"DockingGranted", "LandingPad":41, "StationName":"Laplace Ring" }
{ "timestamp":"2016-09-20T16:06:02Z", "event":"Docked", "StationName":"Laplace Ring", "StationType":"Coriolis", "StarSystem":"Kongga", "Faction":"Kongga Labour", "FactionState":"Boom", "Allegiance":"Federation", "Economy":"$economy_Agri;", "Economy_Localised":"Agriculture", "Government":"$government_Democracy;", "Government_Localised":"Democracy", "Security":"$SYSTEM_SECURITY_medium;", "Security_Localised":"Medium Security" }
{ "timestamp":"2016-09-20T16:06:16Z", "event":"MarketBuy", "Type":"konggaale", "Count":20, "BuyPrice":787, "TotalCost":15740 }
{ "timestamp":"2016-09-20T16:06:27Z", "event":"PayFines", "Amount":750 }
{ "timestamp":"2016-09-20T16:06:30Z", "event":"RedeemVoucher", "Type":"bounty", "Amount":17880 }
{ "timestamp":"2016-09-20T16:07:20Z", "event":"Undocked", "StationName":"Laplace Ring", "StationType":"Coriolis" }
{ "timestamp":"2016-09-20T16:08:32Z", "event":"FSDJump", "StarSystem":"9 Ursae Minoris", "StarPos":[-77.625,74.500,-27.906], "Allegiance":"Independent", "Economy":"$economy_Military;", "Economy_Localised":"Military", "Government":"$government_Anarchy;", "Government_Localised":"Anarchy", "Security":"$GAlAXY_MAP_INFO_state_anarchy;", "Security_Localised":"Anarchy", "JumpDist":28.132, "FuelUsed":4.482777, "FuelLevel":12.743015, "Faction":"Raiders of 9 Ursae Minoris" }
{ "timestamp":"2016-09-20T16:09:33Z", "event":"FuelScoop", "Scooped":18.472937, "Total":31.215952 }
{ "timestamp":"2016-09-20T16:10:04Z", "event":"FSDJump", "StarSystem":"Holiacan", "StarPos":[-51.250,67.344,-21.469], "Allegiance":"Alliance", "Economy":"$economy_Colony;", "Economy_Localised":"Colony", "Government":"$government_Corporate;", "Government_Localised":"Corporate", "Security":"$SYSTEM_SECURITY_medium;", "Security_Localised":"Medium Security", "JumpDist":28.077, "FuelUsed":4.834745, "FuelLevel":26.381207, "Faction":"Holiacan Dynamic Company" }
{ "timestamp":"2016-09-20T16:10:31Z", "event":"FuelScoop", "Scooped":3.890596, "Total":30.271803 }
{ "timestamp":"2016-09-20T16:11:05Z", "event":"FSDJump", "StarSystem":"Sheela Na Gig", "StarPos":[-24.938,67.469,-12.094], "Allegiance":"Independent", "Economy":"$economy_Colony;", "Economy_Localised":"Colony", "Government":"$government_Corporate;", "Government_Localised":"Corporate", "Security":"$SYSTEM_SECURITY_medium;", "Security_Localised":"Medium Security", "JumpDist":27.933, "FuelUsed":4.748950, "FuelLevel":25.522854, "Faction":"Silver Travel Inc" }
{ "timestamp":"2016-09-20T16:11:34Z", "event":"FuelScoop", "Scooped":3.909985, "Total":29.432838 }
{ "timestamp":"2016-09-20T16:12:03Z", "event":"FSDJump", "StarSystem":"LHS 2764a", "StarPos":[-4.719,54.125,0.656], "Allegiance":"Alliance", "Economy":"$economy_Industrial;", "Economy_Localised":"Industrial", "Government":"$government_Dictatorship;", "Government_Localised":"Dictatorship", "Security":"$SYSTEM_SECURITY_high;", "Security_Localised":"High Security", "JumpDist":27.375, "FuelUsed":4.497056, "FuelLevel":24.935783, "Faction":"Justice Party of LHS 2764a", "FactionState":"Boom" }
{ "timestamp":"2016-09-20T16:12:27Z", "event":"FuelScoop", "Scooped":1.316004, "Total":26.251787 }
{ "timestamp":"2016-09-20T16:12:58Z", "event":"FSDJump", "StarSystem":"LP 557-46", "StarPos":[13.781,43.219,15.531], "Allegiance":"", "Economy":"$economy_None;", "Economy_Localised":"None", "Government":"$government_None;", "Government_Localised":"None", "Security":"$SYSTEM_SECURITY_low;", "Security_Localised":"Low Security", "JumpDist":26.124, "FuelUsed":3.939022, "FuelLevel":22.312765 }
{ "timestamp":"2016-09-20T16:13:49Z", "event":"FSDJump", "StarSystem":"LFT 1005", "StarPos":[33.438,30.156,30.875], "Allegiance":"", "Economy":"$economy_None;", "Economy_Localised":"None", "Government":"$government_None;", "Government_Localised":"None", "Security":"$SYSTEM_SECURITY_low;", "Security_Localised":"Low Security", "JumpDist":28.150, "FuelUsed":4.624548, "FuelLevel":17.688217 }
{ "timestamp":"2016-09-20T16:14:16Z", "event":"FuelScoop", "Scooped":2.792809, "Total":20.481026 }
{ "timestamp":"2016-09-20T16:14:41Z", "event":"FSDJump", "StarSystem":"Shinrarta Dezhra", "StarPos":[55.719,17.594,27.156], "Allegiance":"Independent", "Economy":"$economy_HighTech;", "Economy_Localised":"High tech", "Government":"$government_Democracy;", "Government_Localised":"Democracy", "Security":"$SYSTEM_SECURITY_high;", "Security_Localised":"High Security", "JumpDist":25.848, "FuelUsed":3.698890, "FuelLevel":16.782135, "Faction":"The Pilots Federation" }
{ "timestamp":"2016-09-20T16:14:58Z", "event":"FuelScoop", "Scooped":0.016184, "Total":16.798319 }
{ "timestamp":"2016-09-20T16:17:47Z", "event":"SupercruiseExit", "StarSystem":"Shinrarta Dezhra", "Body":"Shinrarta Dezhra A 1" }
{ "timestamp":"2016-09-20T16:18:02Z", "event":"DockingRequested", "StationName":"Jameson Base" }
{ "timestamp":"2016-09-20T16:18:03Z", "event":"DockingGranted", "LandingPad":7, "StationName":"Jameson Base" }
{ "timestamp":"2016-09-20T16:18:21Z", "event":"ShieldState", "ShieldsUp":false }
{ "timestamp":"2016-09-20T16:18:21Z", "event":"HullDamage", "Health":0.578060 }
{ "timestamp":"2016-09-20T16:18:21Z", "event":"HullDamage", "Health":0.578060 }
{ "timestamp":"2016-09-20T16:18:21Z", "event":"HullDamage", "Health":0.298444 }
{ "timestamp":"2016-09-20T16:18:52Z", "event":"ShieldState", "ShieldsUp":true }
{ "timestamp":"2016-09-20T16:19:03Z", "event":"Docked", "StationName":"Jameson Base", "StarSystem":"Shinrarta Dezhra", "Faction":"The Pilots Federation", "Allegiance":"Independent", "Economy":"$economy_HighTech;", "Economy_Localised":"High tech", "Government":"$government_Democracy;", "Government_Localised":"Democracy", "Security":"$SYSTEM_SECURITY_high;", "Security_Localised":"High Security" }
{ "timestamp":"2016-09-20T16:19:15Z", "event":"EngineerProgress", "Engineer":"Lori Jameson", "Progress":"Unlocked", "Rank":1 }
{ "timestamp":"2016-09-20T16:19:23Z", "event":"RefuelAll", "Cost":767, "Amount":15.308256 }
{ "timestamp":"2016-09-20T16:19:24Z", "event":"RepairAll", "Cost":1278 }
{ "timestamp":"2016-09-20T16:19:25Z", "event":"BuyAmmo", "Cost":50 }
{ "timestamp":"2016-09-20T16:19:38Z", "event":"Screenshot", "Filename":"\\ED_Pictures\\Screenshot_0004.bmp", "Width":3840, "Height":2160, "System":"Shinrarta Dezhra", "Body":"Shinrarta Dezhra A 1" }
{ "timestamp":"2016-09-20T16:19:43Z", "event":"Screenshot", "Filename":"\\ED_Pictures\\Screenshot_0005.bmp", "Width":3840, "Height":2160, "System":"Shinrarta Dezhra", "Body":"Shinrarta Dezhra A 1" }
{ "timestamp":"2016-09-20T16:19:45Z", "event":"Screenshot", "Filename":"\\ED_Pictures\\Screenshot_0006.bmp", "Width":3840, "Height":2160, "System":"Shinrarta Dezhra", "Body":"Shinrarta Dezhra A 1" }
{ "timestamp":"2016-09-20T16:19:46Z", "event":"Screenshot", "Filename":"\\ED_Pictures\\Screenshot_0007.bmp", "Width":3840, "Height":2160, "System":"Shinrarta Dezhra", "Body":"Shinrarta Dezhra A 1" }
{ "timestamp":"2016-09-20T16:20:20Z", "event":"Screenshot", "Filename":"\\ED_Pictures\\Screenshot_0008.bmp", "Width":3840, "Height":2160, "System":"Shinrarta Dezhra", "Body":"Shinrarta Dezhra A 1" }
{ "timestamp":"2016-09-20T16:20:21Z", "event":"Screenshot", "Filename":"\\ED_Pictures\\Screenshot_0009.bmp", "Width":3840, "Height":2160, "System":"Shinrarta Dezhra", "Body":"Shinrarta Dezhra A 1" }
{ "timestamp":"2016-09-20T16:20:22Z", "event":"Screenshot", "Filename":"\\ED_Pictures\\Screenshot_0010.bmp", "Width":3840, "Height":2160, "System":"Shinrarta Dezhra", "Body":"Shinrarta Dezhra A 1" }
{ "timestamp":"2016-09-20T16:20:23Z", "event":"Screenshot", "Filename":"\\ED_Pictures\\Screenshot_0011.bmp", "Width":3840, "Height":2160, "System":"Shinrarta Dezhra", "Body":"Shinrarta Dezhra A 1" }
{ "timestamp":"2016-09-20T16:20:33Z", "event":"Screenshot", "Filename":"\\ED_Pictures\\Screenshot_0012.bmp", "Width":3840, "Height":2160, "System":"Shinrarta Dezhra", "Body":"Shinrarta Dezhra A 1" }
{ "timestamp":"2016-09-20T16:20:34Z", "event":"Screenshot", "Filename":"\\ED_Pictures\\Screenshot_0013.bmp", "Width":3840, "Height":2160, "System":"Shinrarta Dezhra", "Body":"Shinrarta Dezhra A 1" }
{ "timestamp":"2016-09-20T16:20:35Z", "event":"Screenshot", "Filename":"\\ED_Pictures\\Screenshot_0014.bmp", "Width":3840, "Height":2160, "System":"Shinrarta Dezhra", "Body":"Shinrarta Dezhra A 1" }
{ "timestamp":"2016-09-20T16:20:36Z", "event":"Screenshot", "Filename":"\\ED_Pictures\\Screenshot_0015.bmp", "Width":3840, "Height":2160, "System":"Shinrarta Dezhra", "Body":"Shinrarta Dezhra A 1" }
{ "timestamp":"2016-09-20T16:20:37Z", "event":"Screenshot", "Filename":"\\ED_Pictures\\Screenshot_0016.bmp", "Width":3840, "Height":2160, "System":"Shinrarta Dezhra", "Body":"Shinrarta Dezhra A 1" }
{ "timestamp":"2016-09-20T16:20:37Z", "event":"Screenshot", "Filename":"\\ED_Pictures\\Screenshot_0017.bmp", "Width":3840, "Height":2160, "System":"Shinrarta Dezhra", "Body":"Shinrarta Dezhra A 1" }
{ "timestamp":"2016-09-20T16:20:40Z", "event":"Screenshot", "Filename":"\\ED_Pictures\\Screenshot_0018.bmp", "Width":3840, "Height":2160, "System":"Shinrarta Dezhra", "Body":"Shinrarta Dezhra A 1" }
{ "timestamp":"2016-09-20T16:20:41Z", "event":"Screenshot", "Filename":"\\ED_Pictures\\Screenshot_0019.bmp", "Width":3840, "Height":2160, "System":"Shinrarta Dezhra", "Body":"Shinrarta Dezhra A 1" }
{ "timestamp":"2016-09-20T16:20:41Z", "event":"Screenshot", "Filename":"\\ED_Pictures\\Screenshot_0020.bmp", "Width":3840, "Height":2160, "System":"Shinrarta Dezhra", "Body":"Shinrarta Dezhra A 1" }
{ "timestamp":"2016-09-20T16:20:47Z", "event":"Screenshot", "Filename":"\\ED_Pictures\\Screenshot_0021.bmp", "Width":3840, "Height":2160, "System":"Shinrarta Dezhra", "Body":"Shinrarta Dezhra A 1" }
{ "timestamp":"2016-09-20T16:20:48Z", "event":"Screenshot", "Filename":"\\ED_Pictures\\Screenshot_0022.bmp", "Width":3840, "Height":2160, "System":"Shinrarta Dezhra", "Body":"Shinrarta Dezhra A 1" }
{ "timestamp":"2016-09-20T16:20:49Z", "event":"Screenshot", "Filename":"\\ED_Pictures\\Screenshot_0023.bmp", "Width":3840, "Height":2160, "System":"Shinrarta Dezhra", "Body":"Shinrarta Dezhra A 1" }
{ "timestamp":"2016-09-20T16:20:49Z", "event":"Screenshot", "Filename":"\\ED_Pictures\\Screenshot_0024.bmp", "Width":3840, "Height":2160, "System":"Shinrarta Dezhra", "Body":"Shinrarta Dezhra A 1" }
{ "timestamp":"2016-09-20T16:20:50Z", "event":"Screenshot", "Filename":"\\ED_Pictures\\Screenshot_0025.bmp", "Width":3840, "Height":2160, "System":"Shinrarta Dezhra", "Body":"Shinrarta Dezhra A 1" }
{ "timestamp":"2016-09-20T16:20:51Z", "event":"Screenshot", "Filename":"\\ED_Pictures\\Screenshot_0026.bmp", "Width":3840, "Height":2160, "System":"Shinrarta Dezhra", "Body":"Shinrarta Dezhra A 1" }
{ "timestamp":"2016-09-20T16:20:53Z", "event":"Screenshot", "Filename":"\\ED_Pictures\\Screenshot_0027.bmp", "Width":3840, "Height":2160, "System":"Shinrarta Dezhra", "Body":"Shinrarta Dezhra A 1" }
{ "timestamp":"2016-09-20T16:20:53Z", "event":"Screenshot", "Filename":"\\ED_Pictures\\Screenshot_0028.bmp", "Width":3840, "Height":2160, "System":"Shinrarta Dezhra", "Body":"Shinrarta Dezhra A 1" }
{ "timestamp":"2016-09-20T16:20:54Z", "event":"Screenshot", "Filename":"\\ED_Pictures\\Screenshot_0029.bmp", "Width":3840, "Height":2160, "System":"Shinrarta Dezhra", "Body":"Shinrarta Dezhra A 1" }
{ "timestamp":"2016-09-20T16:21:13Z", "event":"Screenshot", "Filename":"\\ED_Pictures\\Screenshot_0030.bmp", "Width":3840, "Height":2160, "System":"Shinrarta Dezhra", "Body":"Shinrarta Dezhra A 1" }
{ "timestamp":"2016-09-20T16:21:13Z", "event":"Screenshot", "Filename":"\\ED_Pictures\\Screenshot_0031.bmp", "Width":3840, "Height":2160, "System":"Shinrarta Dezhra", "Body":"Shinrarta Dezhra A 1" }
{ "timestamp":"2016-09-20T16:21:14Z", "event":"Screenshot", "Filename":"\\ED_Pictures\\Screenshot_0032.bmp", "Width":3840, "Height":2160, "System":"Shinrarta Dezhra", "Body":"Shinrarta Dezhra A 1" }
{ "timestamp":"2016-09-20T16:21:15Z", "event":"Screenshot", "Filename":"\\ED_Pictures\\Screenshot_0033.bmp", "Width":3840, "Height":2160, "System":"Shinrarta Dezhra", "Body":"Shinrarta Dezhra A 1" }
{ "timestamp":"2016-09-20T16:21:15Z", "event":"Screenshot", "Filename":"\\ED_Pictures\\Screenshot_0034.bmp", "Width":3840, "Height":2160, "System":"Shinrarta Dezhra", "Body":"Shinrarta Dezhra A 1" }
{ "timestamp":"2016-09-20T16:21:17Z", "event":"Screenshot", "Filename":"\\ED_Pictures\\Screenshot_0035.bmp", "Width":3840, "Height":2160, "System":"Shinrarta Dezhra", "Body":"Shinrarta Dezhra A 1" }
{ "timestamp":"2016-09-20T16:21:17Z", "event":"Screenshot", "Filename":"\\ED_Pictures\\Screenshot_0036.bmp", "Width":3840, "Height":2160, "System":"Shinrarta Dezhra", "Body":"Shinrarta Dezhra A 1" }
{ "timestamp":"2016-09-20T16:21:18Z", "event":"Screenshot", "Filename":"\\ED_Pictures\\Screenshot_0037.bmp", "Width":3840, "Height":2160, "System":"Shinrarta Dezhra", "Body":"Shinrarta Dezhra A 1" }
{ "timestamp":"2016-09-20T16:21:19Z", "event":"Screenshot", "Filename":"\\ED_Pictures\\Screenshot_0038.bmp", "Width":3840, "Height":2160, "System":"Shinrarta Dezhra", "Body":"Shinrarta Dezhra A 1" }
{ "timestamp":"2016-09-20T16:21:35Z", "event":"Screenshot", "Filename":"\\ED_Pictures\\Screenshot_0039.bmp", "Width":3840, "Height":2160, "System":"Shinrarta Dezhra", "Body":"Shinrarta Dezhra A 1" }
{ "timestamp":"2016-09-20T16:21:36Z", "event":"Screenshot", "Filename":"\\ED_Pictures\\Screenshot_0040.bmp", "Width":3840, "Height":2160, "System":"Shinrarta Dezhra", "Body":"Shinrarta Dezhra A 1" }
{ "timestamp":"2016-09-20T16:21:37Z", "event":"Screenshot", "Filename":"\\ED_Pictures\\Screenshot_0041.bmp", "Width":3840, "Height":2160, "System":"Shinrarta Dezhra", "Body":"Shinrarta Dezhra A 1" }
{ "timestamp":"2016-09-20T16:21:38Z", "event":"Screenshot", "Filename":"\\ED_Pictures\\Screenshot_0042.bmp", "Width":3840, "Height":2160, "System":"Shinrarta Dezhra", "Body":"Shinrarta Dezhra A 1" }
{ "timestamp":"2016-09-20T16:21:38Z", "event":"Screenshot", "Filename":"\\ED_Pictures\\Screenshot_0043.bmp", "Width":3840, "Height":2160, "System":"Shinrarta Dezhra", "Body":"Shinrarta Dezhra A 1" }
{ "timestamp":"2016-09-20T16:21:40Z", "event":"Screenshot", "Filename":"\\ED_Pictures\\Screenshot_0044.bmp", "Width":3840, "Height":2160, "System":"Shinrarta Dezhra", "Body":"Shinrarta Dezhra A 1" }
{ "timestamp":"2016-09-20T16:21:48Z", "event":"Screenshot", "Filename":"\\ED_Pictures\\Screenshot_0045.bmp", "Width":3840, "Height":2160, "System":"Shinrarta Dezhra", "Body":"Shinrarta Dezhra A 1" }
{ "timestamp":"2016-09-20T16:21:48Z", "event":"Screenshot", "Filename":"\\ED_Pictures\\Screenshot_0046.bmp", "Width":3840, "Height":2160, "System":"Shinrarta Dezhra", "Body":"Shinrarta Dezhra A 1" }
{ "timestamp":"2016-09-20T16:21:49Z", "event":"Screenshot", "Filename":"\\ED_Pictures\\Screenshot_0047.bmp", "Width":3840, "Height":2160, "System":"Shinrarta Dezhra", "Body":"Shinrarta Dezhra A 1" }
{ "timestamp":"2016-09-20T16:21:49Z", "event":"Screenshot", "Filename":"\\ED_Pictures\\Screenshot_0048.bmp", "Width":3840, "Height":2160, "System":"Shinrarta Dezhra", "Body":"Shinrarta Dezhra A 1" }
{ "timestamp":"2016-09-20T16:22:21Z", "event":"EngineerCraft", "Engineer":"Lori Jameson", "Blueprint":"LifeSupport_LightWeight", "Level":1, "Ingredients":{"phosphorus":1 } }
{ "timestamp":"2016-09-20T16:22:23Z", "event":"EngineerProgress", "Engineer":"Lori Jameson", "Rank":2 }
{ "timestamp":"2016-09-20T16:22:25Z", "event":"EngineerCraft", "Engineer":"Lori Jameson", "Blueprint":"LifeSupport_LightWeight", "Level":1, "Ingredients":{"phosphorus":1 } }
{ "timestamp":"2016-09-20T16:22:29Z", "event":"EngineerApply", "Engineer":"Lori Jameson", "Blueprint":"LifeSupport_LightWeight", "Level":1 }
{ "timestamp":"2016-09-20T16:22:37Z", "event":"EngineerCraft", "Engineer":"Lori Jameson", "Blueprint":"LifeSupport_LightWeight", "Level":1, "Ingredients":{"phosphorus":1 } }
{ "timestamp":"2016-09-20T16:22:45Z", "event":"EngineerApply", "Engineer":"Lori Jameson", "Blueprint":"LifeSupport_LightWeight", "Level":1 }
{ "timestamp":"2016-09-20T16:22:59Z", "event":"LoadGame", "Commander":"McDonald", "Ship":"Asp", "ShipID":24, "GameMode":"Open", "Credits":811479408, "Loan":0 }
{ "timestamp":"2016-09-20T16:22:59Z", "event":"Rank", "Combat":7, "Trade":7, "Explore":5, "Empire":13, "Federation":10, "CQC":1 }
{ "timestamp":"2016-09-20T16:22:59Z", "event":"Progress", "Combat":29, "Trade":47, "Explore":83, "Empire":9, "Federation":92, "CQC":73 }
{ "timestamp":"2016-09-20T16:23:30Z", "event":"Location", "Docked":1, "StationName":"Jameson Base", "StationType":"", "StarSystem":"Shinrarta Dezhra", "StarPos":[55.719,17.594,27.156], "Allegiance":"Independent", "Economy":"$economy_HighTech;", "Economy_Localised":"High tech", "Government":"$government_Democracy;", "Government_Localised":"Democracy", "Security":"$SYSTEM_SECURITY_high;", "Security_Localised":"High Security", "Faction":"The Pilots Federation" }
{ "timestamp":"2016-09-20T16:23:30Z", "event":"Docked", "StationName":"Jameson Base", "StarSystem":"Shinrarta Dezhra", "Faction":"The Pilots Federation", "Allegiance":"Independent", "Economy":"$economy_HighTech;", "Economy_Localised":"High tech", "Government":"$government_Democracy;", "Government_Localised":"Democracy", "Security":"$SYSTEM_SECURITY_high;", "Security_Localised":"High Security" }
{ "timestamp":"2016-09-20T16:23:47Z", "event":"SellExplorationData", "Systems":[ "9 Ursae Minoris", "Wolf 417", "Viruachi", "LFT 1005", "Sheela Na Gig", "LP 557-46" ], "Discovered":[  ], "BaseValue":39186, "Bonus":0 }
{ "timestamp":"2016-09-20T16:24:18Z", "event":"Screenshot", "Filename":"\\ED_Pictures\\Screenshot_0049.bmp", "Width":3840, "Height":2160, "System":"Shinrarta Dezhra", "Body":"Shinrarta Dezhra A 1" }
{ "timestamp":"2016-09-20T16:25:27Z", "event":"Screenshot", "Filename":"\\ED_Pictures\\Screenshot_0050.bmp", "Width":3840, "Height":2160, "System":"Shinrarta Dezhra", "Body":"Shinrarta Dezhra A 1" }
{ "timestamp":"2016-09-20T16:25:28Z", "event":"Screenshot", "Filename":"\\ED_Pictures\\Screenshot_0051.bmp", "Width":3840, "Height":2160, "System":"Shinrarta Dezhra", "Body":"Shinrarta Dezhra A 1" }
{ "timestamp":"2016-09-20T16:25:29Z", "event":"Screenshot", "Filename":"\\ED_Pictures\\Screenshot_0052.bmp", "Width":3840, "Height":2160, "System":"Shinrarta Dezhra", "Body":"Shinrarta Dezhra A 1" }
{ "timestamp":"2016-09-20T16:25:29Z", "event":"Screenshot", "Filename":"\\ED_Pictures\\Screenshot_0053.bmp", "Width":3840, "Height":2160, "System":"Shinrarta Dezhra", "Body":"Shinrarta Dezhra A 1" }
