{ "timestamp":"2016-09-20T10:19:20Z", "event":"Fileheader", "part":1, "language":"English\\UK", "gameversion":"2.2", "build":"r121645/r0 " }
{ "timestamp":"2016-09-20T10:20:17Z", "event":"LoadGame", "Commander":"McDonald", "Ship":"CobraMkIII", "ShipID":30, "GameMode":"Open", "Credits":552286525, "Loan":0 }
{ "timestamp":"2016-09-20T10:20:17Z", "event":"Rank", "Combat":7, "Trade":7, "Explore":5, "Empire":13, "Federation":10, "CQC":1 }
{ "timestamp":"2016-09-20T10:20:17Z", "event":"Progress", "Combat":29, "Trade":47, "Explore":83, "Empire":9, "Federation":92, "CQC":73 }
{ "timestamp":"2016-09-20T10:20:19Z", "event":"EngineerProgress", "Engineer":"Bill Turner", "Progress":"Invited" }
{ "timestamp":"2016-09-20T10:20:19Z", "event":"EngineerProgress", "Engineer":"The Sarge", "Progress":"Invited" }
{ "timestamp":"2016-09-20T10:20:19Z", "event":"EngineerProgress", "Engineer":"Ram Tah", "Progress":"Invited" }
{ "timestamp":"2016-09-20T10:20:19Z", "event":"EngineerProgress", "Engineer":"Lori Jameson", "Progress":"Invited" }
{ "timestamp":"2016-09-20T10:20:47Z", "event":"Location", "Docked":1, "StationName":"Parkinson Terminal", "StationType":"Coriolis", "StarSystem":"Eburnakura", "StarPos":[92.375,-85.219,66.656], "Allegiance":"Independent", "Economy":"$economy_Extraction;", "Economy_Localised":"Extraction", "Government":"$government_Dictatorship;", "Government_Localised":"Dictatorship", "Security":"$SYSTEM_SECURITY_high;", "Security_Localised":"High Security", "Faction":"Party of Yoru", "FactionState":"Expansion" }
{ "timestamp":"2016-09-20T10:20:47Z", "event":"Docked", "StationName":"Parkinson Terminal", "StationType":"Coriolis", "StarSystem":"Eburnakura", "Faction":"Party of Yoru", "FactionState":"Expansion", "Allegiance":"Independent", "Economy":"$economy_Extraction;", "Economy_Localised":"Extraction", "Government":"$government_Dictatorship;", "Government_Localised":"Dictatorship", "Security":"$SYSTEM_SECURITY_high;", "Security_Localised":"High Security" }
{ "timestamp":"2016-09-20T10:27:08Z", "event":"LoadGame", "Commander":"McDonald", "Ship":"CobraMkIII", "ShipID":30, "GameMode":"Open", "Credits":552286525, "Loan":0 }
{ "timestamp":"2016-09-20T10:27:08Z", "event":"Rank", "Combat":7, "Trade":7, "Explore":5, "Empire":13, "Federation":10, "CQC":1 }
{ "timestamp":"2016-09-20T10:27:08Z", "event":"Progress", "Combat":29, "Trade":47, "Explore":83, "Empire":9, "Federation":92, "CQC":73 }
{ "timestamp":"2016-09-20T10:27:27Z", "event":"Location", "Docked":1, "StationName":"Parkinson Terminal", "StationType":"Coriolis", "StarSystem":"Eburnakura", "StarPos":[92.375,-85.219,66.656], "Allegiance":"Independent", "Economy":"$economy_Extraction;", "Economy_Localised":"Extraction", "Government":"$government_Dictatorship;", "Government_Localised":"Dictatorship", "Security":"$SYSTEM_SECURITY_high;", "Security_Localised":"High Security", "Faction":"Party of Yoru", "FactionState":"Expansion" }
{ "timestamp":"2016-09-20T10:27:27Z", "event":"Docked", "StationName":"Parkinson Terminal", "StationType":"Coriolis", "StarSystem":"Eburnakura", "Faction":"Party of Yoru", "FactionState":"Expansion", "Allegiance":"Independent", "Economy":"$economy_Extraction;", "Economy_Localised":"Extraction", "Government":"$government_Dictatorship;", "Government_Localised":"Dictatorship", "Security":"$SYSTEM_SECURITY_high;", "Security_Localised":"High Security" }
{ "timestamp":"2016-09-20T10:28:44Z", "event":"LoadGame", "Commander":"McDonald", "Ship":"CobraMkIII", "ShipID":30, "GameMode":"Open", "Credits":552286525, "Loan":0 }
{ "timestamp":"2016-09-20T10:28:44Z", "event":"Rank", "Combat":7, "Trade":7, "Explore":5, "Empire":13, "Federation":10, "CQC":1 }
{ "timestamp":"2016-09-20T10:28:44Z", "event":"Progress", "Combat":29, "Trade":47, "Explore":83, "Empire":9, "Federation":92, "CQC":73 }
{ "timestamp":"2016-09-20T10:29:03Z", "event":"Location", "Docked":1, "StationName":"Parkinson Terminal", "StationType":"Coriolis", "StarSystem":"Eburnakura", "StarPos":[92.375,-85.219,66.656], "Allegiance":"Independent", "Economy":"$economy_Extraction;", "Economy_Localised":"Extraction", "Government":"$government_Dictatorship;", "Government_Localised":"Dictatorship", "Security":"$SYSTEM_SECURITY_high;", "Security_Localised":"High Security", "Faction":"Party of Yoru", "FactionState":"Expansion" }
{ "timestamp":"2016-09-20T10:29:03Z", "event":"Docked", "StationName":"Parkinson Terminal", "StationType":"Coriolis", "StarSystem":"Eburnakura", "Faction":"Party of Yoru", "FactionState":"Expansion", "Allegiance":"Independent", "Economy":"$economy_Extraction;", "Economy_Localised":"Extraction", "Government":"$government_Dictatorship;", "Government_Localised":"Dictatorship", "Security":"$SYSTEM_SECURITY_high;", "Security_Localised":"High Security" }
{ "timestamp":"2016-09-20T10:30:04Z", "event":"LoadGame", "Commander":"McDonald", "Ship":"CobraMkIII", "ShipID":30, "GameMode":"Open", "Credits":552286525, "Loan":0 }
{ "timestamp":"2016-09-20T10:30:04Z", "event":"Rank", "Combat":7, "Trade":7, "Explore":5, "Empire":13, "Federation":10, "CQC":1 }
{ "timestamp":"2016-09-20T10:30:04Z", "event":"Progress", "Combat":29, "Trade":47, "Explore":83, "Empire":9, "Federation":92, "CQC":73 }
{ "timestamp":"2016-09-20T10:30:28Z", "event":"Location", "Docked":1, "StationName":"Parkinson Terminal", "StationType":"Coriolis", "StarSystem":"Eburnakura", "StarPos":[92.375,-85.219,66.656], "Allegiance":"Independent", "Economy":"$economy_Extraction;", "Economy_Localised":"Extraction", "Government":"$government_Dictatorship;", "Government_Localised":"Dictatorship", "Security":"$SYSTEM_SECURITY_high;", "Security_Localised":"High Security", "Faction":"Party of Yoru", "FactionState":"Expansion" }
{ "timestamp":"2016-09-20T10:30:28Z", "event":"Docked", "StationName":"Parkinson Terminal", "StationType":"Coriolis", "StarSystem":"Eburnakura", "Faction":"Party of Yoru", "FactionState":"Expansion", "Allegiance":"Independent", "Economy":"$economy_Extraction;", "Economy_Localised":"Extraction", "Government":"$government_Dictatorship;", "Government_Localised":"Dictatorship", "Security":"$SYSTEM_SECURITY_high;", "Security_Localised":"High Security" }
{ "timestamp":"2016-09-20T10:37:30Z", "event":"LoadGame", "Commander":"McDonald", "Ship":"CobraMkIII", "ShipID":30, "GameMode":"Group", "Group":"Mobius", "Credits":552286525, "Loan":0 }
{ "timestamp":"2016-09-20T10:37:30Z", "event":"Rank", "Combat":7, "Trade":7, "Explore":5, "Empire":13, "Federation":10, "CQC":1 }
{ "timestamp":"2016-09-20T10:37:30Z", "event":"Progress", "Combat":29, "Trade":47, "Explore":83, "Empire":9, "Federation":92, "CQC":73 }
{ "timestamp":"2016-09-20T10:37:48Z", "event":"Location", "Docked":1, "StationName":"Parkinson Terminal", "StationType":"Coriolis", "StarSystem":"Eburnakura", "StarPos":[92.375,-85.219,66.656], "Allegiance":"Independent", "Economy":"$economy_Extraction;", "Economy_Localised":"Extraction", "Government":"$government_Dictatorship;", "Government_Localised":"Dictatorship", "Security":"$SYSTEM_SECURITY_high;", "Security_Localised":"High Security", "Faction":"Party of Yoru", "FactionState":"Expansion" }
{ "timestamp":"2016-09-20T10:37:49Z", "event":"Docked", "StationName":"Parkinson Terminal", "StationType":"Coriolis", "StarSystem":"Eburnakura", "Faction":"Party of Yoru", "FactionState":"Expansion", "Allegiance":"Independent", "Economy":"$economy_Extraction;", "Economy_Localised":"Extraction", "Government":"$government_Dictatorship;", "Government_Localised":"Dictatorship", "Security":"$SYSTEM_SECURITY_high;", "Security_Localised":"High Security" }
{ "timestamp":"2016-09-20T10:39:58Z", "event":"ShipyardTransfer", "ShipType":"Cutter", "ShipID":28, "System":"Mehuenomici", "Distance":132355146712612864.000000, "TransferPrice":5068 }
{ "timestamp":"2016-09-20T10:40:26Z", "event":"HeatWarning" }
{ "timestamp":"2016-09-20T10:40:34Z", "event":"HeatWarning" }
{ "timestamp":"2016-09-20T10:40:41Z", "event":"HeatWarning" }
{ "timestamp":"2016-09-20T10:40:44Z", "event":"HeatWarning" }
{ "timestamp":"2016-09-20T10:40:50Z", "event":"HeatWarning" }
{ "timestamp":"2016-09-20T10:40:51Z", "event":"HeatWarning" }
{ "timestamp":"2016-09-20T10:40:57Z", "event":"HeatWarning" }
{ "timestamp":"2016-09-20T10:42:17Z", "event":"CrewHire", "Name":"Susie Howell", "Faction":"Party of Yoru", "Cost":15000, "CombatRank":0 }
{ "timestamp":"2016-09-20T10:42:31Z", "event":"CrewFire", "Name":"Susie Howell" }
{ "timestamp":"2016-09-20T10:43:49Z", "event":"Screenshot", "Filename":"\\ED_Pictures\\Screenshot_0000.bmp", "Width":3840, "Height":2160, "System":"Eburnakura", "Body":"Parkinson Terminal" }
{ "timestamp":"2016-09-20T10:46:40Z", "event":"ShipyardTransfer", "ShipType":"Eagle", "ShipID":1, "System":"Nangkano", "Distance":1954616251787509760.000000, "TransferPrice":10034 }
{ "timestamp":"2016-09-20T10:46:52Z", "event":"Screenshot", "Filename":"\\ED_Pictures\\Screenshot_0001.bmp", "Width":3840, "Height":2160, "System":"Eburnakura", "Body":"Parkinson Terminal" }
{ "timestamp":"2016-09-20T10:46:57Z", "event":"Screenshot", "Filename":"\\ED_Pictures\\Screenshot_0002.bmp", "Width":3840, "Height":2160, "System":"Eburnakura", "Body":"Parkinson Terminal" }
{ "timestamp":"2016-09-20T10:49:53Z", "event":"Screenshot", "Filename":"\\ED_Pictures\\Screenshot_0002.bmp", "Width":3840, "Height":2160, "System":"Eburnakura", "Body":"Parkinson Terminal" }
{ "timestamp":"2016-09-20T10:49:55Z", "event":"Screenshot", "Filename":"\\ED_Pictures\\Screenshot_0003.bmp", "Width":3840, "Height":2160, "System":"Eburnakura", "Body":"Parkinson Terminal" }
{ "timestamp":"2016-09-20T10:49:57Z", "event":"Screenshot", "Filename":"\\ED_Pictures\\Screenshot_0004.bmp", "Width":3840, "Height":2160, "System":"Eburnakura", "Body":"Parkinson Terminal" }
{ "timestamp":"2016-09-20T10:50:02Z", "event":"Screenshot", "Filename":"\\ED_Pictures\\Screenshot_0005.bmp", "Width":3840, "Height":2160, "System":"Eburnakura", "Body":"Parkinson Terminal" }
{ "timestamp":"2016-09-20T10:54:28Z", "event":"EjectCargo", "Type":"encripteddatastorage", "Count":3, "Abandoned":false }
{ "timestamp":"2016-09-20T10:55:20Z", "event":"ShipyardSwap", "ShipType":"cutter", "ShipID":28, "StoreOldShip":"CobraMkIII", "StoreShipID":30 }
{ "timestamp":"2016-09-20T10:55:35Z", "event":"Docked", "StationName":"Parkinson Terminal", "StationType":"Coriolis", "StarSystem":"Eburnakura", "Faction":"Party of Yoru", "FactionState":"Expansion", "Allegiance":"Independent", "Economy":"$economy_Extraction;", "Economy_Localised":"Extraction", "Government":"$government_Dictatorship;", "Government_Localised":"Dictatorship", "Security":"$SYSTEM_SECURITY_high;", "Security_Localised":"High Security" }
{ "timestamp":"2016-09-20T10:56:51Z", "event":"Screenshot", "Filename":"\\ED_Pictures\\Screenshot_0005.bmp", "Width":3840, "Height":2160, "System":"Eburnakura", "Body":"Parkinson Terminal" }
{ "timestamp":"2016-09-20T11:00:34Z", "event":"ModuleBuy", "Slot":"PaintJob", "BuyItem":"$paintjob_cutter_blackfriday_01_name;", "BuyItem_Localised":"Black Friday", "BuyPrice":0, "Ship":"cutter", "ShipID":28 }
{ "timestamp":"2016-09-20T11:04:28Z", "event":"Undocked", "StationName":"Parkinson Terminal", "StationType":"Coriolis" }
{ "timestamp":"2016-09-20T11:05:59Z", "event":"FSDJump", "StarSystem":"Shui Wei Sector PT-Q b5-1", "StarPos":[83.844,-61.438,61.750], "Allegiance":"", "Economy":"$economy_None;", "Economy_Localised":"None", "Government":"$government_None;", "Government_Localised":"None", "Security":"$SYSTEM_SECURITY_low;", "Security_Localised":"Low Security", "JumpDist":25.737, "FuelUsed":12.688005, "FuelLevel":51.311996 }
{ "timestamp":"2016-09-20T11:14:42Z", "event":"FuelScoop", "Scooped":12.688004, "Total":64.000000 }
{ "timestamp":"2016-09-20T11:15:13Z", "event":"FSDJump", "StarSystem":"Crucis Sector AA-A d119", "StarPos":[85.844,-39.406,49.250], "Allegiance":"", "Economy":"$economy_None;", "Economy_Localised":"None", "Government":"$government_None;", "Government_Localised":"None", "Security":"$SYSTEM_SECURITY_low;", "Security_Localised":"Low Security", "JumpDist":25.409, "FuelUsed":12.248165, "FuelLevel":51.751835 }
{ "timestamp":"2016-09-20T11:16:41Z", "event":"HeatWarning" }
{ "timestamp":"2016-09-20T11:16:55Z", "event":"FuelScoop", "Scooped":12.248165, "Total":64.000000 }
{ "timestamp":"2016-09-20T11:17:38Z", "event":"FSDJump", "StarSystem":"Moultac", "StarPos":[69.938,-22.625,44.563], "Allegiance":"", "Economy":"$economy_None;", "Economy_Localised":"None", "Government":"$government_None;", "Government_Localised":"None", "Security":"$SYSTEM_SECURITY_low;", "Security_Localised":"Low Security", "JumpDist":23.592, "FuelUsed":9.987597, "FuelLevel":54.012402 }
{ "timestamp":"2016-09-20T11:18:13Z", "event":"FuelScoop", "Scooped":9.987598, "Total":64.000000 }
{ "timestamp":"2016-09-20T11:18:39Z", "event":"FSDJump", "StarSystem":"Crucis Sector IH-V b2-4", "StarPos":[62.563,-1.313,35.906], "Allegiance":"", "Economy":"$economy_None;", "Economy_Localised":"None", "Government":"$government_None;", "Government_Localised":"None", "Security":"$SYSTEM_SECURITY_low;", "Security_Localised":"Low Security", "JumpDist":24.157, "FuelUsed":10.658518, "FuelLevel":53.341484 }
{ "timestamp":"2016-09-20T11:19:10Z", "event":"FuelScoop", "Scooped":7.901188, "Total":61.242672 }
{ "timestamp":"2016-09-20T11:19:45Z", "event":"FSDJump", "StarSystem":"Shinrarta Dezhra", "StarPos":[55.719,17.594,27.156], "Allegiance":"Independent", "Economy":"$economy_HighTech;", "Economy_Localised":"High tech", "Government":"$government_Democracy;", "Government_Localised":"Democracy", "Security":"$SYSTEM_SECURITY_high;", "Security_Localised":"High Security", "JumpDist":21.928, "FuelUsed":8.134134, "FuelLevel":53.108536, "Faction":"The Pilots Federation" }
{ "timestamp":"2016-09-20T11:20:23Z", "event":"FuelScoop", "Scooped":0.110081, "Total":53.218616 }
{ "timestamp":"2016-09-20T11:22:20Z", "event":"SupercruiseExit", "StarSystem":"Shinrarta Dezhra", "Body":"Jameson Memorial" }
{ "timestamp":"2016-09-20T11:22:40Z", "event":"DockingRequested", "StationName":"Jameson Memorial" }
{ "timestamp":"2016-09-20T11:22:41Z", "event":"DockingGranted", "LandingPad":9, "StationName":"Jameson Memorial" }
{ "timestamp":"2016-09-20T11:24:04Z", "event":"Docked", "StationName":"Jameson Memorial", "StationType":"Orbis", "StarSystem":"Shinrarta Dezhra", "Faction":"The Pilots Federation", "Allegiance":"Independent", "Economy":"$economy_HighTech;", "Economy_Localised":"High tech", "Government":"$government_Democracy;", "Government_Localised":"Democracy", "Security":"$SYSTEM_SECURITY_high;", "Security_Localised":"High Security" }
{ "timestamp":"2016-09-20T11:24:48Z", "event":"LoadGame", "Commander":"McDonald", "Ship":"Cutter", "ShipID":28, "GameMode":"Open", "Credits":552256423, "Loan":0 }
{ "timestamp":"2016-09-20T11:24:48Z", "event":"Rank", "Combat":7, "Trade":7, "Explore":5, "Empire":13, "Federation":10, "CQC":1 }
{ "timestamp":"2016-09-20T11:24:48Z", "event":"Progress", "Combat":29, "Trade":47, "Explore":83, "Empire":9, "Federation":92, "CQC":73 }
{ "timestamp":"2016-09-20T11:25:08Z", "event":"Location", "Docked":1, "StationName":"Jameson Memorial", "StationType":"Orbis", "StarSystem":"Shinrarta Dezhra", "StarPos":[55.719,17.594,27.156], "Allegiance":"Independent", "Economy":"$economy_HighTech;", "Economy_Localised":"High tech", "Government":"$government_Democracy;", "Government_Localised":"Democracy", "Security":"$SYSTEM_SECURITY_high;", "Security_Localised":"High Security", "Faction":"The Pilots Federation" }
{ "timestamp":"2016-09-20T11:25:08Z", "event":"Docked", "StationName":"Jameson Memorial", "StationType":"Orbis", "StarSystem":"Shinrarta Dezhra", "Faction":"The Pilots Federation", "Allegiance":"Independent", "Economy":"$economy_HighTech;", "Economy_Localised":"High tech", "Government":"$government_Democracy;", "Government_Localised":"Democracy", "Security":"$SYSTEM_SECURITY_high;", "Security_Localised":"High Security" }
{ "timestamp":"2016-09-20T11:25:47Z", "event":"SendText", "To":"local", "Message":"Hello all" }
{ "timestamp":"2016-09-20T11:26:21Z", "event":"ShipyardSwap", "ShipType":"anaconda", "ShipID":20, "StoreOldShip":"Cutter", "StoreShipID":28 }
{ "timestamp":"2016-09-20T11:26:38Z", "event":"Docked", "StationName":"Jameson Memorial", "StationType":"Orbis", "StarSystem":"Shinrarta Dezhra", "Faction":"The Pilots Federation", "Allegiance":"Independent", "Economy":"$economy_HighTech;", "Economy_Localised":"High tech", "Government":"$government_Democracy;", "Government_Localised":"Democracy", "Security":"$SYSTEM_SECURITY_high;", "Security_Localised":"High Security" }
{ "timestamp":"2016-09-20T11:28:16Z", "event":"ModuleBuy", "Slot":"Slot02_Size6", "SellItem":"$int_cargorack_size6_class1_name;", "SellItem_Localised":"Cargo Rack", "SellPrice":300498, "BuyItem":"$int_fighterbay_size6_class1_name;", "BuyItem_Localised":"Fighter Hangar", "BuyPrice":16322, "Ship":"anaconda", "ShipID":20 }
{ "timestamp":"2016-09-20T11:30:04Z", "event":"CrewHire", "Name":"Dom Mann", "Faction":"Los Chupacabras", "Cost":15000, "CombatRank":0 }
{ "timestamp":"2016-09-20T11:30:12Z", "event":"CrewAssign", "Name":"Dom Mann", "Role":"Active" }
{ "timestamp":"2016-09-20T11:31:01Z", "event":"Undocked", "StationName":"Jameson Memorial", "StationType":"Orbis" }
{ "timestamp":"2016-09-20T11:32:04Z", "event":"Screenshot", "Filename":"\\ED_Pictures\\Screenshot_0006.bmp", "Width":3840, "Height":2160, "System":"Shinrarta Dezhra", "Body":"Jameson Memorial" }
{ "timestamp":"2016-09-20T11:33:35Z", "event":"Screenshot", "Filename":"\\ED_Pictures\\Screenshot_0007.bmp", "Width":3840, "Height":2160, "System":"Shinrarta Dezhra", "Body":"Jameson Memorial" }
{ "timestamp":"2016-09-20T11:38:13Z", "event":"LaunchFighter", "Loadout":"one", "PlayerControlled":true }
{ "timestamp":"2016-09-20T11:41:04Z", "event":"DockFighter" }
{ "timestamp":"2016-09-20T11:41:21Z", "event":"LaunchFighter", "Loadout":"one", "PlayerControlled":true }
{ "timestamp":"2016-09-20T11:50:54Z", "event":"DockFighter" }
{ "timestamp":"2016-09-20T11:55:10Z", "event":"DockingRequested", "StationName":"Jameson Memorial" }
{ "timestamp":"2016-09-20T11:55:11Z", "event":"DockingGranted", "LandingPad":10, "StationName":"Jameson Memorial" }
{ "timestamp":"2016-09-20T11:56:06Z", "event":"Docked", "StationName":"Jameson Memorial", "StationType":"Orbis", "StarSystem":"Shinrarta Dezhra", "Faction":"The Pilots Federation", "Allegiance":"Independent", "Economy":"$economy_HighTech;", "Economy_Localised":"High tech", "Government":"$government_Democracy;", "Government_Localised":"Democracy", "Security":"$SYSTEM_SECURITY_high;", "Security_Localised":"High Security" }
{ "timestamp":"2016-09-20T11:57:55Z", "event":"ShipyardBuy", "ShipType":"belugaliner", "ShipPrice":7417751, "StoreOldShip":"Anaconda", "StoreShipID":20 }
{ "timestamp":"2016-09-20T11:57:56Z", "event":"ShipyardNew", "ShipType":"belugaliner", "NewShipID":33 }
{ "timestamp":"2016-09-20T11:58:10Z", "event":"Docked", "StationName":"Jameson Memorial", "StationType":"Orbis", "StarSystem":"Shinrarta Dezhra", "Faction":"The Pilots Federation", "Allegiance":"Independent", "Economy":"$economy_HighTech;", "Economy_Localised":"High tech", "Government":"$government_Democracy;", "Government_Localised":"Democracy", "Security":"$SYSTEM_SECURITY_high;", "Security_Localised":"High Security" }
{ "timestamp":"2016-09-20T12:07:06Z", "event":"ModuleBuy", "Slot":"PowerPlant", "SellItem":"$int_powerplant_size6_class1_name;", "SellItem_Localised":"Power Plant", "SellPrice":17528, "BuyItem":"$int_powerplant_size6_class5_name;", "BuyItem_Localised":"Power Plant", "BuyPrice":1419755, "Ship":"belugaliner", "ShipID":33 }
{ "timestamp":"2016-09-20T12:07:06Z", "event":"ShieldState", "ShieldsUp":false }
{ "timestamp":"2016-09-20T12:07:08Z", "event":"ShieldState", "ShieldsUp":true }
{ "timestamp":"2016-09-20T12:07:15Z", "event":"ModuleBuy", "Slot":"MainEngines", "SellItem":"$int_engine_size7_class1_name;", "SellItem_Localised":"Thrusters", "SellPrice":55563, "BuyItem":"$int_engine_size7_class5_name;", "BuyItem_Localised":"Thrusters", "BuyPrice":4500620, "Ship":"belugaliner", "ShipID":33 }
{ "timestamp":"2016-09-20T12:07:25Z", "event":"ModuleBuy", "Slot":"FrameShiftDrive", "SellItem":"$int_hyperdrive_size7_class1_name;", "SellItem_Localised":"FSD", "SellPrice":55563, "BuyItem":"$int_hyperdrive_size7_class5_name;", "BuyItem_Localised":"FSD", "BuyPrice":4500620, "Ship":"belugaliner", "ShipID":33 }
{ "timestamp":"2016-09-20T12:07:32Z", "event":"ModuleBuy", "Slot":"LifeSupport", "SellItem":"$int_lifesupport_size8_class1_name;", "SellItem_Localised":"Life Support", "SellPrice":61212, "BuyItem":"$int_lifesupport_size8_class5_name;", "BuyItem_Localised":"Life Support", "BuyPrice":2391135, "Ship":"belugaliner", "ShipID":33 }
{ "timestamp":"2016-09-20T12:07:39Z", "event":"ModuleBuy", "Slot":"PowerDistributor", "SellItem":"$int_powerdistributor_size6_class1_name;", "SellItem_Localised":"Power Distributor", "SellPrice":7807, "BuyItem":"$int_powerdistributor_size6_class5_name;", "BuyItem_Localised":"Power Distributor", "BuyPrice":304993, "Ship":"belugaliner", "ShipID":33 }
{ "timestamp":"2016-09-20T12:08:05Z", "event":"ModuleBuy", "Slot":"Slot01_Size6", "SellItem":"$int_shieldgenerator_size6_class1_name;", "SellItem_Localised":"Shield Generator", "SellPrice":17528, "BuyItem":"$int_passengercabin_size6_class3_name;", "BuyItem_Localised":"FC Passenger Cabin", "BuyPrice":48500, "Ship":"belugaliner", "ShipID":33 }
{ "timestamp":"2016-09-20T12:08:14Z", "event":"ModuleSwap", "FromSlot":"Slot03_Size6", "ToSlot":"Slot02_Size6", "FromItem":"$int_passengercabin_size6_class2_name;", "FromItem_Localised":"BC Passenger Cabin", "ToItem":"$int_cargorack_size5_class1_name;", "ToItem_Localised":"Cargo Rack", "Ship":"belugaliner", "ShipID":33 }
{ "timestamp":"2016-09-20T12:08:22Z", "event":"ModuleSwap", "FromSlot":"Slot04_Size6", "ToSlot":"Slot03_Size6", "FromItem":"$int_passengercabin_size6_class2_name;", "FromItem_Localised":"BC Passenger Cabin", "ToItem":"$int_cargorack_size5_class1_name;", "ToItem_Localised":"Cargo Rack", "Ship":"belugaliner", "ShipID":33 }
{ "timestamp":"2016-09-20T12:08:31Z", "event":"ModuleSwap", "FromSlot":"Slot02_Size6", "ToSlot":"Slot04_Size6", "FromItem":"$int_passengercabin_size6_class2_name;", "FromItem_Localised":"BC Passenger Cabin", "ToItem":"$int_cargorack_size5_class1_name;", "ToItem_Localised":"Cargo Rack", "Ship":"belugaliner", "ShipID":33 }
{ "timestamp":"2016-09-20T12:08:34Z", "event":"ModuleSwap", "FromSlot":"Slot01_Size6", "ToSlot":"Slot02_Size6", "FromItem":"$int_passengercabin_size6_class3_name;", "FromItem_Localised":"FC Passenger Cabin", "ToItem":"$int_cargorack_size5_class1_name;", "ToItem_Localised":"Cargo Rack", "Ship":"belugaliner", "ShipID":33 }
{ "timestamp":"2016-09-20T12:08:47Z", "event":"ModuleBuy", "Slot":"Slot01_Size6", "SellItem":"$int_cargorack_size5_class1_name;", "SellItem_Localised":"Cargo Rack", "SellPrice":9790, "BuyItem":"$int_shieldgenerator_size6_class5_name;", "BuyItem_Localised":"Shield Generator", "BuyPrice":1419755, "Ship":"belugaliner", "ShipID":33 }
{ "timestamp":"2016-09-20T12:09:05Z", "event":"ModuleBuy", "Slot":"Slot11_Size3", "SellItem":"$int_stellarbodydiscoveryscanner_standard_name;", "SellItem_Localised":"D - Scanner", "SellPrice":87, "BuyItem":"$int_stellarbodydiscoveryscanner_advanced_name;", "BuyItem_Localised":"D - Scanner", "BuyPrice":135574, "Ship":"belugaliner", "ShipID":33 }
{ "timestamp":"2016-09-20T12:09:12Z", "event":"ModuleBuy", "Slot":"Slot10_Size3", "BuyItem":"$int_detailedsurfacescanner_tiny_name;", "BuyItem_Localised":"Surface Scanner", "BuyPrice":21938, "Ship":"belugaliner", "ShipID":33 }
{ "timestamp":"2016-09-20T12:09:19Z", "event":"ModuleBuy", "Slot":"Slot09_Size3", "BuyItem":"$int_cargorack_size3_class1_name;", "BuyItem_Localised":"Cargo Rack", "BuyPrice":928, "Ship":"belugaliner", "ShipID":33 }
{ "timestamp":"2016-09-20T12:09:26Z", "event":"ModuleBuy", "Slot":"Slot08_Size3", "SellItem":"$int_cargorack_size2_class1_name;", "SellItem_Localised":"Cargo Rack", "SellPrice":285, "BuyItem":"$int_cargorack_size3_class1_name;", "BuyItem_Localised":"Cargo Rack", "BuyPrice":928, "Ship":"belugaliner", "ShipID":33 }
{ "timestamp":"2016-09-20T12:09:39Z", "event":"ModuleBuy", "Slot":"Slot07_Size4", "SellItem":"$int_cargorack_size3_class1_name;", "SellItem_Localised":"Cargo Rack", "SellPrice":926, "BuyItem":"$int_cargorack_size4_class1_name;", "BuyItem_Localised":"Cargo Rack", "BuyPrice":3013, "Ship":"belugaliner", "ShipID":33 }
{ "timestamp":"2016-09-20T12:10:03Z", "event":"ModuleSwap", "FromSlot":"Slot02_Size6", "ToSlot":"Slot03_Size6", "FromItem":"$int_passengercabin_size6_class3_name;", "FromItem_Localised":"FC Passenger Cabin", "ToItem":"$int_passengercabin_size6_class2_name;", "ToItem_Localised":"BC Passenger Cabin", "Ship":"belugaliner", "ShipID":33 }
{ "timestamp":"2016-09-20T12:10:21Z", "event":"ModuleSwap", "FromSlot":"Slot03_Size6", "ToSlot":"Slot02_Size6", "FromItem":"$int_passengercabin_size6_class3_name;", "FromItem_Localised":"FC Passenger Cabin", "ToItem":"$int_passengercabin_size6_class2_name;", "ToItem_Localised":"BC Passenger Cabin", "Ship":"belugaliner", "ShipID":33 }
{ "timestamp":"2016-09-20T12:10:45Z", "event":"ModuleSwap", "FromSlot":"Slot02_Size6", "ToSlot":"Slot03_Size6", "FromItem":"$int_passengercabin_size6_class3_name;", "FromItem_Localised":"FC Passenger Cabin", "ToItem":"$int_passengercabin_size6_class2_name;", "ToItem_Localised":"BC Passenger Cabin", "Ship":"belugaliner", "ShipID":33 }
{ "timestamp":"2016-09-20T12:10:52Z", "event":"ModuleBuy", "Slot":"Slot02_Size6", "SellItem":"$int_passengercabin_size6_class2_name;", "SellItem_Localised":"BC Passenger Cabin", "SellPrice":16166, "BuyItem":"$int_fighterbay_size6_class1_name;", "BuyItem_Localised":"Fighter Hangar", "BuyPrice":16322, "Ship":"belugaliner", "ShipID":33 }
{ "timestamp":"2016-09-20T12:11:31Z", "event":"ModuleBuy", "Slot":"MediumHardpoint1", "SellItem":"$hpt_pulselaser_fixed_small_name;", "SellItem_Localised":"Pulse Laser", "SellPrice":193, "BuyItem":"$hpt_pulselaser_turret_medium_name;", "BuyItem_Localised":"Pulse Laser", "BuyPrice":11654, "Ship":"belugaliner", "ShipID":33 }
{ "timestamp":"2016-09-20T12:11:43Z", "event":"ModuleBuy", "Slot":"MediumHardpoint2", "SellItem":"$hpt_pulselaser_fixed_small_name;", "SellItem_Localised":"Pulse Laser", "SellPrice":193, "BuyItem":"$hpt_pulselaser_turret_medium_name;", "BuyItem_Localised":"Pulse Laser", "BuyPrice":11654, "Ship":"belugaliner", "ShipID":33 }
{ "timestamp":"2016-09-20T12:11:59Z", "event":"ModuleBuy", "Slot":"MediumHardpoint1", "SellItem":"$hpt_pulselaser_turret_medium_name;", "SellItem_Localised":"Pulse Laser", "SellPrice":11654, "BuyItem":"$hpt_pulselaser_gimbal_medium_name;", "BuyItem_Localised":"Pulse Laser", "BuyPrice":3107, "Ship":"belugaliner", "ShipID":33 }
{ "timestamp":"2016-09-20T12:12:12Z", "event":"ModuleBuy", "Slot":"MediumHardpoint2", "SellItem":"$hpt_pulselaser_turret_medium_name;", "SellItem_Localised":"Pulse Laser", "SellPrice":11654, "BuyItem":"$hpt_pulselaser_gimbal_medium_name;", "BuyItem_Localised":"Pulse Laser", "BuyPrice":3107, "Ship":"belugaliner", "ShipID":33 }
{ "timestamp":"2016-09-20T12:12:49Z", "event":"ModuleBuy", "Slot":"MediumHardpoint5", "BuyItem":"$hpt_pulselaser_gimbal_medium_name;", "BuyItem_Localised":"Pulse Laser", "BuyPrice":3107, "Ship":"belugaliner", "ShipID":33 }
{ "timestamp":"2016-09-20T12:12:56Z", "event":"ModuleBuy", "Slot":"MediumHardpoint4", "BuyItem":"$hpt_pulselaser_gimbal_medium_name;", "BuyItem_Localised":"Pulse Laser", "BuyPrice":3107, "Ship":"belugaliner", "ShipID":33 }
{ "timestamp":"2016-09-20T12:13:02Z", "event":"ModuleBuy", "Slot":"MediumHardpoint3", "BuyItem":"$hpt_pulselaser_turret_medium_name;", "BuyItem_Localised":"Pulse Laser", "BuyPrice":11654, "Ship":"belugaliner", "ShipID":33 }
{ "timestamp":"2016-09-20T12:13:18Z", "event":"CrewAssign", "Name":"Dom Mann", "Role":"Active" }
{ "timestamp":"2016-09-20T12:15:45Z", "event":"MissionAccepted", "Faction":"The Pilots Federation", "Name":"Mission_PassengerVIP", "Commodity":"$DomesticAppliances_Name;", "Commodity_Localised":"Domestic Appliances", "Count":3, "DestinationSystem":"Fong Wang", "DestinationStation":"Schachner Dock", "Expiry":"2016-09-20T13:38:51Z", "PassengerCount":5, "PassengerVIPs":true, "PassengerWanted":false, "PassengerType":"Tourist", "MissionID":26473294 }
{ "timestamp":"2016-09-20T12:16:44Z", "event":"Undocked", "StationName":"Jameson Memorial", "StationType":"Orbis" }
{ "timestamp":"2016-09-20T12:21:12Z", "event":"FSDJump", "StarSystem":"Fong Wang", "StarPos":[58.031,9.656,36.031], "Allegiance":"Federation", "Economy":"$economy_Refinery;", "Economy_Localised":"Refinery", "Government":"$government_Corporate;", "Government_Localised":"Corporate", "Security":"$SYSTEM_SECURITY_high;", "Security_Localised":"High Security", "JumpDist":12.129, "FuelUsed":3.402109, "FuelLevel":28.597891, "Faction":"Fong Wang Limited", "FactionState":"Boom" }
{ "timestamp":"2016-09-20T12:23:47Z", "event":"SupercruiseExit", "StarSystem":"Fong Wang", "Body":"Schachner Dock" }
{ "timestamp":"2016-09-20T12:24:13Z", "event":"DockingRequested", "StationName":"Schachner Dock" }
{ "timestamp":"2016-09-20T12:24:14Z", "event":"DockingGranted", "LandingPad":32, "StationName":"Schachner Dock" }
{ "timestamp":"2016-09-20T12:24:21Z", "event":"DockingCancelled", "StationName":"Schachner Dock" }
{ "timestamp":"2016-09-20T12:24:26Z", "event":"DockingRequested", "StationName":"Schachner Dock" }
{ "timestamp":"2016-09-20T12:24:27Z", "event":"DockingGranted", "LandingPad":17, "StationName":"Schachner Dock" }
{ "timestamp":"2016-09-20T12:26:02Z", "event":"Docked", "StationName":"Schachner Dock", "StationType":"Coriolis", "StarSystem":"Fong Wang", "Faction":"Fong Wang Limited", "FactionState":"Boom", "Allegiance":"Federation", "Economy":"$economy_Refinery;", "Economy_Localised":"Refinery", "Government":"$government_Corporate;", "Government_Localised":"Corporate", "Security":"$SYSTEM_SECURITY_high;", "Security_Localised":"High Security" }
{ "timestamp":"2016-09-20T12:26:27Z", "event":"MissionCompleted", "Faction":"Allied Fong Wang Front", "Name":"Mission_PassengerVIP_name", "MissionID":26473294, "Commodity":"$DomesticAppliances_Name;", "Commodity_Localised":"Domestic Appliances", "Count":3, "DestinationSystem":"Fong Wang", "DestinationStation":"Schachner Dock", "Reward":334376 }
{ "timestamp":"2016-09-20T12:30:07Z", "event":"LoadGame", "Commander":"McDonald", "Ship":"BelugaLiner", "ShipID":33, "GameMode":"Open", "Credits":530884715, "Loan":0 }
{ "timestamp":"2016-09-20T12:30:07Z", "event":"Rank", "Combat":7, "Trade":7, "Explore":5, "Empire":13, "Federation":10, "CQC":1 }
{ "timestamp":"2016-09-20T12:30:07Z", "event":"Progress", "Combat":29, "Trade":47, "Explore":83, "Empire":9, "Federation":92, "CQC":73 }
{ "timestamp":"2016-09-20T12:30:27Z", "event":"Location", "Docked":1, "StationName":"Schachner Dock", "StationType":"Coriolis", "StarSystem":"Fong Wang", "StarPos":[58.031,9.656,36.031], "Allegiance":"Federation", "Economy":"$economy_Refinery;", "Economy_Localised":"Refinery", "Government":"$government_Corporate;", "Government_Localised":"Corporate", "Security":"$SYSTEM_SECURITY_high;", "Security_Localised":"High Security", "Faction":"Fong Wang Limited", "FactionState":"Boom" }
{ "timestamp":"2016-09-20T12:30:28Z", "event":"Docked", "StationName":"Schachner Dock", "StationType":"Coriolis", "StarSystem":"Fong Wang", "Faction":"Fong Wang Limited", "FactionState":"Boom", "Allegiance":"Federation", "Economy":"$economy_Refinery;", "Economy_Localised":"Refinery", "Government":"$government_Corporate;", "Government_Localised":"Corporate", "Security":"$SYSTEM_SECURITY_high;", "Security_Localised":"High Security" }
{ "timestamp":"2016-09-20T12:33:06Z", "event":"Undocked", "StationName":"Schachner Dock", "StationType":"Coriolis" }
{ "timestamp":"2016-09-20T12:35:01Z", "event":"FSDJump", "StarSystem":"Shinrarta Dezhra", "StarPos":[55.719,17.594,27.156], "Allegiance":"Independent", "Economy":"$economy_HighTech;", "Economy_Localised":"High tech", "Government":"$government_Democracy;", "Government_Localised":"Democracy", "Security":"$SYSTEM_SECURITY_high;", "Security_Localised":"High Security", "JumpDist":12.129, "FuelUsed":3.405332, "FuelLevel":25.192558, "Faction":"The Pilots Federation" }
{ "timestamp":"2016-09-20T12:35:23Z", "event":"Screenshot", "Filename":"\\ED_Pictures\\Screenshot_0007.bmp", "Width":3840, "Height":2160, "System":"Shinrarta Dezhra", "Body":"Shinrarta Dezhra" }
{ "timestamp":"2016-09-20T12:37:10Z", "event":"ApproachSettlement", "Name":"The Elite" }
{ "timestamp":"2016-09-20T12:37:10Z", "event":"SupercruiseExit", "StarSystem":"Shinrarta Dezhra", "Body":"Shinrarta Dezhra A 2" }
{ "timestamp":"2016-09-20T12:37:23Z", "event":"DataScanned", "Type":"TouristBeacon" }
{ "timestamp":"2016-09-20T12:38:14Z", "event":"SupercruiseEntry", "StarSystem":"Shinrarta Dezhra" }
{ "timestamp":"2016-09-20T12:40:04Z", "event":"MaterialCollected", "Category":"Encoded", "Name":"scanarchives" }
