{ "timestamp":"2016-09-20T13:00:28Z", "event":"Fileheader", "part":1, "language":"English\\UK", "gameversion":"2.2", "build":"r121645/r0 " }
{ "timestamp":"2016-09-20T13:01:07Z", "event":"LoadGame", "Commander":"McDonald", "Ship":"BelugaLiner", "ShipID":33, "GameMode":"Group", "Group":"Mobius", "Credits":530335637, "Loan":0 }
{ "timestamp":"2016-09-20T13:01:07Z", "event":"Rank", "Combat":7, "Trade":7, "Explore":5, "Empire":13, "Federation":10, "CQC":1 }
{ "timestamp":"2016-09-20T13:01:07Z", "event":"Progress", "Combat":29, "Trade":47, "Explore":83, "Empire":9, "Federation":92, "CQC":73 }
{ "timestamp":"2016-09-20T13:01:50Z", "event":"Location", "StarSystem":"Shinrarta Dezhra", "StarPos":[55.719,17.594,27.156], "Allegiance":"Independent", "Economy":"$economy_HighTech;", "Economy_Localised":"High tech", "Government":"$government_Democracy;", "Government_Localised":"Democracy", "Security":"$SYSTEM_SECURITY_high;", "Security_Localised":"High Security", "Faction":"The Pilots Federation" }
{ "timestamp":"2016-09-20T13:02:47Z", "event":"DockingRequested", "StationName":"Jameson Memorial" }
{ "timestamp":"2016-09-20T13:02:48Z", "event":"DockingGranted", "LandingPad":17, "StationName":"Jameson Memorial" }
{ "timestamp":"2016-09-20T13:03:56Z", "event":"Docked", "StationName":"Jameson Memorial", "StationType":"Orbis", "StarSystem":"Shinrarta Dezhra", "Faction":"The Pilots Federation", "Allegiance":"Independent", "Economy":"$economy_HighTech;", "Economy_Localised":"High tech", "Government":"$government_Democracy;", "Government_Localised":"Democracy", "Security":"$SYSTEM_SECURITY_high;", "Security_Localised":"High Security" }
{ "timestamp":"2016-09-20T13:04:09Z", "event":"ShipyardBuy", "ShipType":"sidewinder", "ShipPrice":2808, "StoreOldShip":"BelugaLiner", "StoreShipID":33 }
{ "timestamp":"2016-09-20T13:04:10Z", "event":"ShipyardNew", "ShipType":"sidewinder", "NewShipID":36 }
{ "timestamp":"2016-09-20T13:04:21Z", "event":"Docked", "StationName":"Jameson Memorial", "StationType":"Orbis", "StarSystem":"Shinrarta Dezhra", "Faction":"The Pilots Federation", "Allegiance":"Independent", "Economy":"$economy_HighTech;", "Economy_Localised":"High tech", "Government":"$government_Democracy;", "Government_Localised":"Democracy", "Security":"$SYSTEM_SECURITY_high;", "Security_Localised":"High Security" }
{ "timestamp":"2016-09-20T13:04:57Z", "event":"ShipyardBuy", "ShipType":"eagle", "ShipPrice":3932, "StoreOldShip":"SideWinder", "StoreShipID":36 }
{ "timestamp":"2016-09-20T13:04:58Z", "event":"ShipyardNew", "ShipType":"eagle", "NewShipID":37 }
{ "timestamp":"2016-09-20T13:05:07Z", "event":"Docked", "StationName":"Jameson Memorial", "StationType":"Orbis", "StarSystem":"Shinrarta Dezhra", "Faction":"The Pilots Federation", "Allegiance":"Independent", "Economy":"$economy_HighTech;", "Economy_Localised":"High tech", "Government":"$government_Democracy;", "Government_Localised":"Democracy", "Security":"$SYSTEM_SECURITY_high;", "Security_Localised":"High Security" }
{ "timestamp":"2016-09-20T13:05:18Z", "event":"ShipyardBuy", "ShipType":"hauler", "ShipPrice":4627, "SellOldShip":"Eagle", "SellShipID":37, "SellPrice":3538 }
{ "timestamp":"2016-09-20T13:05:19Z", "event":"ShipyardNew", "ShipType":"hauler", "NewShipID":37 }
{ "timestamp":"2016-09-20T13:05:31Z", "event":"Docked", "StationName":"Jameson Memorial", "StationType":"Orbis", "StarSystem":"Shinrarta Dezhra", "Faction":"The Pilots Federation", "Allegiance":"Independent", "Economy":"$economy_HighTech;", "Economy_Localised":"High tech", "Government":"$government_Democracy;", "Government_Localised":"Democracy", "Security":"$SYSTEM_SECURITY_high;", "Security_Localised":"High Security" }
{ "timestamp":"2016-09-20T13:05:44Z", "event":"ShipyardBuy", "ShipType":"adder", "ShipPrice":7706, "SellOldShip":"Hauler", "SellShipID":37, "SellPrice":4164 }
{ "timestamp":"2016-09-20T13:05:45Z", "event":"ShipyardNew", "ShipType":"adder", "NewShipID":37 }
{ "timestamp":"2016-09-20T13:05:56Z", "event":"Docked", "StationName":"Jameson Memorial", "StationType":"Orbis", "StarSystem":"Shinrarta Dezhra", "Faction":"The Pilots Federation", "Allegiance":"Independent", "Economy":"$economy_HighTech;", "Economy_Localised":"High tech", "Government":"$government_Democracy;", "Government_Localised":"Democracy", "Security":"$SYSTEM_SECURITY_high;", "Security_Localised":"High Security" }
{ "timestamp":"2016-09-20T13:06:09Z", "event":"ShipyardBuy", "ShipType":"empire_eagle", "ShipPrice":9726, "SellOldShip":"Adder", "SellShipID":37, "SellPrice":6935 }
{ "timestamp":"2016-09-20T13:06:10Z", "event":"ShipyardNew", "ShipType":"empire_eagle", "NewShipID":37 }
{ "timestamp":"2016-09-20T13:06:21Z", "event":"Docked", "StationName":"Jameson Memorial", "StationType":"Orbis", "StarSystem":"Shinrarta Dezhra", "Faction":"The Pilots Federation", "Allegiance":"Independent", "Economy":"$economy_HighTech;", "Economy_Localised":"High tech", "Government":"$government_Democracy;", "Government_Localised":"Democracy", "Security":"$SYSTEM_SECURITY_high;", "Security_Localised":"High Security" }
{ "timestamp":"2016-09-20T13:06:35Z", "event":"ShipyardBuy", "ShipType":"viper", "ShipPrice":12543, "SellOldShip":"Empire_Eagle", "SellShipID":37, "SellPrice":8753 }
{ "timestamp":"2016-09-20T13:06:36Z", "event":"ShipyardNew", "ShipType":"viper", "NewShipID":37 }
{ "timestamp":"2016-09-20T13:06:45Z", "event":"Docked", "StationName":"Jameson Memorial", "StationType":"Orbis", "StarSystem":"Shinrarta Dezhra", "Faction":"The Pilots Federation", "Allegiance":"Independent", "Economy":"$economy_HighTech;", "Economy_Localised":"High tech", "Government":"$government_Democracy;", "Government_Localised":"Democracy", "Security":"$SYSTEM_SECURITY_high;", "Security_Localised":"High Security" }
{ "timestamp":"2016-09-20T13:06:56Z", "event":"ShipyardBuy", "ShipType":"cobramkiii", "ShipPrice":30689, "SellOldShip":"Viper", "SellShipID":37, "SellPrice":11288 }
{ "timestamp":"2016-09-20T13:06:57Z", "event":"ShipyardNew", "ShipType":"cobramkiii", "NewShipID":37 }
{ "timestamp":"2016-09-20T13:07:07Z", "event":"Docked", "StationName":"Jameson Memorial", "StationType":"Orbis", "StarSystem":"Shinrarta Dezhra", "Faction":"The Pilots Federation", "Allegiance":"Independent", "Economy":"$economy_HighTech;", "Economy_Localised":"High tech", "Government":"$government_Democracy;", "Government_Localised":"Democracy", "Security":"$SYSTEM_SECURITY_high;", "Security_Localised":"High Security" }
{ "timestamp":"2016-09-20T13:07:17Z", "event":"ShipyardBuy", "ShipType":"viper_mkiv", "ShipPrice":38429, "SellOldShip":"CobraMkIII", "SellShipID":37, "SellPrice":27620 }
{ "timestamp":"2016-09-20T13:07:18Z", "event":"HeatWarning" }
{ "timestamp":"2016-09-20T13:07:18Z", "event":"ShipyardNew", "ShipType":"viper_mkiv", "NewShipID":37 }
{ "timestamp":"2016-09-20T13:07:29Z", "event":"Docked", "StationName":"Jameson Memorial", "StationType":"Orbis", "StarSystem":"Shinrarta Dezhra", "Faction":"The Pilots Federation", "Allegiance":"Independent", "Economy":"$economy_HighTech;", "Economy_Localised":"High tech", "Government":"$government_Democracy;", "Government_Localised":"Democracy", "Security":"$SYSTEM_SECURITY_high;", "Security_Localised":"High Security" }
{ "timestamp":"2016-09-20T13:07:40Z", "event":"ShipyardBuy", "ShipType":"diamondback", "ShipPrice":49521, "SellOldShip":"Viper_MkIV", "SellShipID":37, "SellPrice":34586 }
{ "timestamp":"2016-09-20T13:07:42Z", "event":"ShipyardNew", "ShipType":"diamondback", "NewShipID":37 }
{ "timestamp":"2016-09-20T13:07:54Z", "event":"Docked", "StationName":"Jameson Memorial", "StationType":"Orbis", "StarSystem":"Shinrarta Dezhra", "Faction":"The Pilots Federation", "Allegiance":"Independent", "Economy":"$economy_HighTech;", "Economy_Localised":"High tech", "Government":"$government_Democracy;", "Government_Localised":"Democracy", "Security":"$SYSTEM_SECURITY_high;", "Security_Localised":"High Security" }
{ "timestamp":"2016-09-20T13:08:05Z", "event":"ShipyardBuy", "ShipType":"cobramkiv", "ShipPrice":67105, "SellOldShip":"DiamondBack", "SellShipID":37, "SellPrice":44568 }
{ "timestamp":"2016-09-20T13:08:06Z", "event":"ShipyardNew", "ShipType":"cobramkiv", "NewShipID":37 }
{ "timestamp":"2016-09-20T13:08:08Z", "event":"Docked", "StationName":"Jameson Memorial", "StationType":"Orbis", "StarSystem":"Shinrarta Dezhra", "Faction":"The Pilots Federation", "Allegiance":"Independent", "Economy":"$economy_HighTech;", "Economy_Localised":"High tech", "Government":"$government_Democracy;", "Government_Localised":"Democracy", "Security":"$SYSTEM_SECURITY_high;", "Security_Localised":"High Security" }
{ "timestamp":"2016-09-20T13:08:18Z", "event":"ShipyardBuy", "ShipType":"type6", "ShipPrice":91783, "SellOldShip":"CobraMkIV", "SellShipID":37, "SellPrice":60394 }
{ "timestamp":"2016-09-20T13:08:19Z", "event":"ShipyardNew", "ShipType":"type6", "NewShipID":37 }
{ "timestamp":"2016-09-20T13:08:28Z", "event":"Docked", "StationName":"Jameson Memorial", "StationType":"Orbis", "StarSystem":"Shinrarta Dezhra", "Faction":"The Pilots Federation", "Allegiance":"Independent", "Economy":"$economy_HighTech;", "Economy_Localised":"High tech", "Government":"$government_Democracy;", "Government_Localised":"Democracy", "Security":"$SYSTEM_SECURITY_high;", "Security_Localised":"High Security" }
{ "timestamp":"2016-09-20T13:08:36Z", "event":"ShipyardBuy", "ShipType":"diamondbackxl", "ShipPrice":166266, "SellOldShip":"Type6", "SellShipID":37, "SellPrice":82604 }
{ "timestamp":"2016-09-20T13:08:37Z", "event":"ShipyardNew", "ShipType":"diamondbackxl", "NewShipID":37 }
{ "timestamp":"2016-09-20T13:08:41Z", "event":"Docked", "StationName":"Jameson Memorial", "StationType":"Orbis", "StarSystem":"Shinrarta Dezhra", "Faction":"The Pilots Federation", "Allegiance":"Independent", "Economy":"$economy_HighTech;", "Economy_Localised":"High tech", "Government":"$government_Democracy;", "Government_Localised":"Democracy", "Security":"$SYSTEM_SECURITY_high;", "Security_Localised":"High Security" }
{ "timestamp":"2016-09-20T13:08:53Z", "event":"ShipyardBuy", "ShipType":"empire_courier", "ShipPrice":223143, "SellOldShip":"DiamondBackXL", "SellShipID":37, "SellPrice":149639 }
{ "timestamp":"2016-09-20T13:08:54Z", "event":"ShipyardNew", "ShipType":"empire_courier", "NewShipID":37 }
{ "timestamp":"2016-09-20T13:09:06Z", "event":"Docked", "StationName":"Jameson Memorial", "StationType":"Orbis", "StarSystem":"Shinrarta Dezhra", "Faction":"The Pilots Federation", "Allegiance":"Independent", "Economy":"$economy_HighTech;", "Economy_Localised":"High tech", "Government":"$government_Democracy;", "Government_Localised":"Democracy", "Security":"$SYSTEM_SECURITY_high;", "Security_Localised":"High Security" }
{ "timestamp":"2016-09-20T13:09:18Z", "event":"ShipyardBuy", "ShipType":"independant_trader", "ShipPrice":274321, "SellOldShip":"Empire_Courier", "SellShipID":37, "SellPrice":200828 }
{ "timestamp":"2016-09-20T13:09:19Z", "event":"ShipyardNew", "ShipType":"independant_trader", "NewShipID":37 }
{ "timestamp":"2016-09-20T13:09:30Z", "event":"Docked", "StationName":"Jameson Memorial", "StationType":"Orbis", "StarSystem":"Shinrarta Dezhra", "Faction":"The Pilots Federation", "Allegiance":"Independent", "Economy":"$economy_HighTech;", "Economy_Localised":"High tech", "Government":"$government_Democracy;", "Government_Localised":"Democracy", "Security":"$SYSTEM_SECURITY_high;", "Security_Localised":"High Security" }
{ "timestamp":"2016-09-20T13:09:45Z", "event":"ShipyardBuy", "ShipType":"asp_scout", "ShipPrice":347592, "SellOldShip":"Independant_Trader", "SellShipID":37, "SellPrice":246888 }
{ "timestamp":"2016-09-20T13:09:46Z", "event":"ShipyardNew", "ShipType":"asp_scout", "NewShipID":37 }
{ "timestamp":"2016-09-20T13:09:57Z", "event":"Docked", "StationName":"Jameson Memorial", "StationType":"Orbis", "StarSystem":"Shinrarta Dezhra", "Faction":"The Pilots Federation", "Allegiance":"Independent", "Economy":"$economy_HighTech;", "Economy_Localised":"High tech", "Government":"$government_Democracy;", "Government_Localised":"Democracy", "Security":"$SYSTEM_SECURITY_high;", "Security_Localised":"High Security" }
{ "timestamp":"2016-09-20T13:10:07Z", "event":"ShipyardBuy", "ShipType":"vulture", "ShipPrice":432224, "SellOldShip":"Asp_Scout", "SellShipID":37, "SellPrice":312832 }
{ "timestamp":"2016-09-20T13:10:08Z", "event":"ShipyardNew", "ShipType":"vulture", "NewShipID":37 }
{ "timestamp":"2016-09-20T13:10:19Z", "event":"Docked", "StationName":"Jameson Memorial", "StationType":"Orbis", "StarSystem":"Shinrarta Dezhra", "Faction":"The Pilots Federation", "Allegiance":"Independent", "Economy":"$economy_HighTech;", "Economy_Localised":"High tech", "Government":"$government_Democracy;", "Government_Localised":"Democracy", "Security":"$SYSTEM_SECURITY_high;", "Security_Localised":"High Security" }
{ "timestamp":"2016-09-20T13:10:28Z", "event":"ShipyardBuy", "ShipType":"asp", "ShipPrice":584517, "SellOldShip":"Vulture", "SellShipID":37, "SellPrice":389001 }
{ "timestamp":"2016-09-20T13:10:29Z", "event":"ShipyardNew", "ShipType":"asp", "NewShipID":37 }
{ "timestamp":"2016-09-20T13:10:39Z", "event":"Docked", "StationName":"Jameson Memorial", "StationType":"Orbis", "StarSystem":"Shinrarta Dezhra", "Faction":"The Pilots Federation", "Allegiance":"Independent", "Economy":"$economy_HighTech;", "Economy_Localised":"High tech", "Government":"$government_Democracy;", "Government_Localised":"Democracy", "Security":"$SYSTEM_SECURITY_high;", "Security_Localised":"High Security" }
{ "timestamp":"2016-09-20T13:10:50Z", "event":"ShipyardBuy", "ShipType":"federation_dropship", "ShipPrice":1256073, "SellOldShip":"Asp", "SellShipID":37, "SellPrice":526065 }
{ "timestamp":"2016-09-20T13:10:51Z", "event":"ShipyardNew", "ShipType":"federation_dropship", "NewShipID":37 }
{ "timestamp":"2016-09-20T13:11:02Z", "event":"Docked", "StationName":"Jameson Memorial", "StationType":"Orbis", "StarSystem":"Shinrarta Dezhra", "Faction":"The Pilots Federation", "Allegiance":"Independent", "Economy":"$economy_HighTech;", "Economy_Localised":"High tech", "Government":"$government_Democracy;", "Government_Localised":"Democracy", "Security":"$SYSTEM_SECURITY_high;", "Security_Localised":"High Security" }
{ "timestamp":"2016-09-20T13:11:12Z", "event":"ShipyardBuy", "ShipType":"type7", "ShipPrice":1533191, "SellOldShip":"Federation_Dropship", "SellShipID":37, "SellPrice":1130465 }
{ "timestamp":"2016-09-20T13:11:13Z", "event":"ShipyardNew", "ShipType":"type7", "NewShipID":37 }
{ "timestamp":"2016-09-20T13:11:23Z", "event":"Docked", "StationName":"Jameson Memorial", "StationType":"Orbis", "StarSystem":"Shinrarta Dezhra", "Faction":"The Pilots Federation", "Allegiance":"Independent", "Economy":"$economy_HighTech;", "Economy_Localised":"High tech", "Government":"$government_Democracy;", "Government_Localised":"Democracy", "Security":"$SYSTEM_SECURITY_high;", "Security_Localised":"High Security" }
{ "timestamp":"2016-09-20T13:11:34Z", "event":"ShipyardBuy", "ShipType":"federation_dropship_mkii", "ShipPrice":1738698, "SellOldShip":"Type7", "SellShipID":37, "SellPrice":1379871 }
{ "timestamp":"2016-09-20T13:11:35Z", "event":"ShipyardNew", "ShipType":"federation_dropship_mkii", "NewShipID":37 }
{ "timestamp":"2016-09-20T13:11:37Z", "event":"Docked", "StationName":"Jameson Memorial", "StationType":"Orbis", "StarSystem":"Shinrarta Dezhra", "Faction":"The Pilots Federation", "Allegiance":"Independent", "Economy":"$economy_HighTech;", "Economy_Localised":"High tech", "Government":"$government_Democracy;", "Government_Localised":"Democracy", "Security":"$SYSTEM_SECURITY_high;", "Security_Localised":"High Security" }
{ "timestamp":"2016-09-20T13:11:47Z", "event":"ShipyardBuy", "ShipType":"empire_trader", "ShipPrice":1956463, "SellOldShip":"Federation_Dropship_MkII", "SellShipID":37, "SellPrice":1564828 }
{ "timestamp":"2016-09-20T13:11:48Z", "event":"ShipyardNew", "ShipType":"empire_trader", "NewShipID":37 }
{ "timestamp":"2016-09-20T13:11:59Z", "event":"Docked", "StationName":"Jameson Memorial", "StationType":"Orbis", "StarSystem":"Shinrarta Dezhra", "Faction":"The Pilots Federation", "Allegiance":"Independent", "Economy":"$economy_HighTech;", "Economy_Localised":"High tech", "Government":"$government_Democracy;", "Government_Localised":"Democracy", "Security":"$SYSTEM_SECURITY_high;", "Security_Localised":"High Security" }
{ "timestamp":"2016-09-20T13:12:10Z", "event":"ShipyardBuy", "ShipType":"federation_gunship", "ShipPrice":3142698, "SellOldShip":"Empire_Trader", "SellShipID":37, "SellPrice":1760816 }
{ "timestamp":"2016-09-20T13:12:11Z", "event":"ShipyardNew", "ShipType":"federation_gunship", "NewShipID":37 }
{ "timestamp":"2016-09-20T13:12:23Z", "event":"Docked", "StationName":"Jameson Memorial", "StationType":"Orbis", "StarSystem":"Shinrarta Dezhra", "Faction":"The Pilots Federation", "Allegiance":"Independent", "Economy":"$economy_HighTech;", "Economy_Localised":"High tech", "Government":"$government_Democracy;", "Government_Localised":"Democracy", "Security":"$SYSTEM_SECURITY_high;", "Security_Localised":"High Security" }
{ "timestamp":"2016-09-20T13:12:34Z", "event":"ShipyardBuy", "ShipType":"orca", "ShipPrice":4259377, "SellOldShip":"Federation_Gunship", "SellShipID":37, "SellPrice":2828428 }
{ "timestamp":"2016-09-20T13:12:35Z", "event":"ShipyardNew", "ShipType":"orca", "NewShipID":37 }
{ "timestamp":"2016-09-20T13:12:36Z", "event":"Docked", "StationName":"Jameson Memorial", "StationType":"Orbis", "StarSystem":"Shinrarta Dezhra", "Faction":"The Pilots Federation", "Allegiance":"Independent", "Economy":"$economy_HighTech;", "Economy_Localised":"High tech", "Government":"$government_Democracy;", "Government_Localised":"Democracy", "Security":"$SYSTEM_SECURITY_high;", "Security_Localised":"High Security" }
{ "timestamp":"2016-09-20T13:12:44Z", "event":"ShipyardBuy", "ShipType":"ferdelance", "ShipPrice":4525009, "SellOldShip":"Orca", "SellShipID":37, "SellPrice":3833439 }
{ "timestamp":"2016-09-20T13:12:45Z", "event":"ShipyardNew", "ShipType":"ferdelance", "NewShipID":37 }
{ "timestamp":"2016-09-20T13:12:58Z", "event":"Docked", "StationName":"Jameson Memorial", "StationType":"Orbis", "StarSystem":"Shinrarta Dezhra", "Faction":"The Pilots Federation", "Allegiance":"Independent", "Economy":"$economy_HighTech;", "Economy_Localised":"High tech", "Government":"$government_Democracy;", "Government_Localised":"Democracy", "Security":"$SYSTEM_SECURITY_high;", "Security_Localised":"High Security" }
{ "timestamp":"2016-09-20T13:13:07Z", "event":"ShipyardBuy", "ShipType":"python", "ShipPrice":4999837, "SellOldShip":"FerDeLance", "SellShipID":37, "SellPrice":4072508 }
{ "timestamp":"2016-09-20T13:13:08Z", "event":"ShipyardNew", "ShipType":"python", "NewShipID":37 }
{ "timestamp":"2016-09-20T13:13:20Z", "event":"Docked", "StationName":"Jameson Memorial", "StationType":"Orbis", "StarSystem":"Shinrarta Dezhra", "Faction":"The Pilots Federation", "Allegiance":"Independent", "Economy":"$economy_HighTech;", "Economy_Localised":"High tech", "Government":"$government_Democracy;", "Government_Localised":"Democracy", "Security":"$SYSTEM_SECURITY_high;", "Security_Localised":"High Security" }
{ "timestamp":"2016-09-20T13:13:28Z", "event":"ShipyardBuy", "ShipType":"type9", "ShipPrice":6717776, "SellOldShip":"Python", "SellShipID":37, "SellPrice":4499853 }
{ "timestamp":"2016-09-20T13:13:29Z", "event":"ShipyardNew", "ShipType":"type9", "NewShipID":37 }
{ "timestamp":"2016-09-20T13:13:32Z", "event":"Docked", "StationName":"Jameson Memorial", "StationType":"Orbis", "StarSystem":"Shinrarta Dezhra", "Faction":"The Pilots Federation", "Allegiance":"Independent", "Economy":"$economy_HighTech;", "Economy_Localised":"High tech", "Government":"$government_Democracy;", "Government_Localised":"Democracy", "Security":"$SYSTEM_SECURITY_high;", "Security_Localised":"High Security" }
{ "timestamp":"2016-09-20T13:13:40Z", "event":"ShipyardBuy", "ShipType":"belugaliner", "ShipPrice":7417751, "SellOldShip":"Type9", "SellShipID":37, "SellPrice":6045998 }
{ "timestamp":"2016-09-20T13:13:41Z", "event":"ShipyardNew", "ShipType":"belugaliner", "NewShipID":37 }
{ "timestamp":"2016-09-20T13:13:43Z", "event":"Docked", "StationName":"Jameson Memorial", "StationType":"Orbis", "StarSystem":"Shinrarta Dezhra", "Faction":"The Pilots Federation", "Allegiance":"Independent", "Economy":"$economy_HighTech;", "Economy_Localised":"High tech", "Government":"$government_Democracy;", "Government_Localised":"Democracy", "Security":"$SYSTEM_SECURITY_high;", "Security_Localised":"High Security" }
{ "timestamp":"2016-09-20T13:13:51Z", "event":"ShipyardBuy", "ShipType":"anaconda", "ShipPrice":12896570, "SellOldShip":"BelugaLiner", "SellShipID":37, "SellPrice":6675975 }
{ "timestamp":"2016-09-20T13:13:52Z", "event":"ShipyardNew", "ShipType":"anaconda", "NewShipID":37 }
{ "timestamp":"2016-09-20T13:13:56Z", "event":"Docked", "StationName":"Jameson Memorial", "StationType":"Orbis", "StarSystem":"Shinrarta Dezhra", "Faction":"The Pilots Federation", "Allegiance":"Independent", "Economy":"$economy_HighTech;", "Economy_Localised":"High tech", "Government":"$government_Democracy;", "Government_Localised":"Democracy", "Security":"$SYSTEM_SECURITY_high;", "Security_Localised":"High Security" }
{ "timestamp":"2016-09-20T13:14:06Z", "event":"ShipyardBuy", "ShipType":"federation_corvette", "ShipPrice":16494320, "SellOldShip":"Anaconda", "SellShipID":37, "SellPrice":11606913 }
{ "timestamp":"2016-09-20T13:14:07Z", "event":"ShipyardNew", "ShipType":"federation_corvette", "NewShipID":37 }
{ "timestamp":"2016-09-20T13:14:11Z", "event":"Docked", "StationName":"Jameson Memorial", "StationType":"Orbis", "StarSystem":"Shinrarta Dezhra", "Faction":"The Pilots Federation", "Allegiance":"Independent", "Economy":"$economy_HighTech;", "Economy_Localised":"High tech", "Government":"$government_Democracy;", "Government_Localised":"Democracy", "Security":"$SYSTEM_SECURITY_high;", "Security_Localised":"High Security" }
{ "timestamp":"2016-09-20T13:14:17Z", "event":"ShipyardBuy", "ShipType":"cutter", "ShipPrice":18337070, "SellOldShip":"Federation_Corvette", "SellShipID":37, "SellPrice":14844888 }
{ "timestamp":"2016-09-20T13:14:18Z", "event":"ShipyardNew", "ShipType":"cutter", "NewShipID":37 }
{ "timestamp":"2016-09-20T13:14:30Z", "event":"Docked", "StationName":"Jameson Memorial", "StationType":"Orbis", "StarSystem":"Shinrarta Dezhra", "Faction":"The Pilots Federation", "Allegiance":"Independent", "Economy":"$economy_HighTech;", "Economy_Localised":"High tech", "Government":"$government_Democracy;", "Government_Localised":"Democracy", "Security":"$SYSTEM_SECURITY_high;", "Security_Localised":"High Security" }
{ "timestamp":"2016-09-20T13:14:40Z", "event":"ShipyardSwap", "ShipType":"belugaliner", "ShipID":33, "StoreOldShip":"Cutter", "StoreShipID":37 }
{ "timestamp":"2016-09-20T13:14:51Z", "event":"Docked", "StationName":"Jameson Memorial", "StationType":"Orbis", "StarSystem":"Shinrarta Dezhra", "Faction":"The Pilots Federation", "Allegiance":"Independent", "Economy":"$economy_HighTech;", "Economy_Localised":"High tech", "Government":"$government_Democracy;", "Government_Localised":"Democracy", "Security":"$SYSTEM_SECURITY_high;", "Security_Localised":"High Security" }
{ "timestamp":"2016-09-20T13:17:53Z", "event":"Screenshot", "Filename":"\\ED_Pictures\\Screenshot_0000.bmp", "Width":3840, "Height":2160, "System":"Shinrarta Dezhra", "Body":"Jameson Memorial" }
