{ "timestamp":"2016-09-20T13:33:09Z", "event":"Fileheader", "part":1, "language":"English\\UK", "gameversion":"2.2", "build":"r121645/r0 " }
{ "timestamp":"2016-09-20T13:33:48Z", "event":"LoadGame", "Commander":"McDonald", "Ship":"BelugaLiner", "ShipID":33, "GameMode":"Open", "Credits":505067557, "Loan":0 }
{ "timestamp":"2016-09-20T13:33:48Z", "event":"Rank", "Combat":7, "Trade":7, "Explore":5, "Empire":13, "Federation":10, "CQC":1 }
{ "timestamp":"2016-09-20T13:33:48Z", "event":"Progress", "Combat":29, "Trade":47, "Explore":83, "Empire":9, "Federation":92, "CQC":73 }
{ "timestamp":"2016-09-20T13:34:22Z", "event":"Location", "Docked":1, "StationName":"Jameson Memorial", "StationType":"Orbis", "StarSystem":"Shinrarta Dezhra", "StarPos":[55.719,17.594,27.156], "Allegiance":"Independent", "Economy":"$economy_HighTech;", "Economy_Localised":"High tech", "Government":"$government_Democracy;", "Government_Localised":"Democracy", "Security":"$SYSTEM_SECURITY_high;", "Security_Localised":"High Security", "Faction":"The Pilots Federation" }
{ "timestamp":"2016-09-20T13:34:22Z", "event":"Docked", "StationName":"Jameson Memorial", "StationType":"Orbis", "StarSystem":"Shinrarta Dezhra", "Faction":"The Pilots Federation", "Allegiance":"Independent", "Economy":"$economy_HighTech;", "Economy_Localised":"High tech", "Government":"$government_Democracy;", "Government_Localised":"Democracy", "Security":"$SYSTEM_SECURITY_high;", "Security_Localised":"High Security" }
{ "timestamp":"2016-09-20T13:35:19Z", "event":"ShipyardBuy", "ShipType":"federation_corvette", "ShipPrice":16494320, "StoreOldShip":"BelugaLiner", "StoreShipID":33 }
{ "timestamp":"2016-09-20T13:35:20Z", "event":"ShipyardNew", "ShipType":"federation_corvette", "NewShipID":38 }
{ "timestamp":"2016-09-20T13:35:30Z", "event":"Docked", "StationName":"Jameson Memorial", "StationType":"Orbis", "StarSystem":"Shinrarta Dezhra", "Faction":"The Pilots Federation", "Allegiance":"Independent", "Economy":"$economy_HighTech;", "Economy_Localised":"High tech", "Government":"$government_Democracy;", "Government_Localised":"Democracy", "Security":"$SYSTEM_SECURITY_high;", "Security_Localised":"High Security" }
{ "timestamp":"2016-09-20T13:35:52Z", "event":"ModuleBuy", "Slot":"Armour", "SellItem":"$federation_corvette_armour_grade1_name;", "SellItem_Localised":"Lightweight Alloy", "SellPrice":0, "BuyItem":"$federation_corvette_armour_mirrored_name;", "BuyItem_Localised":"Mirrored Surface Composite", "BuyPrice":35083418, "Ship":"federation_corvette", "ShipID":38 }
{ "timestamp":"2016-09-20T13:35:59Z", "event":"ModuleBuy", "Slot":"PowerPlant", "SellItem":"$int_powerplant_size8_class1_name;", "SellItem_Localised":"Power Plant", "SellPrice":176135, "BuyItem":"$int_powerplant_size8_class5_name;", "BuyItem_Localised":"Power Plant", "BuyPrice":14266966, "Ship":"federation_corvette", "ShipID":38 }
{ "timestamp":"2016-09-20T13:36:00Z", "event":"ShieldState", "ShieldsUp":false }
{ "timestamp":"2016-09-20T13:36:06Z", "event":"ModuleBuy", "Slot":"MainEngines", "SellItem":"$int_engine_size7_class1_name;", "SellItem_Localised":"Thrusters", "SellPrice":55563, "BuyItem":"$int_engine_size7_class5_name;", "BuyItem_Localised":"Thrusters", "BuyPrice":4500620, "Ship":"federation_corvette", "ShipID":38 }
{ "timestamp":"2016-09-20T13:36:07Z", "event":"ShieldState", "ShieldsUp":true }
{ "timestamp":"2016-09-20T13:36:14Z", "event":"ModuleBuy", "Slot":"FrameShiftDrive", "SellItem":"$int_hyperdrive_size6_class1_name;", "SellItem_Localised":"FSD", "SellPrice":17528, "BuyItem":"$int_hyperdrive_size6_class5_name;", "BuyItem_Localised":"FSD", "BuyPrice":1419755, "Ship":"federation_corvette", "ShipID":38 }
{ "timestamp":"2016-09-20T13:36:24Z", "event":"ModuleBuy", "Slot":"LifeSupport", "SellItem":"$int_lifesupport_size5_class1_name;", "SellItem_Localised":"Life Support", "SellPrice":2788, "BuyItem":"$int_lifesupport_size5_class5_name;", "BuyItem_Localised":"Life Support", "BuyPrice":108927, "Ship":"federation_corvette", "ShipID":38 }
{ "timestamp":"2016-09-20T13:36:38Z", "event":"ModuleBuy", "Slot":"PowerDistributor", "SellItem":"$int_powerdistributor_size8_class1_name;", "SellItem_Localised":"Power Distributor", "SellPrice":61212, "BuyItem":"$int_powerdistributor_size8_class5_name;", "BuyItem_Localised":"Power Distributor", "BuyPrice":2391135, "Ship":"federation_corvette", "ShipID":38 }
{ "timestamp":"2016-09-20T13:36:48Z", "event":"ModuleBuy", "Slot":"Radar", "SellItem":"$int_sensors_size8_class1_name;", "SellItem_Localised":"Sensors", "SellPrice":61212, "BuyItem":"$int_sensors_size8_class5_name;", "BuyItem_Localised":"Sensors", "BuyPrice":2391135, "Ship":"federation_corvette", "ShipID":38 }
{ "timestamp":"2016-09-20T13:37:06Z", "event":"HeatWarning" }
{ "timestamp":"2016-09-20T13:37:25Z", "event":"ReceiveText", "From":"$cmdr_decorate:#name=Snake Man;", "From_Localised":"CMDR Snake Man", "Message":"request denied, no landing pads available. busy day, huh CMDRs? :)" }
{ "timestamp":"2016-09-20T13:37:42Z", "event":"HeatWarning" }
{ "timestamp":"2016-09-20T13:38:01Z", "event":"ModuleBuy", "Slot":"Slot01_Size7", "SellItem":"$int_shieldgenerator_size7_class1_name;", "SellItem_Localised":"Shield Generator", "SellPrice":55563, "BuyItem":"$int_shieldgenerator_size7_class5_name;", "BuyItem_Localised":"Shield Generator", "BuyPrice":4500620, "Ship":"federation_corvette", "ShipID":38 }
{ "timestamp":"2016-09-20T13:38:10Z", "event":"ModuleSell", "Slot":"Slot02_Size7", "SellItem":"$int_cargorack_size6_class1_name;", "SellItem_Localised":"Cargo Rack", "SellPrice":31817, "Ship":"federation_corvette", "ShipID":38 }
{ "timestamp":"2016-09-20T13:38:20Z", "event":"ModuleBuy", "Slot":"Slot10_Size3", "SellItem":"$int_cargorack_size2_class1_name;", "SellItem_Localised":"Cargo Rack", "SellPrice":285, "BuyItem":"$int_detailedsurfacescanner_tiny_name;", "BuyItem_Localised":"Surface Scanner", "BuyPrice":21938, "Ship":"federation_corvette", "ShipID":38 }
{ "timestamp":"2016-09-20T13:38:29Z", "event":"ModuleBuy", "Slot":"Slot09_Size4", "SellItem":"$int_stellarbodydiscoveryscanner_standard_name;", "SellItem_Localised":"D - Scanner", "SellPrice":87, "BuyItem":"$int_stellarbodydiscoveryscanner_advanced_name;", "BuyItem_Localised":"D - Scanner", "BuyPrice":135574, "Ship":"federation_corvette", "ShipID":38 }
{ "timestamp":"2016-09-20T13:38:42Z", "event":"ModuleBuy", "Slot":"HugeHardpoint1", "BuyItem":"$hpt_multicannon_gimbal_huge_name;", "BuyItem_Localised":"Multi-Cannon", "BuyPrice":559635, "Ship":"federation_corvette", "ShipID":38 }
{ "timestamp":"2016-09-20T13:38:43Z", "event":"HeatWarning" }
{ "timestamp":"2016-09-20T13:38:49Z", "event":"ModuleBuy", "Slot":"HugeHardpoint2", "BuyItem":"$hpt_multicannon_gimbal_huge_name;", "BuyItem_Localised":"Multi-Cannon", "BuyPrice":559635, "Ship":"federation_corvette", "ShipID":38 }
{ "timestamp":"2016-09-20T13:38:59Z", "event":"HeatWarning" }
{ "timestamp":"2016-09-20T13:38:59Z", "event":"ModuleBuy", "Slot":"LargeHardpoint1", "BuyItem":"$hpt_multicannon_gimbal_large_name;", "BuyItem_Localised":"Multi-Cannon", "BuyPrice":50759, "Ship":"federation_corvette", "ShipID":38 }
{ "timestamp":"2016-09-20T13:39:05Z", "event":"HeatWarning" }
{ "timestamp":"2016-09-20T13:39:11Z", "event":"ModuleBuy", "Slot":"MediumHardpoint1", "SellItem":"$hpt_pulselaser_fixed_small_name;", "SellItem_Localised":"Pulse Laser", "SellPrice":193, "BuyItem":"$hpt_multicannon_gimbal_medium_name;", "BuyItem_Localised":"Multi-Cannon", "BuyPrice":5002, "Ship":"federation_corvette", "ShipID":38 }
{ "timestamp":"2016-09-20T13:39:28Z", "event":"ModuleBuy", "Slot":"MediumHardpoint2", "SellItem":"$hpt_pulselaser_fixed_small_name;", "SellItem_Localised":"Pulse Laser", "SellPrice":193, "BuyItem":"$hpt_multicannon_gimbal_medium_name;", "BuyItem_Localised":"Multi-Cannon", "BuyPrice":5002, "Ship":"federation_corvette", "ShipID":38 }
{ "timestamp":"2016-09-20T13:39:43Z", "event":"ModuleBuy", "Slot":"SmallHardpoint1", "BuyItem":"$hpt_basicmissilerack_fixed_small_name;", "BuyItem_Localised":"Seeker Missile Rack", "BuyPrice":6371, "Ship":"federation_corvette", "ShipID":38 }
{ "timestamp":"2016-09-20T13:39:54Z", "event":"ModuleBuy", "Slot":"SmallHardpoint2", "BuyItem":"$hpt_basicmissilerack_fixed_small_name;", "BuyItem_Localised":"Seeker Missile Rack", "BuyPrice":6371, "Ship":"federation_corvette", "ShipID":38 }
{ "timestamp":"2016-09-20T13:40:07Z", "event":"ModuleBuy", "Slot":"TinyHardpoint1", "BuyItem":"$hpt_shieldbooster_size0_class5_name;", "BuyItem_Localised":"Shield Booster", "BuyPrice":24658, "Ship":"federation_corvette", "ShipID":38 }
{ "timestamp":"2016-09-20T13:40:14Z", "event":"ModuleBuy", "Slot":"TinyHardpoint2", "BuyItem":"$hpt_shieldbooster_size0_class5_name;", "BuyItem_Localised":"Shield Booster", "BuyPrice":24658, "Ship":"federation_corvette", "ShipID":38 }
{ "timestamp":"2016-09-20T13:40:21Z", "event":"ModuleBuy", "Slot":"TinyHardpoint3", "BuyItem":"$hpt_shieldbooster_size0_class5_name;", "BuyItem_Localised":"Shield Booster", "BuyPrice":24658, "Ship":"federation_corvette", "ShipID":38 }
{ "timestamp":"2016-09-20T13:40:22Z", "event":"ReceiveText", "From":"$cmdr_decorate:#name=Malactus;", "From_Localised":"CMDR Malactus", "Message":"Yup" }
{ "timestamp":"2016-09-20T13:40:30Z", "event":"ReceiveText", "From":"$cmdr_decorate:#name=Malactus;", "From_Localised":"CMDR Malactus", "Message":"Everyones loading up their belugas :D" }
{ "timestamp":"2016-09-20T13:40:36Z", "event":"ModuleBuy", "Slot":"TinyHardpoint4", "BuyItem":"$hpt_shieldbooster_size0_class5_name;", "BuyItem_Localised":"Shield Booster", "BuyPrice":24658, "Ship":"federation_corvette", "ShipID":38 }
{ "timestamp":"2016-09-20T13:40:43Z", "event":"ModuleBuy", "Slot":"TinyHardpoint5", "BuyItem":"$hpt_shieldbooster_size0_class5_name;", "BuyItem_Localised":"Shield Booster", "BuyPrice":24658, "Ship":"federation_corvette", "ShipID":38 }
{ "timestamp":"2016-09-20T13:40:53Z", "event":"ModuleBuy", "Slot":"TinyHardpoint6", "BuyItem":"$hpt_shieldbooster_size0_class5_name;", "BuyItem_Localised":"Shield Booster", "BuyPrice":24658, "Ship":"federation_corvette", "ShipID":38 }
{ "timestamp":"2016-09-20T13:41:00Z", "event":"ModuleBuy", "Slot":"TinyHardpoint7", "BuyItem":"$hpt_shieldbooster_size0_class5_name;", "BuyItem_Localised":"Shield Booster", "BuyPrice":24658, "Ship":"federation_corvette", "ShipID":38 }
{ "timestamp":"2016-09-20T13:41:06Z", "event":"ModuleBuy", "Slot":"TinyHardpoint8", "BuyItem":"$hpt_shieldbooster_size0_class5_name;", "BuyItem_Localised":"Shield Booster", "BuyPrice":24658, "Ship":"federation_corvette", "ShipID":38 }
{ "timestamp":"2016-09-20T13:42:58Z", "event":"ReceiveText", "From":"$cmdr_decorate:#name=Malactus;", "From_Localised":"CMDR Malactus", "Message":"Large slot freeing up in a sec" }
{ "timestamp":"2016-09-20T13:43:19Z", "event":"ReceiveText", "From":"$cmdr_decorate:#name=Snake Man;", "From_Localised":"CMDR Snake Man", "Message":"yup I just tucked my beluga away." }
{ "timestamp":"2016-09-20T13:44:41Z", "event":"SendText", "To":"local", "Message":"Just leaving now" }
{ "timestamp":"2016-09-20T13:44:48Z", "event":"Undocked", "StationName":"Jameson Memorial", "StationType":"Orbis" }
{ "timestamp":"2016-09-20T13:44:51Z", "event":"ReceiveText", "From":"$cmdr_decorate:#name=Malactus;", "From_Localised":"CMDR Malactus", "Message":"aww, it doesnt got the ding" }
{ "timestamp":"2016-09-20T13:47:01Z", "event":"FSDJump", "StarSystem":"Eravarenth", "StarPos":[66.844,21.844,27.469], "Allegiance":"Federation", "Economy":"$economy_Refinery;", "Economy_Localised":"Refinery", "Government":"$government_Confederacy;", "Government_Localised":"Confederacy", "Security":"$SYSTEM_SECURITY_medium;", "Security_Localised":"Medium Security", "JumpDist":11.913, "FuelUsed":6.444562, "FuelLevel":25.555439, "Faction":"Eravarenth Alliance" }
{ "timestamp":"2016-09-20T13:47:28Z", "event":"Scan", "BodyName":"Eravarenth A", "DistanceFromArrivalLS":0.000000, "StarType":"K", "StellarMass":0.597656, "Radius":526252032.000000, "AbsoluteMagnitude":6.885925, "OrbitalPeriod":62265942016.000000, "RotationPeriod":333759.500000 }
{ "timestamp":"2016-09-20T13:47:58Z", "event":"Screenshot", "Filename":"\\ED_Pictures\\Screenshot_0000.bmp", "Width":3840, "Height":2160, "System":"Eravarenth", "Body":"Eravarenth A" }
{ "timestamp":"2016-09-20T14:05:10Z", "event":"LoadGame", "Commander":"McDonald", "Ship":"Federation_Corvette", "ShipID":38, "GameMode":"Open", "Credits":422764281, "Loan":0 }
{ "timestamp":"2016-09-20T14:05:10Z", "event":"Rank", "Combat":7, "Trade":7, "Explore":5, "Empire":13, "Federation":10, "CQC":1 }
{ "timestamp":"2016-09-20T14:05:10Z", "event":"Progress", "Combat":29, "Trade":47, "Explore":83, "Empire":9, "Federation":92, "CQC":73 }
{ "timestamp":"2016-09-20T14:05:28Z", "event":"Location", "StarSystem":"Eravarenth", "StarPos":[66.844,21.844,27.469], "Allegiance":"Federation", "Economy":"$economy_Refinery;", "Economy_Localised":"Refinery", "Government":"$government_Confederacy;", "Government_Localised":"Confederacy", "Security":"$SYSTEM_SECURITY_medium;", "Security_Localised":"Medium Security", "Faction":"Eravarenth Alliance" }
