{ "timestamp":"2016-09-20T19:09:46Z", "event":"Fileheader", "part":1, "language":"English\\UK", "gameversion":"2.2 (Beta 2)", "build":"r121783/r0 " }
{ "timestamp":"2016-09-20T19:10:23Z", "event":"LoadGame", "Commander":"Lucienn", "Ship":"Hauler", "ShipID":57, "GameMode":"Open", "Credits":523974783, "Loan":0 }
{ "timestamp":"2016-09-20T19:10:23Z", "event":"Rank", "Combat":5, "Trade":6, "Explore":7, "Empire":2, "Federation":6, "CQC":0 }
{ "timestamp":"2016-09-20T19:10:23Z", "event":"Progress", "Combat":88, "Trade":60, "Explore":48, "Empire":80, "Federation":58, "CQC":55 }
{ "timestamp":"2016-09-20T19:10:45Z", "event":"Location", "StarSystem":"Shui Wei Sector GH-U b3-7", "StarPos":[64.844,-49.969,22.313], "Allegiance":"", "Economy":"$economy_None;", "Economy_Localised":"None", "Government":"$government_None;", "Government_Localised":"None", "Security":"$SYSTEM_SECURITY_low;", "Security_Localised":"Low Security" }
{ "timestamp":"2016-09-20T19:16:56Z", "event":"LoadGame", "Commander":"Lucienn", "Ship":"Hauler", "ShipID":57, "GameMode":"Open", "Credits":523974783, "Loan":0 }
{ "timestamp":"2016-09-20T19:16:56Z", "event":"Rank", "Combat":5, "Trade":6, "Explore":7, "Empire":2, "Federation":6, "CQC":0 }
{ "timestamp":"2016-09-20T19:16:56Z", "event":"Progress", "Combat":88, "Trade":60, "Explore":48, "Empire":80, "Federation":58, "CQC":55 }
{ "timestamp":"2016-09-20T19:19:20Z", "event":"LoadGame", "Commander":"Lucienn", "Ship":"Hauler", "ShipID":57, "GameMode":"Open", "Credits":523974783, "Loan":0 }
{ "timestamp":"2016-09-20T19:19:20Z", "event":"Rank", "Combat":5, "Trade":6, "Explore":7, "Empire":2, "Federation":6, "CQC":0 }
{ "timestamp":"2016-09-20T19:19:20Z", "event":"Progress", "Combat":88, "Trade":60, "Explore":48, "Empire":80, "Federation":58, "CQC":55 }
{ "timestamp":"2016-09-20T19:19:37Z", "event":"Location", "StarSystem":"Shui Wei Sector GH-U b3-7", "StarPos":[64.844,-49.969,22.313], "Allegiance":"", "Economy":"$economy_None;", "Economy_Localised":"None", "Government":"$government_None;", "Government_Localised":"None", "Security":"$SYSTEM_SECURITY_low;", "Security_Localised":"Low Security" }
{ "timestamp":"2016-09-20T19:26:41Z", "event":"LoadGame", "Commander":"Lucienn", "Ship":"Hauler", "ShipID":57, "GameMode":"Open", "Credits":523974783, "Loan":0 }
{ "timestamp":"2016-09-20T19:26:41Z", "event":"Rank", "Combat":5, "Trade":6, "Explore":7, "Empire":2, "Federation":6, "CQC":0 }
{ "timestamp":"2016-09-20T19:26:41Z", "event":"Progress", "Combat":88, "Trade":60, "Explore":48, "Empire":80, "Federation":58, "CQC":55 }
{ "timestamp":"2016-09-20T19:26:58Z", "event":"Location", "StarSystem":"Shui Wei Sector GH-U b3-7", "StarPos":[64.844,-49.969,22.313], "Allegiance":"", "Economy":"$economy_None;", "Economy_Localised":"None", "Government":"$government_None;", "Government_Localised":"None", "Security":"$SYSTEM_SECURITY_low;", "Security_Localised":"Low Security" }
{ "timestamp":"2016-09-20T19:28:03Z", "event":"FSDJump", "StarSystem":"Seharis", "StarPos":[91.969,-65.406,17.969], "Allegiance":"Empire", "Economy":"$economy_Extraction;", "Economy_Localised":"Extraction", "Government":"$government_Corporate;", "Government_Localised":"Corporate", "Security":"$SYSTEM_SECURITY_low;", "Security_Localised":"Low Security", "JumpDist":31.511, "FuelUsed":0.642591, "FuelLevel":0.257852, "Faction":"Seharis Life Partners", "FactionState":"Boom" }
{ "timestamp":"2016-09-20T19:29:11Z", "event":"LoadGame", "Commander":"Lucienn", "Ship":"Hauler", "ShipID":57, "GameMode":"Open", "Credits":523974783, "Loan":0 }
{ "timestamp":"2016-09-20T19:29:11Z", "event":"Rank", "Combat":5, "Trade":6, "Explore":7, "Empire":2, "Federation":6, "CQC":0 }
{ "timestamp":"2016-09-20T19:29:11Z", "event":"Progress", "Combat":88, "Trade":60, "Explore":48, "Empire":80, "Federation":58, "CQC":55 }
{ "timestamp":"2016-09-20T19:29:31Z", "event":"Location", "StarSystem":"Seharis", "StarPos":[91.969,-65.406,17.969], "Allegiance":"Empire", "Economy":"$economy_Extraction;", "Economy_Localised":"Extraction", "Government":"$government_Corporate;", "Government_Localised":"Corporate", "Security":"$SYSTEM_SECURITY_low;", "Security_Localised":"Low Security", "Faction":"Seharis Life Partners", "FactionState":"Boom" }
{ "timestamp":"2016-09-20T19:30:57Z", "event":"FSDJump", "StarSystem":"Albangait", "StarPos":[96.781,-63.625,20.719], "Allegiance":"Empire", "Economy":"$economy_Industrial;", "Economy_Localised":"Industrial", "Government":"$government_Corporate;", "Government_Localised":"Corporate", "Security":"$SYSTEM_SECURITY_medium;", "Security_Localised":"Medium Security", "JumpDist":5.822, "FuelUsed":0.020607, "FuelLevel":0.237244, "Faction":"Albangait Creative Network" }
{ "timestamp":"2016-09-20T20:12:53Z", "event":"LoadGame", "Commander":"Lucienn", "Ship":"Hauler", "ShipID":57, "GameMode":"Open", "Credits":523974783, "Loan":0 }
{ "timestamp":"2016-09-20T20:12:53Z", "event":"Rank", "Combat":5, "Trade":6, "Explore":7, "Empire":2, "Federation":6, "CQC":0 }
{ "timestamp":"2016-09-20T20:12:53Z", "event":"Progress", "Combat":88, "Trade":60, "Explore":48, "Empire":80, "Federation":58, "CQC":55 }
{ "timestamp":"2016-09-20T20:13:11Z", "event":"Location", "StarSystem":"Albangait", "StarPos":[96.781,-63.625,20.719], "Allegiance":"Empire", "Economy":"$economy_Industrial;", "Economy_Localised":"Industrial", "Government":"$government_Corporate;", "Government_Localised":"Corporate", "Security":"$SYSTEM_SECURITY_medium;", "Security_Localised":"Medium Security", "Faction":"Albangait Creative Network" }
{ "timestamp":"2016-09-20T20:20:17Z", "event":"SupercruiseEntry", "StarSystem":"Albangait" }
{ "timestamp":"2016-09-20T20:23:04Z", "event":"SupercruiseExit", "StarSystem":"Albangait", "Body":"Lee Orbital" }
{ "timestamp":"2016-09-20T20:23:13Z", "event":"DockingRequested", "StationName":"Lee Orbital" }
{ "timestamp":"2016-09-20T20:23:15Z", "event":"DockingGranted", "LandingPad":42, "StationName":"Lee Orbital" }
{ "timestamp":"2016-09-20T20:23:59Z", "event":"Docked", "StationName":"Lee Orbital", "StationType":"Coriolis", "StarSystem":"Albangait", "Faction":"Albangait Creative Network", "Allegiance":"Empire", "Economy":"$economy_Industrial;", "Economy_Localised":"Industrial", "Government":"$government_Corporate;", "Government_Localised":"Corporate", "Security":"$SYSTEM_SECURITY_medium;", "Security_Localised":"Medium Security" }
{ "timestamp":"2016-09-20T20:24:18Z", "event":"RefuelAll", "Cost":197, "Amount":3.919330 }
{ "timestamp":"2016-09-20T20:24:46Z", "event":"Undocked", "StationName":"Lee Orbital", "StationType":"Coriolis" }
{ "timestamp":"2016-09-20T20:30:12Z", "event":"LoadGame", "Commander":"Lucienn", "Ship":"Hauler", "ShipID":57, "GameMode":"Open", "Credits":523974586, "Loan":0 }
{ "timestamp":"2016-09-20T20:30:12Z", "event":"Rank", "Combat":5, "Trade":6, "Explore":7, "Empire":2, "Federation":6, "CQC":0 }
{ "timestamp":"2016-09-20T20:30:12Z", "event":"Progress", "Combat":88, "Trade":60, "Explore":48, "Empire":80, "Federation":58, "CQC":55 }
{ "timestamp":"2016-09-20T20:30:31Z", "event":"Location", "Docked":1, "StationName":"Lee Orbital", "StationType":"Coriolis", "StarSystem":"Albangait", "StarPos":[96.781,-63.625,20.719], "Allegiance":"Empire", "Economy":"$economy_Industrial;", "Economy_Localised":"Industrial", "Government":"$government_Corporate;", "Government_Localised":"Corporate", "Security":"$SYSTEM_SECURITY_medium;", "Security_Localised":"Medium Security", "Faction":"Albangait Creative Network" }
{ "timestamp":"2016-09-20T20:30:32Z", "event":"Docked", "StationName":"Lee Orbital", "StationType":"Coriolis", "StarSystem":"Albangait", "Faction":"Albangait Creative Network", "Allegiance":"Empire", "Economy":"$economy_Industrial;", "Economy_Localised":"Industrial", "Government":"$government_Corporate;", "Government_Localised":"Corporate", "Security":"$SYSTEM_SECURITY_medium;", "Security_Localised":"Medium Security" }
{ "timestamp":"2016-09-20T20:31:09Z", "event":"Undocked", "StationName":"Lee Orbital", "StationType":"Coriolis" }
{ "timestamp":"2016-09-20T20:31:58Z", "event":"SupercruiseEntry", "StarSystem":"Albangait" }
{ "timestamp":"2016-09-20T20:32:43Z", "event":"FSDJump", "StarSystem":"Giryampi", "StarPos":[121.969,-78.969,11.031], "Allegiance":"Empire", "Economy":"$economy_HighTech;", "Economy_Localised":"High tech", "Government":"$government_Corporate;", "Government_Localised":"Corporate", "Security":"$SYSTEM_SECURITY_high;", "Security_Localised":"High Security", "JumpDist":31.043, "FuelUsed":0.822348, "FuelLevel":3.177652, "Faction":"Giryampi Network" }
{ "timestamp":"2016-09-20T20:37:12Z", "event":"FSDJump", "StarSystem":"Col 285 Sector CA-W b16-5", "StarPos":[146.000,-94.531,-1.469], "Allegiance":"", "Economy":"$economy_None;", "Economy_Localised":"None", "Government":"$government_None;", "Government_Localised":"None", "Security":"$SYSTEM_SECURITY_low;", "Security_Localised":"Low Security", "JumpDist":31.240, "FuelUsed":0.776711, "FuelLevel":2.400942 }
{ "timestamp":"2016-09-20T20:40:59Z", "event":"FSDJump", "StarSystem":"Brestla", "StarPos":[159.469,-103.750,-19.688], "Allegiance":"Empire", "Economy":"$economy_HighTech;", "Economy_Localised":"High tech", "Government":"$government_Dictatorship;", "Government_Localised":"Dictatorship", "Security":"$SYSTEM_SECURITY_medium;", "Security_Localised":"Medium Security", "JumpDist":24.460, "FuelUsed":0.444794, "FuelLevel":1.956148, "Faction":"The Imperial Inquisition", "FactionState":"Boom" }
{ "timestamp":"2016-09-20T20:43:16Z", "event":"SupercruiseExit", "StarSystem":"Brestla", "Body":"Roed Odegaard Port" }
{ "timestamp":"2016-09-20T20:43:33Z", "event":"DockingRequested", "StationName":"Roed Odegaard Port" }
{ "timestamp":"2016-09-20T20:43:35Z", "event":"DockingGranted", "LandingPad":1, "StationName":"Roed Odegaard Port" }
{ "timestamp":"2016-09-20T20:44:13Z", "event":"Docked", "StationName":"Roed Odegaard Port", "StationType":"Coriolis", "StarSystem":"Brestla", "Faction":"The Imperial Inquisition", "FactionState":"Boom", "Allegiance":"Empire", "Economy":"$economy_HighTech;", "Economy_Localised":"High tech", "Government":"$government_Dictatorship;", "Government_Localised":"Dictatorship", "Security":"$SYSTEM_SECURITY_medium;", "Security_Localised":"Medium Security" }
{ "timestamp":"2016-09-20T20:44:24Z", "event":"RefuelAll", "Cost":112, "Amount":2.219251 }
{ "timestamp":"2016-09-20T20:44:26Z", "event":"RepairAll", "Cost":60 }
{ "timestamp":"2016-09-20T20:46:09Z", "event":"Undocked", "StationName":"Roed Odegaard Port", "StationType":"Coriolis" }
